build (20.x, ubuntu-22.04)	Set up job	ï»¿2026-02-02T03:56:22.5667264Z Current runner version: '2.331.0'
build (20.x, ubuntu-22.04)	Set up job	2026-02-02T03:56:22.5694405Z ##[group]Runner Image Provisioner
build (20.x, ubuntu-22.04)	Set up job	2026-02-02T03:56:22.5695252Z Hosted Compute Agent
build (20.x, ubuntu-22.04)	Set up job	2026-02-02T03:56:22.5695893Z Version: 20260123.484
build (20.x, ubuntu-22.04)	Set up job	2026-02-02T03:56:22.5696481Z Commit: 6bd6555ca37d84114959e1c76d2c01448ff61c5d
build (20.x, ubuntu-22.04)	Set up job	2026-02-02T03:56:22.5697182Z Build Date: 2026-01-23T19:41:17Z
build (20.x, ubuntu-22.04)	Set up job	2026-02-02T03:56:22.5697846Z Worker ID: {828e72f1-2cf9-49bc-845c-5fdfbf59f6ff}
build (20.x, ubuntu-22.04)	Set up job	2026-02-02T03:56:22.5698573Z Azure Region: westus
build (20.x, ubuntu-22.04)	Set up job	2026-02-02T03:56:22.5699076Z ##[endgroup]
build (20.x, ubuntu-22.04)	Set up job	2026-02-02T03:56:22.5700569Z ##[group]Operating System
build (20.x, ubuntu-22.04)	Set up job	2026-02-02T03:56:22.5701195Z Ubuntu
build (20.x, ubuntu-22.04)	Set up job	2026-02-02T03:56:22.5701667Z 22.04.5
build (20.x, ubuntu-22.04)	Set up job	2026-02-02T03:56:22.5702073Z LTS
build (20.x, ubuntu-22.04)	Set up job	2026-02-02T03:56:22.5702611Z ##[endgroup]
build (20.x, ubuntu-22.04)	Set up job	2026-02-02T03:56:22.5703101Z ##[group]Runner Image
build (20.x, ubuntu-22.04)	Set up job	2026-02-02T03:56:22.5703582Z Image: ubuntu-22.04
build (20.x, ubuntu-22.04)	Set up job	2026-02-02T03:56:22.5704351Z Version: 20260126.19.1
build (20.x, ubuntu-22.04)	Set up job	2026-02-02T03:56:22.5705307Z Included Software: https://github.com/actions/runner-images/blob/ubuntu22/20260126.19/images/ubuntu/Ubuntu2204-Readme.md
build (20.x, ubuntu-22.04)	Set up job	2026-02-02T03:56:22.5706985Z Image Release: https://github.com/actions/runner-images/releases/tag/ubuntu22%2F20260126.19
build (20.x, ubuntu-22.04)	Set up job	2026-02-02T03:56:22.5707879Z ##[endgroup]
build (20.x, ubuntu-22.04)	Set up job	2026-02-02T03:56:22.5710767Z ##[group]GITHUB_TOKEN Permissions
build (20.x, ubuntu-22.04)	Set up job	2026-02-02T03:56:22.5712984Z Actions: write
build (20.x, ubuntu-22.04)	Set up job	2026-02-02T03:56:22.5713555Z ArtifactMetadata: write
build (20.x, ubuntu-22.04)	Set up job	2026-02-02T03:56:22.5714335Z Attestations: write
build (20.x, ubuntu-22.04)	Set up job	2026-02-02T03:56:22.5714863Z Checks: write
build (20.x, ubuntu-22.04)	Set up job	2026-02-02T03:56:22.5715318Z Contents: write
build (20.x, ubuntu-22.04)	Set up job	2026-02-02T03:56:22.5715876Z Deployments: write
build (20.x, ubuntu-22.04)	Set up job	2026-02-02T03:56:22.5716377Z Discussions: write
build (20.x, ubuntu-22.04)	Set up job	2026-02-02T03:56:22.5716872Z Issues: write
build (20.x, ubuntu-22.04)	Set up job	2026-02-02T03:56:22.5717352Z Metadata: read
build (20.x, ubuntu-22.04)	Set up job	2026-02-02T03:56:22.5717873Z Models: read
build (20.x, ubuntu-22.04)	Set up job	2026-02-02T03:56:22.5718354Z Packages: write
build (20.x, ubuntu-22.04)	Set up job	2026-02-02T03:56:22.5718855Z Pages: write
build (20.x, ubuntu-22.04)	Set up job	2026-02-02T03:56:22.5719478Z PullRequests: write
build (20.x, ubuntu-22.04)	Set up job	2026-02-02T03:56:22.5719968Z RepositoryProjects: write
build (20.x, ubuntu-22.04)	Set up job	2026-02-02T03:56:22.5720564Z SecurityEvents: write
build (20.x, ubuntu-22.04)	Set up job	2026-02-02T03:56:22.5721092Z Statuses: write
build (20.x, ubuntu-22.04)	Set up job	2026-02-02T03:56:22.5721586Z ##[endgroup]
build (20.x, ubuntu-22.04)	Set up job	2026-02-02T03:56:22.5723973Z Secret source: Actions
build (20.x, ubuntu-22.04)	Set up job	2026-02-02T03:56:22.5724933Z Prepare workflow directory
build (20.x, ubuntu-22.04)	Set up job	2026-02-02T03:56:22.6048311Z Prepare all required actions
build (20.x, ubuntu-22.04)	Set up job	2026-02-02T03:56:22.6089049Z Getting action download info
build (20.x, ubuntu-22.04)	Set up job	2026-02-02T03:56:23.1716584Z Download action repository 'actions/checkout@v4' (SHA:34e114876b0b11c390a56381ad16ebd13914f8d5)
build (20.x, ubuntu-22.04)	Set up job	2026-02-02T03:56:23.3845155Z Download action repository 'actions-rust-lang/setup-rust-toolchain@v1' (SHA:1780873c7b576612439a134613cc4cc74ce5538c)
build (20.x, ubuntu-22.04)	Set up job	2026-02-02T03:56:24.0279376Z Download action repository 'actions/setup-node@v4' (SHA:49933ea5288caeca8642d1e84afbd3f7d6820020)
build (20.x, ubuntu-22.04)	Set up job	2026-02-02T03:56:24.1755356Z Download action repository 'pnpm/action-setup@v4' (SHA:41ff72655975bd51cab0327fa583b6e92b6d3061)
build (20.x, ubuntu-22.04)	Set up job	2026-02-02T03:56:25.3215309Z Download action repository 'actions/upload-artifact@v4' (SHA:ea165f8d65b6e75b540449e92b4886f43607fa02)
build (20.x, ubuntu-22.04)	Set up job	2026-02-02T03:56:25.4831447Z Download action repository 'softprops/action-gh-release@v1' (SHA:de2c0eb89ae2a093876385947365aca7b0e5f844)
build (20.x, ubuntu-22.04)	Set up job	2026-02-02T03:56:26.4785820Z Getting action download info
build (20.x, ubuntu-22.04)	Set up job	2026-02-02T03:56:26.6495802Z Download action repository 'Swatinem/rust-cache@f13886b937689c021905a6b90929199931d60db1' (SHA:f13886b937689c021905a6b90929199931d60db1)
build (20.x, ubuntu-22.04)	Set up job	2026-02-02T03:56:27.8914210Z Complete job name: build (20.x, ubuntu-22.04)
build (20.x, ubuntu-22.04)	Run actions/checkout@v4	ï»¿2026-02-02T03:56:27.9539281Z ##[group]Run actions/checkout@v4
build (20.x, ubuntu-22.04)	Run actions/checkout@v4	2026-02-02T03:56:27.9539908Z with:
build (20.x, ubuntu-22.04)	Run actions/checkout@v4	2026-02-02T03:56:27.9540127Z   repository: officebeats/open-tv
build (20.x, ubuntu-22.04)	Run actions/checkout@v4	2026-02-02T03:56:27.9540556Z   token: ***
build (20.x, ubuntu-22.04)	Run actions/checkout@v4	2026-02-02T03:56:27.9540745Z   ssh-strict: true
build (20.x, ubuntu-22.04)	Run actions/checkout@v4	2026-02-02T03:56:27.9540924Z   ssh-user: git
build (20.x, ubuntu-22.04)	Run actions/checkout@v4	2026-02-02T03:56:27.9541135Z   persist-credentials: true
build (20.x, ubuntu-22.04)	Run actions/checkout@v4	2026-02-02T03:56:27.9541347Z   clean: true
build (20.x, ubuntu-22.04)	Run actions/checkout@v4	2026-02-02T03:56:27.9541542Z   sparse-checkout-cone-mode: true
build (20.x, ubuntu-22.04)	Run actions/checkout@v4	2026-02-02T03:56:27.9541777Z   fetch-depth: 1
build (20.x, ubuntu-22.04)	Run actions/checkout@v4	2026-02-02T03:56:27.9541961Z   fetch-tags: false
build (20.x, ubuntu-22.04)	Run actions/checkout@v4	2026-02-02T03:56:27.9542142Z   show-progress: true
build (20.x, ubuntu-22.04)	Run actions/checkout@v4	2026-02-02T03:56:27.9542333Z   lfs: false
build (20.x, ubuntu-22.04)	Run actions/checkout@v4	2026-02-02T03:56:27.9542501Z   submodules: false
build (20.x, ubuntu-22.04)	Run actions/checkout@v4	2026-02-02T03:56:27.9542691Z   set-safe-directory: true
build (20.x, ubuntu-22.04)	Run actions/checkout@v4	2026-02-02T03:56:27.9543454Z ##[endgroup]
build (20.x, ubuntu-22.04)	Run actions/checkout@v4	2026-02-02T03:56:28.0628251Z Syncing repository: officebeats/open-tv
build (20.x, ubuntu-22.04)	Run actions/checkout@v4	2026-02-02T03:56:28.0629636Z ##[group]Getting Git version info
build (20.x, ubuntu-22.04)	Run actions/checkout@v4	2026-02-02T03:56:28.0630063Z Working directory is '/home/runner/work/open-tv/open-tv'
build (20.x, ubuntu-22.04)	Run actions/checkout@v4	2026-02-02T03:56:28.0630603Z [command]/usr/bin/git version
build (20.x, ubuntu-22.04)	Run actions/checkout@v4	2026-02-02T03:56:28.0809526Z git version 2.52.0
build (20.x, ubuntu-22.04)	Run actions/checkout@v4	2026-02-02T03:56:28.0836491Z ##[endgroup]
build (20.x, ubuntu-22.04)	Run actions/checkout@v4	2026-02-02T03:56:28.0850363Z Temporarily overriding HOME='/home/runner/work/_temp/5c1c534e-74af-4d4f-97c5-9cb939b512da' before making global git config changes
build (20.x, ubuntu-22.04)	Run actions/checkout@v4	2026-02-02T03:56:28.0855904Z Adding repository directory to the temporary git global config as a safe directory
build (20.x, ubuntu-22.04)	Run actions/checkout@v4	2026-02-02T03:56:28.0856847Z [command]/usr/bin/git config --global --add safe.directory /home/runner/work/open-tv/open-tv
build (20.x, ubuntu-22.04)	Run actions/checkout@v4	2026-02-02T03:56:28.0890066Z Deleting the contents of '/home/runner/work/open-tv/open-tv'
build (20.x, ubuntu-22.04)	Run actions/checkout@v4	2026-02-02T03:56:28.0893532Z ##[group]Initializing the repository
build (20.x, ubuntu-22.04)	Run actions/checkout@v4	2026-02-02T03:56:28.0897778Z [command]/usr/bin/git init /home/runner/work/open-tv/open-tv
build (20.x, ubuntu-22.04)	Run actions/checkout@v4	2026-02-02T03:56:28.1015491Z hint: Using 'master' as the name for the initial branch. This default branch name
build (20.x, ubuntu-22.04)	Run actions/checkout@v4	2026-02-02T03:56:28.1016331Z hint: will change to "main" in Git 3.0. To configure the initial branch name
build (20.x, ubuntu-22.04)	Run actions/checkout@v4	2026-02-02T03:56:28.1016908Z hint: to use in all of your new repositories, which will suppress this warning,
build (20.x, ubuntu-22.04)	Run actions/checkout@v4	2026-02-02T03:56:28.1017338Z hint: call:
build (20.x, ubuntu-22.04)	Run actions/checkout@v4	2026-02-02T03:56:28.1017519Z hint:
build (20.x, ubuntu-22.04)	Run actions/checkout@v4	2026-02-02T03:56:28.1017794Z hint: 	git config --global init.defaultBranch <name>
build (20.x, ubuntu-22.04)	Run actions/checkout@v4	2026-02-02T03:56:28.1018115Z hint:
build (20.x, ubuntu-22.04)	Run actions/checkout@v4	2026-02-02T03:56:28.1018419Z hint: Names commonly chosen instead of 'master' are 'main', 'trunk' and
build (20.x, ubuntu-22.04)	Run actions/checkout@v4	2026-02-02T03:56:28.1018963Z hint: 'development'. The just-created branch can be renamed via this command:
build (20.x, ubuntu-22.04)	Run actions/checkout@v4	2026-02-02T03:56:28.1019365Z hint:
build (20.x, ubuntu-22.04)	Run actions/checkout@v4	2026-02-02T03:56:28.1019684Z hint: 	git branch -m <name>
build (20.x, ubuntu-22.04)	Run actions/checkout@v4	2026-02-02T03:56:28.1020081Z hint:
build (20.x, ubuntu-22.04)	Run actions/checkout@v4	2026-02-02T03:56:28.1020684Z hint: Disable this message with "git config set advice.defaultBranchName false"
build (20.x, ubuntu-22.04)	Run actions/checkout@v4	2026-02-02T03:56:28.1021696Z Initialized empty Git repository in /home/runner/work/open-tv/open-tv/.git/
build (20.x, ubuntu-22.04)	Run actions/checkout@v4	2026-02-02T03:56:28.1033930Z [command]/usr/bin/git remote add origin https://github.com/officebeats/open-tv
build (20.x, ubuntu-22.04)	Run actions/checkout@v4	2026-02-02T03:56:28.1070509Z ##[endgroup]
build (20.x, ubuntu-22.04)	Run actions/checkout@v4	2026-02-02T03:56:28.1071140Z ##[group]Disabling automatic garbage collection
build (20.x, ubuntu-22.04)	Run actions/checkout@v4	2026-02-02T03:56:28.1075817Z [command]/usr/bin/git config --local gc.auto 0
build (20.x, ubuntu-22.04)	Run actions/checkout@v4	2026-02-02T03:56:28.1104078Z ##[endgroup]
build (20.x, ubuntu-22.04)	Run actions/checkout@v4	2026-02-02T03:56:28.1104701Z ##[group]Setting up auth
build (20.x, ubuntu-22.04)	Run actions/checkout@v4	2026-02-02T03:56:28.1111786Z [command]/usr/bin/git config --local --name-only --get-regexp core\.sshCommand
build (20.x, ubuntu-22.04)	Run actions/checkout@v4	2026-02-02T03:56:28.1142375Z [command]/usr/bin/git submodule foreach --recursive sh -c "git config --local --name-only --get-regexp 'core\.sshCommand' && git config --local --unset-all 'core.sshCommand' || :"
build (20.x, ubuntu-22.04)	Run actions/checkout@v4	2026-02-02T03:56:28.1507502Z [command]/usr/bin/git config --local --name-only --get-regexp http\.https\:\/\/github\.com\/\.extraheader
build (20.x, ubuntu-22.04)	Run actions/checkout@v4	2026-02-02T03:56:28.1536346Z [command]/usr/bin/git submodule foreach --recursive sh -c "git config --local --name-only --get-regexp 'http\.https\:\/\/github\.com\/\.extraheader' && git config --local --unset-all 'http.https://github.com/.extraheader' || :"
build (20.x, ubuntu-22.04)	Run actions/checkout@v4	2026-02-02T03:56:28.1760905Z [command]/usr/bin/git config --local --name-only --get-regexp ^includeIf\.gitdir:
build (20.x, ubuntu-22.04)	Run actions/checkout@v4	2026-02-02T03:56:28.1799764Z [command]/usr/bin/git submodule foreach --recursive git config --local --show-origin --name-only --get-regexp remote.origin.url
build (20.x, ubuntu-22.04)	Run actions/checkout@v4	2026-02-02T03:56:28.2027960Z [command]/usr/bin/git config --local http.https://github.com/.extraheader AUTHORIZATION: basic ***
build (20.x, ubuntu-22.04)	Run actions/checkout@v4	2026-02-02T03:56:28.2061330Z ##[endgroup]
build (20.x, ubuntu-22.04)	Run actions/checkout@v4	2026-02-02T03:56:28.2061920Z ##[group]Fetching the repository
build (20.x, ubuntu-22.04)	Run actions/checkout@v4	2026-02-02T03:56:28.2070094Z [command]/usr/bin/git -c protocol.version=2 fetch --no-tags --prune --no-recurse-submodules --depth=1 origin +c7237005f7d8123e6bca1805a0dbbf3a752505db:refs/remotes/origin/main
build (20.x, ubuntu-22.04)	Run actions/checkout@v4	2026-02-02T03:56:29.5453509Z From https://github.com/officebeats/open-tv
build (20.x, ubuntu-22.04)	Run actions/checkout@v4	2026-02-02T03:56:29.5455887Z  * [new ref]         c7237005f7d8123e6bca1805a0dbbf3a752505db -> origin/main
build (20.x, ubuntu-22.04)	Run actions/checkout@v4	2026-02-02T03:56:29.5530033Z ##[endgroup]
build (20.x, ubuntu-22.04)	Run actions/checkout@v4	2026-02-02T03:56:29.5530727Z ##[group]Determining the checkout info
build (20.x, ubuntu-22.04)	Run actions/checkout@v4	2026-02-02T03:56:29.5532086Z ##[endgroup]
build (20.x, ubuntu-22.04)	Run actions/checkout@v4	2026-02-02T03:56:29.5537392Z [command]/usr/bin/git sparse-checkout disable
build (20.x, ubuntu-22.04)	Run actions/checkout@v4	2026-02-02T03:56:29.5583046Z [command]/usr/bin/git config --local --unset-all extensions.worktreeConfig
build (20.x, ubuntu-22.04)	Run actions/checkout@v4	2026-02-02T03:56:29.5609361Z ##[group]Checking out the ref
build (20.x, ubuntu-22.04)	Run actions/checkout@v4	2026-02-02T03:56:29.5613200Z [command]/usr/bin/git checkout --progress --force -B main refs/remotes/origin/main
build (20.x, ubuntu-22.04)	Run actions/checkout@v4	2026-02-02T03:56:29.6164451Z Switched to a new branch 'main'
build (20.x, ubuntu-22.04)	Run actions/checkout@v4	2026-02-02T03:56:29.6165081Z branch 'main' set up to track 'origin/main'.
build (20.x, ubuntu-22.04)	Run actions/checkout@v4	2026-02-02T03:56:29.6176887Z ##[endgroup]
build (20.x, ubuntu-22.04)	Run actions/checkout@v4	2026-02-02T03:56:29.6217540Z [command]/usr/bin/git log -1 --format=%H
build (20.x, ubuntu-22.04)	Run actions/checkout@v4	2026-02-02T03:56:29.6241546Z c7237005f7d8123e6bca1805a0dbbf3a752505db
build (20.x, ubuntu-22.04)	Run actions-rust-lang/setup-rust-toolchain@v1	ï»¿2026-02-02T03:56:29.6598459Z ##[group]Run actions-rust-lang/setup-rust-toolchain@v1
build (20.x, ubuntu-22.04)	Run actions-rust-lang/setup-rust-toolchain@v1	2026-02-02T03:56:29.6598872Z with:
build (20.x, ubuntu-22.04)	Run actions-rust-lang/setup-rust-toolchain@v1	2026-02-02T03:56:29.6599070Z   cache-workspaces: src-tauri -> target
build (20.x, ubuntu-22.04)	Run actions-rust-lang/setup-rust-toolchain@v1	2026-02-02T03:56:29.6599344Z   cache: true
build (20.x, ubuntu-22.04)	Run actions-rust-lang/setup-rust-toolchain@v1	2026-02-02T03:56:29.6599525Z   cache-on-failure: true
build (20.x, ubuntu-22.04)	Run actions-rust-lang/setup-rust-toolchain@v1	2026-02-02T03:56:29.6599734Z   cache-bin: true
build (20.x, ubuntu-22.04)	Run actions-rust-lang/setup-rust-toolchain@v1	2026-02-02T03:56:29.6599927Z   cache-provider: github
build (20.x, ubuntu-22.04)	Run actions-rust-lang/setup-rust-toolchain@v1	2026-02-02T03:56:29.6600137Z   cache-all-crates: false
build (20.x, ubuntu-22.04)	Run actions-rust-lang/setup-rust-toolchain@v1	2026-02-02T03:56:29.6600361Z   cache-workspace-crates: false
build (20.x, ubuntu-22.04)	Run actions-rust-lang/setup-rust-toolchain@v1	2026-02-02T03:56:29.6600579Z   matcher: true
build (20.x, ubuntu-22.04)	Run actions-rust-lang/setup-rust-toolchain@v1	2026-02-02T03:56:29.6600762Z   rustflags: -D warnings
build (20.x, ubuntu-22.04)	Run actions-rust-lang/setup-rust-toolchain@v1	2026-02-02T03:56:29.6600958Z   override: true
build (20.x, ubuntu-22.04)	Run actions-rust-lang/setup-rust-toolchain@v1	2026-02-02T03:56:29.6601144Z ##[endgroup]
build (20.x, ubuntu-22.04)	Run actions-rust-lang/setup-rust-toolchain@v1	2026-02-02T03:56:29.6710076Z ##[group]Run : construct rustup command line
build (20.x, ubuntu-22.04)	Run actions-rust-lang/setup-rust-toolchain@v1	2026-02-02T03:56:29.6710475Z [36;1m: construct rustup command line[0m
build (20.x, ubuntu-22.04)	Run actions-rust-lang/setup-rust-toolchain@v1	2026-02-02T03:56:29.6710972Z [36;1mecho "targets=$(for t in ${targets//,/ }; do echo -n ' --target' $t; done)" >> $GITHUB_OUTPUT[0m
build (20.x, ubuntu-22.04)	Run actions-rust-lang/setup-rust-toolchain@v1	2026-02-02T03:56:29.6711661Z [36;1mecho "components=$(for c in ${components//,/ }; do echo -n ' --component' $c; done)" >> $GITHUB_OUTPUT[0m
build (20.x, ubuntu-22.04)	Run actions-rust-lang/setup-rust-toolchain@v1	2026-02-02T03:56:29.6712180Z [36;1mecho "downgrade=" >> $GITHUB_OUTPUT[0m
build (20.x, ubuntu-22.04)	Run actions-rust-lang/setup-rust-toolchain@v1	2026-02-02T03:56:29.6801424Z shell: /usr/bin/bash --noprofile --norc -e -o pipefail {0}
build (20.x, ubuntu-22.04)	Run actions-rust-lang/setup-rust-toolchain@v1	2026-02-02T03:56:29.6801811Z env:
build (20.x, ubuntu-22.04)	Run actions-rust-lang/setup-rust-toolchain@v1	2026-02-02T03:56:29.6801978Z   targets: 
build (20.x, ubuntu-22.04)	Run actions-rust-lang/setup-rust-toolchain@v1	2026-02-02T03:56:29.6802159Z   components: 
build (20.x, ubuntu-22.04)	Run actions-rust-lang/setup-rust-toolchain@v1	2026-02-02T03:56:29.6802335Z ##[endgroup]
build (20.x, ubuntu-22.04)	Run actions-rust-lang/setup-rust-toolchain@v1	2026-02-02T03:56:29.6955625Z ##[group]Run if [[ ! -v CARGO_INCREMENTAL ]]; then
build (20.x, ubuntu-22.04)	Run actions-rust-lang/setup-rust-toolchain@v1	2026-02-02T03:56:29.6956015Z [36;1mif [[ ! -v CARGO_INCREMENTAL ]]; then[0m
build (20.x, ubuntu-22.04)	Run actions-rust-lang/setup-rust-toolchain@v1	2026-02-02T03:56:29.6956321Z [36;1m  echo "CARGO_INCREMENTAL=0" >> $GITHUB_ENV[0m
build (20.x, ubuntu-22.04)	Run actions-rust-lang/setup-rust-toolchain@v1	2026-02-02T03:56:29.6956583Z [36;1mfi[0m
build (20.x, ubuntu-22.04)	Run actions-rust-lang/setup-rust-toolchain@v1	2026-02-02T03:56:29.6956797Z [36;1mif [[ ! -v CARGO_PROFILE_DEV_DEBUG ]]; then[0m
build (20.x, ubuntu-22.04)	Run actions-rust-lang/setup-rust-toolchain@v1	2026-02-02T03:56:29.6957135Z [36;1m  echo "CARGO_PROFILE_DEV_DEBUG=0" >> $GITHUB_ENV[0m
build (20.x, ubuntu-22.04)	Run actions-rust-lang/setup-rust-toolchain@v1	2026-02-02T03:56:29.6957415Z [36;1mfi[0m
build (20.x, ubuntu-22.04)	Run actions-rust-lang/setup-rust-toolchain@v1	2026-02-02T03:56:29.6957604Z [36;1mif [[ ! -v CARGO_TERM_COLOR ]]; then[0m
build (20.x, ubuntu-22.04)	Run actions-rust-lang/setup-rust-toolchain@v1	2026-02-02T03:56:29.6957918Z [36;1m  echo "CARGO_TERM_COLOR=always" >> $GITHUB_ENV[0m
build (20.x, ubuntu-22.04)	Run actions-rust-lang/setup-rust-toolchain@v1	2026-02-02T03:56:29.6958207Z [36;1mfi[0m
build (20.x, ubuntu-22.04)	Run actions-rust-lang/setup-rust-toolchain@v1	2026-02-02T03:56:29.6958388Z [36;1mif [[ ! -v RUST_BACKTRACE ]]; then[0m
build (20.x, ubuntu-22.04)	Run actions-rust-lang/setup-rust-toolchain@v1	2026-02-02T03:56:29.6958684Z [36;1m  echo "RUST_BACKTRACE=short" >> $GITHUB_ENV[0m
build (20.x, ubuntu-22.04)	Run actions-rust-lang/setup-rust-toolchain@v1	2026-02-02T03:56:29.6958940Z [36;1mfi[0m
build (20.x, ubuntu-22.04)	Run actions-rust-lang/setup-rust-toolchain@v1	2026-02-02T03:56:29.6959179Z [36;1mif [[ ( ! -v RUSTFLAGS ) && $NEW_RUSTFLAGS != "" ]]; then[0m
build (20.x, ubuntu-22.04)	Run actions-rust-lang/setup-rust-toolchain@v1	2026-02-02T03:56:29.6959531Z [36;1m  echo "RUSTFLAGS=$NEW_RUSTFLAGS" >> $GITHUB_ENV[0m
build (20.x, ubuntu-22.04)	Run actions-rust-lang/setup-rust-toolchain@v1	2026-02-02T03:56:29.6959806Z [36;1mfi[0m
build (20.x, ubuntu-22.04)	Run actions-rust-lang/setup-rust-toolchain@v1	2026-02-02T03:56:29.6960007Z [36;1m# Enable faster sparse index on nightly[0m
build (20.x, ubuntu-22.04)	Run actions-rust-lang/setup-rust-toolchain@v1	2026-02-02T03:56:29.6960340Z [36;1m# The value is ignored on stable and causes no problems[0m
build (20.x, ubuntu-22.04)	Run actions-rust-lang/setup-rust-toolchain@v1	2026-02-02T03:56:29.6960839Z [36;1m# https://internals.rust-lang.org/t/call-for-testing-cargo-sparse-registry/16862[0m
build (20.x, ubuntu-22.04)	Run actions-rust-lang/setup-rust-toolchain@v1	2026-02-02T03:56:29.6961336Z [36;1mif [[ ! -v CARGO_UNSTABLE_SPARSE_REGISTRY ]]; then[0m
build (20.x, ubuntu-22.04)	Run actions-rust-lang/setup-rust-toolchain@v1	2026-02-02T03:56:29.6961702Z [36;1m  echo "CARGO_UNSTABLE_SPARSE_REGISTRY=true" >> $GITHUB_ENV[0m
build (20.x, ubuntu-22.04)	Run actions-rust-lang/setup-rust-toolchain@v1	2026-02-02T03:56:29.6962012Z [36;1mfi[0m
build (20.x, ubuntu-22.04)	Run actions-rust-lang/setup-rust-toolchain@v1	2026-02-02T03:56:29.6962243Z [36;1mif [[ ! -v CARGO_REGISTRIES_CRATES_IO_PROTOCOL ]]; then[0m
build (20.x, ubuntu-22.04)	Run actions-rust-lang/setup-rust-toolchain@v1	2026-02-02T03:56:29.6962647Z [36;1m  echo "CARGO_REGISTRIES_CRATES_IO_PROTOCOL=sparse" >> $GITHUB_ENV[0m
build (20.x, ubuntu-22.04)	Run actions-rust-lang/setup-rust-toolchain@v1	2026-02-02T03:56:29.6963156Z [36;1mfi[0m
build (20.x, ubuntu-22.04)	Run actions-rust-lang/setup-rust-toolchain@v1	2026-02-02T03:56:29.7021228Z shell: /usr/bin/bash --noprofile --norc -e -o pipefail {0}
build (20.x, ubuntu-22.04)	Run actions-rust-lang/setup-rust-toolchain@v1	2026-02-02T03:56:29.7021571Z env:
build (20.x, ubuntu-22.04)	Run actions-rust-lang/setup-rust-toolchain@v1	2026-02-02T03:56:29.7021750Z   NEW_RUSTFLAGS: -D warnings
build (20.x, ubuntu-22.04)	Run actions-rust-lang/setup-rust-toolchain@v1	2026-02-02T03:56:29.7021984Z ##[endgroup]
build (20.x, ubuntu-22.04)	Run actions-rust-lang/setup-rust-toolchain@v1	2026-02-02T03:56:29.7119733Z ##[group]Run echo "::add-matcher::/home/runner/work/_actions/actions-rust-lang/setup-rust-toolchain/v1/rust.json"
build (20.x, ubuntu-22.04)	Run actions-rust-lang/setup-rust-toolchain@v1	2026-02-02T03:56:29.7120522Z [36;1mecho "::add-matcher::/home/runner/work/_actions/actions-rust-lang/setup-rust-toolchain/v1/rust.json"[0m
build (20.x, ubuntu-22.04)	Run actions-rust-lang/setup-rust-toolchain@v1	2026-02-02T03:56:29.7174034Z shell: /usr/bin/bash --noprofile --norc -e -o pipefail {0}
build (20.x, ubuntu-22.04)	Run actions-rust-lang/setup-rust-toolchain@v1	2026-02-02T03:56:29.7174368Z env:
build (20.x, ubuntu-22.04)	Run actions-rust-lang/setup-rust-toolchain@v1	2026-02-02T03:56:29.7174543Z   CARGO_INCREMENTAL: 0
build (20.x, ubuntu-22.04)	Run actions-rust-lang/setup-rust-toolchain@v1	2026-02-02T03:56:29.7174754Z   CARGO_PROFILE_DEV_DEBUG: 0
build (20.x, ubuntu-22.04)	Run actions-rust-lang/setup-rust-toolchain@v1	2026-02-02T03:56:29.7174975Z   CARGO_TERM_COLOR: always
build (20.x, ubuntu-22.04)	Run actions-rust-lang/setup-rust-toolchain@v1	2026-02-02T03:56:29.7175400Z   RUST_BACKTRACE: short
build (20.x, ubuntu-22.04)	Run actions-rust-lang/setup-rust-toolchain@v1	2026-02-02T03:56:29.7175602Z   RUSTFLAGS: -D warnings
build (20.x, ubuntu-22.04)	Run actions-rust-lang/setup-rust-toolchain@v1	2026-02-02T03:56:29.7175814Z   CARGO_UNSTABLE_SPARSE_REGISTRY: true
build (20.x, ubuntu-22.04)	Run actions-rust-lang/setup-rust-toolchain@v1	2026-02-02T03:56:29.7176094Z   CARGO_REGISTRIES_CRATES_IO_PROTOCOL: sparse
build (20.x, ubuntu-22.04)	Run actions-rust-lang/setup-rust-toolchain@v1	2026-02-02T03:56:29.7176348Z ##[endgroup]
build (20.x, ubuntu-22.04)	Run actions-rust-lang/setup-rust-toolchain@v1	2026-02-02T03:56:29.7305819Z ##[group]Run if ! command -v rustup &> /dev/null ; then
build (20.x, ubuntu-22.04)	Run actions-rust-lang/setup-rust-toolchain@v1	2026-02-02T03:56:29.7306200Z [36;1mif ! command -v rustup &> /dev/null ; then[0m
build (20.x, ubuntu-22.04)	Run actions-rust-lang/setup-rust-toolchain@v1	2026-02-02T03:56:29.7306863Z [36;1m  curl --proto '=https' --tlsv1.2 --retry 10 --retry-connrefused -fsSL "https://sh.rustup.rs" | sh -s -- --default-toolchain none -y[0m
build (20.x, ubuntu-22.04)	Run actions-rust-lang/setup-rust-toolchain@v1	2026-02-02T03:56:29.7307472Z [36;1m[0m
build (20.x, ubuntu-22.04)	Run actions-rust-lang/setup-rust-toolchain@v1	2026-02-02T03:56:29.7307719Z [36;1m  # Resolve the correct CARGO_HOME path depending on OS[0m
build (20.x, ubuntu-22.04)	Run actions-rust-lang/setup-rust-toolchain@v1	2026-02-02T03:56:29.7308058Z [36;1m  if [[ "$RUNNER_OS" == "Windows" ]]; then[0m
build (20.x, ubuntu-22.04)	Run actions-rust-lang/setup-rust-toolchain@v1	2026-02-02T03:56:29.7308475Z [36;1m    echo "${CARGO_HOME:-$USERPROFILE/.cargo}/bin" | sed 's|/|\\|g' >> $GITHUB_PATH[0m
build (20.x, ubuntu-22.04)	Run actions-rust-lang/setup-rust-toolchain@v1	2026-02-02T03:56:29.7308879Z [36;1m  else[0m
build (20.x, ubuntu-22.04)	Run actions-rust-lang/setup-rust-toolchain@v1	2026-02-02T03:56:29.7309131Z [36;1m    echo "${CARGO_HOME:-$HOME/.cargo}/bin" >> $GITHUB_PATH[0m
build (20.x, ubuntu-22.04)	Run actions-rust-lang/setup-rust-toolchain@v1	2026-02-02T03:56:29.7309427Z [36;1m  fi[0m
build (20.x, ubuntu-22.04)	Run actions-rust-lang/setup-rust-toolchain@v1	2026-02-02T03:56:29.7309598Z [36;1mfi[0m
build (20.x, ubuntu-22.04)	Run actions-rust-lang/setup-rust-toolchain@v1	2026-02-02T03:56:29.7364704Z shell: /usr/bin/bash --noprofile --norc -e -o pipefail {0}
build (20.x, ubuntu-22.04)	Run actions-rust-lang/setup-rust-toolchain@v1	2026-02-02T03:56:29.7365034Z env:
build (20.x, ubuntu-22.04)	Run actions-rust-lang/setup-rust-toolchain@v1	2026-02-02T03:56:29.7365200Z   CARGO_INCREMENTAL: 0
build (20.x, ubuntu-22.04)	Run actions-rust-lang/setup-rust-toolchain@v1	2026-02-02T03:56:29.7365408Z   CARGO_PROFILE_DEV_DEBUG: 0
build (20.x, ubuntu-22.04)	Run actions-rust-lang/setup-rust-toolchain@v1	2026-02-02T03:56:29.7365618Z   CARGO_TERM_COLOR: always
build (20.x, ubuntu-22.04)	Run actions-rust-lang/setup-rust-toolchain@v1	2026-02-02T03:56:29.7365826Z   RUST_BACKTRACE: short
build (20.x, ubuntu-22.04)	Run actions-rust-lang/setup-rust-toolchain@v1	2026-02-02T03:56:29.7366024Z   RUSTFLAGS: -D warnings
build (20.x, ubuntu-22.04)	Run actions-rust-lang/setup-rust-toolchain@v1	2026-02-02T03:56:29.7366242Z   CARGO_UNSTABLE_SPARSE_REGISTRY: true
build (20.x, ubuntu-22.04)	Run actions-rust-lang/setup-rust-toolchain@v1	2026-02-02T03:56:29.7366592Z   CARGO_REGISTRIES_CRATES_IO_PROTOCOL: sparse
build (20.x, ubuntu-22.04)	Run actions-rust-lang/setup-rust-toolchain@v1	2026-02-02T03:56:29.7366859Z   RUNNER_OS: Linux
build (20.x, ubuntu-22.04)	Run actions-rust-lang/setup-rust-toolchain@v1	2026-02-02T03:56:29.7367040Z ##[endgroup]
build (20.x, ubuntu-22.04)	Run actions-rust-lang/setup-rust-toolchain@v1	2026-02-02T03:56:29.7466723Z ##[group]Run # Check if value is set
build (20.x, ubuntu-22.04)	Run actions-rust-lang/setup-rust-toolchain@v1	2026-02-02T03:56:29.7467034Z [36;1m# Check if value is set[0m
build (20.x, ubuntu-22.04)	Run actions-rust-lang/setup-rust-toolchain@v1	2026-02-02T03:56:29.7467275Z [36;1mif [[ -n "$rust_src_dir" ]][0m
build (20.x, ubuntu-22.04)	Run actions-rust-lang/setup-rust-toolchain@v1	2026-02-02T03:56:29.7467513Z [36;1mthen[0m
build (20.x, ubuntu-22.04)	Run actions-rust-lang/setup-rust-toolchain@v1	2026-02-02T03:56:29.7467733Z [36;1m  # If value is set the directory must exist[0m
build (20.x, ubuntu-22.04)	Run actions-rust-lang/setup-rust-toolchain@v1	2026-02-02T03:56:29.7468028Z [36;1m  if [[ -d "$rust_src_dir" ]][0m
build (20.x, ubuntu-22.04)	Run actions-rust-lang/setup-rust-toolchain@v1	2026-02-02T03:56:29.7468256Z [36;1m  then[0m
build (20.x, ubuntu-22.04)	Run actions-rust-lang/setup-rust-toolchain@v1	2026-02-02T03:56:29.7468431Z [36;1m    cd "$rust_src_dir"[0m
build (20.x, ubuntu-22.04)	Run actions-rust-lang/setup-rust-toolchain@v1	2026-02-02T03:56:29.7468640Z [36;1m  else[0m
build (20.x, ubuntu-22.04)	Run actions-rust-lang/setup-rust-toolchain@v1	2026-02-02T03:56:29.7468917Z [36;1m    echo "'rust-src-dir' does not point to an existing directory" >&2[0m
build (20.x, ubuntu-22.04)	Run actions-rust-lang/setup-rust-toolchain@v1	2026-02-02T03:56:29.7469367Z [36;1m    echo "The value of 'rust-src-dir' is: ${rust_src_dir}" >&2[0m
build (20.x, ubuntu-22.04)	Run actions-rust-lang/setup-rust-toolchain@v1	2026-02-02T03:56:29.7469688Z [36;1m    exit 1[0m
build (20.x, ubuntu-22.04)	Run actions-rust-lang/setup-rust-toolchain@v1	2026-02-02T03:56:29.7469874Z [36;1m  fi[0m
build (20.x, ubuntu-22.04)	Run actions-rust-lang/setup-rust-toolchain@v1	2026-02-02T03:56:29.7470038Z [36;1mfi[0m
build (20.x, ubuntu-22.04)	Run actions-rust-lang/setup-rust-toolchain@v1	2026-02-02T03:56:29.7470333Z [36;1mif [[ -z "$toolchain" && ( -f "rust-toolchain" || -f "rust-toolchain.toml") ]][0m
build (20.x, ubuntu-22.04)	Run actions-rust-lang/setup-rust-toolchain@v1	2026-02-02T03:56:29.7470700Z [36;1mthen[0m
build (20.x, ubuntu-22.04)	Run actions-rust-lang/setup-rust-toolchain@v1	2026-02-02T03:56:29.7470932Z [36;1m  # Install the toolchain as specified in the file[0m
build (20.x, ubuntu-22.04)	Run actions-rust-lang/setup-rust-toolchain@v1	2026-02-02T03:56:29.7471334Z [36;1m  # rustup show is the old way that implicitly installed a toolchain[0m
build (20.x, ubuntu-22.04)	Run actions-rust-lang/setup-rust-toolchain@v1	2026-02-02T03:56:29.7471746Z [36;1m  # rustup toolchain install is the new explicit way[0m
build (20.x, ubuntu-22.04)	Run actions-rust-lang/setup-rust-toolchain@v1	2026-02-02T03:56:29.7472345Z [36;1m  # https://github.com/rust-lang/rustup/issues/3635#issuecomment-2343511297[0m
build (20.x, ubuntu-22.04)	Run actions-rust-lang/setup-rust-toolchain@v1	2026-02-02T03:56:29.7472820Z [36;1m  rustup show active-toolchain || rustup toolchain install[0m
build (20.x, ubuntu-22.04)	Run actions-rust-lang/setup-rust-toolchain@v1	2026-02-02T03:56:29.7473154Z [36;1m  if [[ -n $components ]]; then[0m
build (20.x, ubuntu-22.04)	Run actions-rust-lang/setup-rust-toolchain@v1	2026-02-02T03:56:29.7473437Z [36;1m    rustup component add ${components//,/ }[0m
build (20.x, ubuntu-22.04)	Run actions-rust-lang/setup-rust-toolchain@v1	2026-02-02T03:56:29.7473878Z [36;1m  fi[0m
build (20.x, ubuntu-22.04)	Run actions-rust-lang/setup-rust-toolchain@v1	2026-02-02T03:56:29.7474068Z [36;1m  if [[ -n $targets ]]; then[0m
build (20.x, ubuntu-22.04)	Run actions-rust-lang/setup-rust-toolchain@v1	2026-02-02T03:56:29.7474330Z [36;1m    rustup target add ${targets//,/ }[0m
build (20.x, ubuntu-22.04)	Run actions-rust-lang/setup-rust-toolchain@v1	2026-02-02T03:56:29.7474576Z [36;1m  fi[0m
build (20.x, ubuntu-22.04)	Run actions-rust-lang/setup-rust-toolchain@v1	2026-02-02T03:56:29.7474741Z [36;1melse[0m
build (20.x, ubuntu-22.04)	Run actions-rust-lang/setup-rust-toolchain@v1	2026-02-02T03:56:29.7474911Z [36;1m  if [[ -z "$toolchain" ]][0m
build (20.x, ubuntu-22.04)	Run actions-rust-lang/setup-rust-toolchain@v1	2026-02-02T03:56:29.7475133Z [36;1m  then[0m
build (20.x, ubuntu-22.04)	Run actions-rust-lang/setup-rust-toolchain@v1	2026-02-02T03:56:29.7475308Z [36;1m    toolchain=stable[0m
build (20.x, ubuntu-22.04)	Run actions-rust-lang/setup-rust-toolchain@v1	2026-02-02T03:56:29.7475518Z [36;1m  fi[0m
build (20.x, ubuntu-22.04)	Run actions-rust-lang/setup-rust-toolchain@v1	2026-02-02T03:56:29.7475994Z [36;1m  rustup toolchain install ${toolchain//,/ }  --profile minimal --no-self-update[0m
build (20.x, ubuntu-22.04)	Run actions-rust-lang/setup-rust-toolchain@v1	2026-02-02T03:56:29.7476421Z [36;1m  # Take the last element from the list[0m
build (20.x, ubuntu-22.04)	Run actions-rust-lang/setup-rust-toolchain@v1	2026-02-02T03:56:29.7476700Z [36;1m  if [[ "$override" == "true" ]][0m
build (20.x, ubuntu-22.04)	Run actions-rust-lang/setup-rust-toolchain@v1	2026-02-02T03:56:29.7476928Z [36;1m  then[0m
build (20.x, ubuntu-22.04)	Run actions-rust-lang/setup-rust-toolchain@v1	2026-02-02T03:56:29.7477136Z [36;1m    rustup override set ${toolchain//*,/ }[0m
build (20.x, ubuntu-22.04)	Run actions-rust-lang/setup-rust-toolchain@v1	2026-02-02T03:56:29.7477387Z [36;1m  fi[0m
build (20.x, ubuntu-22.04)	Run actions-rust-lang/setup-rust-toolchain@v1	2026-02-02T03:56:29.7477547Z [36;1mfi[0m
build (20.x, ubuntu-22.04)	Run actions-rust-lang/setup-rust-toolchain@v1	2026-02-02T03:56:29.7530351Z shell: /usr/bin/bash --noprofile --norc -e -o pipefail {0}
build (20.x, ubuntu-22.04)	Run actions-rust-lang/setup-rust-toolchain@v1	2026-02-02T03:56:29.7530686Z env:
build (20.x, ubuntu-22.04)	Run actions-rust-lang/setup-rust-toolchain@v1	2026-02-02T03:56:29.7530863Z   CARGO_INCREMENTAL: 0
build (20.x, ubuntu-22.04)	Run actions-rust-lang/setup-rust-toolchain@v1	2026-02-02T03:56:29.7531068Z   CARGO_PROFILE_DEV_DEBUG: 0
build (20.x, ubuntu-22.04)	Run actions-rust-lang/setup-rust-toolchain@v1	2026-02-02T03:56:29.7531285Z   CARGO_TERM_COLOR: always
build (20.x, ubuntu-22.04)	Run actions-rust-lang/setup-rust-toolchain@v1	2026-02-02T03:56:29.7531493Z   RUST_BACKTRACE: short
build (20.x, ubuntu-22.04)	Run actions-rust-lang/setup-rust-toolchain@v1	2026-02-02T03:56:29.7531698Z   RUSTFLAGS: -D warnings
build (20.x, ubuntu-22.04)	Run actions-rust-lang/setup-rust-toolchain@v1	2026-02-02T03:56:29.7531913Z   CARGO_UNSTABLE_SPARSE_REGISTRY: true
build (20.x, ubuntu-22.04)	Run actions-rust-lang/setup-rust-toolchain@v1	2026-02-02T03:56:29.7532185Z   CARGO_REGISTRIES_CRATES_IO_PROTOCOL: sparse
build (20.x, ubuntu-22.04)	Run actions-rust-lang/setup-rust-toolchain@v1	2026-02-02T03:56:29.7532447Z   toolchain: 
build (20.x, ubuntu-22.04)	Run actions-rust-lang/setup-rust-toolchain@v1	2026-02-02T03:56:29.7532603Z   targets: 
build (20.x, ubuntu-22.04)	Run actions-rust-lang/setup-rust-toolchain@v1	2026-02-02T03:56:29.7532762Z   components: 
build (20.x, ubuntu-22.04)	Run actions-rust-lang/setup-rust-toolchain@v1	2026-02-02T03:56:29.7532926Z   override: true
build (20.x, ubuntu-22.04)	Run actions-rust-lang/setup-rust-toolchain@v1	2026-02-02T03:56:29.7533096Z   rust_src_dir: 
build (20.x, ubuntu-22.04)	Run actions-rust-lang/setup-rust-toolchain@v1	2026-02-02T03:56:29.7533269Z ##[endgroup]
build (20.x, ubuntu-22.04)	Run actions-rust-lang/setup-rust-toolchain@v1	2026-02-02T03:56:30.3178266Z info: syncing channel updates for 'stable-x86_64-unknown-linux-gnu'
build (20.x, ubuntu-22.04)	Run actions-rust-lang/setup-rust-toolchain@v1	2026-02-02T03:56:30.4124481Z 
build (20.x, ubuntu-22.04)	Run actions-rust-lang/setup-rust-toolchain@v1	2026-02-02T03:56:30.4217018Z   stable-x86_64-unknown-linux-gnu unchanged - rustc 1.93.0 (254b59607 2026-01-19)
build (20.x, ubuntu-22.04)	Run actions-rust-lang/setup-rust-toolchain@v1	2026-02-02T03:56:30.4217609Z 
build (20.x, ubuntu-22.04)	Run actions-rust-lang/setup-rust-toolchain@v1	2026-02-02T03:56:30.4290463Z info: override toolchain for '/home/runner/work/open-tv/open-tv' set to 'stable-x86_64-unknown-linux-gnu'
build (20.x, ubuntu-22.04)	Run actions-rust-lang/setup-rust-toolchain@v1	2026-02-02T03:56:30.4335514Z ##[group]Run echo "rustc-version=$(rustc --version)" >> $GITHUB_OUTPUT
build (20.x, ubuntu-22.04)	Run actions-rust-lang/setup-rust-toolchain@v1	2026-02-02T03:56:30.4336012Z [36;1mecho "rustc-version=$(rustc --version)" >> $GITHUB_OUTPUT[0m
build (20.x, ubuntu-22.04)	Run actions-rust-lang/setup-rust-toolchain@v1	2026-02-02T03:56:30.4336344Z [36;1mrustc --version --verbose[0m
build (20.x, ubuntu-22.04)	Run actions-rust-lang/setup-rust-toolchain@v1	2026-02-02T03:56:30.4336646Z [36;1mecho "cargo-version=$(cargo --version)" >> $GITHUB_OUTPUT[0m
build (20.x, ubuntu-22.04)	Run actions-rust-lang/setup-rust-toolchain@v1	2026-02-02T03:56:30.4336969Z [36;1mcargo --version --verbose[0m
build (20.x, ubuntu-22.04)	Run actions-rust-lang/setup-rust-toolchain@v1	2026-02-02T03:56:30.4337273Z [36;1mecho "rustup-version=$(rustup --version)" >> $GITHUB_OUTPUT[0m
build (20.x, ubuntu-22.04)	Run actions-rust-lang/setup-rust-toolchain@v1	2026-02-02T03:56:30.4337600Z [36;1mrustup --version[0m
build (20.x, ubuntu-22.04)	Run actions-rust-lang/setup-rust-toolchain@v1	2026-02-02T03:56:30.4337798Z [36;1m[0m
build (20.x, ubuntu-22.04)	Run actions-rust-lang/setup-rust-toolchain@v1	2026-02-02T03:56:30.4338196Z [36;1mDATE=$(rustc --version --verbose | sed -ne 's/^commit-date: \(20[0-9][0-9]\)-\([01][0-9]\)-\([0-3][0-9]\)$/\1\2\3/p')[0m
build (20.x, ubuntu-22.04)	Run actions-rust-lang/setup-rust-toolchain@v1	2026-02-02T03:56:30.4338762Z [36;1mHASH=$(rustc --version --verbose | sed -ne 's/^commit-hash: //p')[0m
build (20.x, ubuntu-22.04)	Run actions-rust-lang/setup-rust-toolchain@v1	2026-02-02T03:56:30.4339198Z [36;1mecho "cachekey=$(echo $DATE$HASH | head -c12)" >> $GITHUB_OUTPUT[0m
build (20.x, ubuntu-22.04)	Run actions-rust-lang/setup-rust-toolchain@v1	2026-02-02T03:56:30.4399661Z shell: /usr/bin/bash --noprofile --norc -e -o pipefail {0}
build (20.x, ubuntu-22.04)	Run actions-rust-lang/setup-rust-toolchain@v1	2026-02-02T03:56:30.4399976Z env:
build (20.x, ubuntu-22.04)	Run actions-rust-lang/setup-rust-toolchain@v1	2026-02-02T03:56:30.4400137Z   CARGO_INCREMENTAL: 0
build (20.x, ubuntu-22.04)	Run actions-rust-lang/setup-rust-toolchain@v1	2026-02-02T03:56:30.4400330Z   CARGO_PROFILE_DEV_DEBUG: 0
build (20.x, ubuntu-22.04)	Run actions-rust-lang/setup-rust-toolchain@v1	2026-02-02T03:56:30.4400546Z   CARGO_TERM_COLOR: always
build (20.x, ubuntu-22.04)	Run actions-rust-lang/setup-rust-toolchain@v1	2026-02-02T03:56:30.4400742Z   RUST_BACKTRACE: short
build (20.x, ubuntu-22.04)	Run actions-rust-lang/setup-rust-toolchain@v1	2026-02-02T03:56:30.4400939Z   RUSTFLAGS: -D warnings
build (20.x, ubuntu-22.04)	Run actions-rust-lang/setup-rust-toolchain@v1	2026-02-02T03:56:30.4401162Z   CARGO_UNSTABLE_SPARSE_REGISTRY: true
build (20.x, ubuntu-22.04)	Run actions-rust-lang/setup-rust-toolchain@v1	2026-02-02T03:56:30.4401428Z   CARGO_REGISTRIES_CRATES_IO_PROTOCOL: sparse
build (20.x, ubuntu-22.04)	Run actions-rust-lang/setup-rust-toolchain@v1	2026-02-02T03:56:30.4401846Z ##[endgroup]
build (20.x, ubuntu-22.04)	Run actions-rust-lang/setup-rust-toolchain@v1	2026-02-02T03:56:30.5350520Z rustc 1.93.0 (254b59607 2026-01-19)
build (20.x, ubuntu-22.04)	Run actions-rust-lang/setup-rust-toolchain@v1	2026-02-02T03:56:30.5351204Z binary: rustc
build (20.x, ubuntu-22.04)	Run actions-rust-lang/setup-rust-toolchain@v1	2026-02-02T03:56:30.5351753Z commit-hash: 254b59607d4417e9dffbc307138ae5c86280fe4c
build (20.x, ubuntu-22.04)	Run actions-rust-lang/setup-rust-toolchain@v1	2026-02-02T03:56:30.5352444Z commit-date: 2026-01-19
build (20.x, ubuntu-22.04)	Run actions-rust-lang/setup-rust-toolchain@v1	2026-02-02T03:56:30.5352808Z host: x86_64-unknown-linux-gnu
build (20.x, ubuntu-22.04)	Run actions-rust-lang/setup-rust-toolchain@v1	2026-02-02T03:56:30.5353136Z release: 1.93.0
build (20.x, ubuntu-22.04)	Run actions-rust-lang/setup-rust-toolchain@v1	2026-02-02T03:56:30.5537769Z LLVM version: 21.1.8
build (20.x, ubuntu-22.04)	Run actions-rust-lang/setup-rust-toolchain@v1	2026-02-02T03:56:31.0967664Z cargo 1.93.0 (083ac5135 2025-12-15)
build (20.x, ubuntu-22.04)	Run actions-rust-lang/setup-rust-toolchain@v1	2026-02-02T03:56:31.0968156Z release: 1.93.0
build (20.x, ubuntu-22.04)	Run actions-rust-lang/setup-rust-toolchain@v1	2026-02-02T03:56:31.0968538Z commit-hash: 083ac5135f967fd9dc906ab057a2315861c7a80d
build (20.x, ubuntu-22.04)	Run actions-rust-lang/setup-rust-toolchain@v1	2026-02-02T03:56:31.0969046Z commit-date: 2025-12-15
build (20.x, ubuntu-22.04)	Run actions-rust-lang/setup-rust-toolchain@v1	2026-02-02T03:56:31.0969365Z host: x86_64-unknown-linux-gnu
build (20.x, ubuntu-22.04)	Run actions-rust-lang/setup-rust-toolchain@v1	2026-02-02T03:56:31.0969723Z libgit2: 1.9.1 (sys:0.20.2 vendored)
build (20.x, ubuntu-22.04)	Run actions-rust-lang/setup-rust-toolchain@v1	2026-02-02T03:56:31.0970197Z libcurl: 8.15.0-DEV (sys:0.4.83+curl-8.15.0 vendored ssl:OpenSSL/3.5.4)
build (20.x, ubuntu-22.04)	Run actions-rust-lang/setup-rust-toolchain@v1	2026-02-02T03:56:31.0971152Z ssl: OpenSSL 3.5.4 30 Sep 2025
build (20.x, ubuntu-22.04)	Run actions-rust-lang/setup-rust-toolchain@v1	2026-02-02T03:56:31.0971401Z os: Ubuntu 22.4.0 (jammy) [64-bit]
build (20.x, ubuntu-22.04)	Run actions-rust-lang/setup-rust-toolchain@v1	2026-02-02T03:56:31.1019841Z info: This is the version for the rustup toolchain manager, not the rustc compiler.
build (20.x, ubuntu-22.04)	Run actions-rust-lang/setup-rust-toolchain@v1	2026-02-02T03:56:31.1409668Z info: The currently active `rustc` version is `rustc 1.93.0 (254b59607 2026-01-19)`
build (20.x, ubuntu-22.04)	Run actions-rust-lang/setup-rust-toolchain@v1	2026-02-02T03:56:31.1468378Z info: This is the version for the rustup toolchain manager, not the rustc compiler.
build (20.x, ubuntu-22.04)	Run actions-rust-lang/setup-rust-toolchain@v1	2026-02-02T03:56:31.1469052Z rustup 1.28.2 (e4f3ad6f8 2025-04-28)
build (20.x, ubuntu-22.04)	Run actions-rust-lang/setup-rust-toolchain@v1	2026-02-02T03:56:31.1856476Z info: The currently active `rustc` version is `rustc 1.93.0 (254b59607 2026-01-19)`
build (20.x, ubuntu-22.04)	Run actions-rust-lang/setup-rust-toolchain@v1	2026-02-02T03:56:31.2824986Z ##[group]Run # Not all versions support setting CARGO_REGISTRIES_CRATES_IO_PROTOCOL
build (20.x, ubuntu-22.04)	Run actions-rust-lang/setup-rust-toolchain@v1	2026-02-02T03:56:31.2825534Z [36;1m# Not all versions support setting CARGO_REGISTRIES_CRATES_IO_PROTOCOL[0m
build (20.x, ubuntu-22.04)	Run actions-rust-lang/setup-rust-toolchain@v1	2026-02-02T03:56:31.2826034Z [36;1m# On versions 1.66, 1.67, and 1.68.0-nightly the value "sparse" is still unstable.[0m
build (20.x, ubuntu-22.04)	Run actions-rust-lang/setup-rust-toolchain@v1	2026-02-02T03:56:31.2826612Z [36;1m# https://github.com/dtolnay/rust-toolchain/pull/69#discussion_r1107268108[0m
build (20.x, ubuntu-22.04)	Run actions-rust-lang/setup-rust-toolchain@v1	2026-02-02T03:56:31.2827150Z [36;1m# If we detect an incompatible value, set it to "git" which is always supported.[0m
build (20.x, ubuntu-22.04)	Run actions-rust-lang/setup-rust-toolchain@v1	2026-02-02T03:56:31.2827876Z [36;1mif [[ "rustc 1.93.0 (254b59607 2026-01-19)" =~ ^rustc\ (1\.6[67]\.|1\.68\.0-nightly) && "${CARGO_REGISTRIES_CRATES_IO_PROTOCOL}" == "sparse" ]]; then[0m
build (20.x, ubuntu-22.04)	Run actions-rust-lang/setup-rust-toolchain@v1	2026-02-02T03:56:31.2828514Z [36;1m  echo "Downgrade cargo registry protocol to git"[0m
build (20.x, ubuntu-22.04)	Run actions-rust-lang/setup-rust-toolchain@v1	2026-02-02T03:56:31.2828919Z [36;1m  echo "CARGO_REGISTRIES_CRATES_IO_PROTOCOL=git" >> $GITHUB_ENV[0m
build (20.x, ubuntu-22.04)	Run actions-rust-lang/setup-rust-toolchain@v1	2026-02-02T03:56:31.2829269Z [36;1mfi[0m
build (20.x, ubuntu-22.04)	Run actions-rust-lang/setup-rust-toolchain@v1	2026-02-02T03:56:31.2889315Z shell: /usr/bin/bash --noprofile --norc -e -o pipefail {0}
build (20.x, ubuntu-22.04)	Run actions-rust-lang/setup-rust-toolchain@v1	2026-02-02T03:56:31.2889650Z env:
build (20.x, ubuntu-22.04)	Run actions-rust-lang/setup-rust-toolchain@v1	2026-02-02T03:56:31.2889822Z   CARGO_INCREMENTAL: 0
build (20.x, ubuntu-22.04)	Run actions-rust-lang/setup-rust-toolchain@v1	2026-02-02T03:56:31.2890019Z   CARGO_PROFILE_DEV_DEBUG: 0
build (20.x, ubuntu-22.04)	Run actions-rust-lang/setup-rust-toolchain@v1	2026-02-02T03:56:31.2890245Z   CARGO_TERM_COLOR: always
build (20.x, ubuntu-22.04)	Run actions-rust-lang/setup-rust-toolchain@v1	2026-02-02T03:56:31.2890442Z   RUST_BACKTRACE: short
build (20.x, ubuntu-22.04)	Run actions-rust-lang/setup-rust-toolchain@v1	2026-02-02T03:56:31.2890662Z   RUSTFLAGS: -D warnings
build (20.x, ubuntu-22.04)	Run actions-rust-lang/setup-rust-toolchain@v1	2026-02-02T03:56:31.2890877Z   CARGO_UNSTABLE_SPARSE_REGISTRY: true
build (20.x, ubuntu-22.04)	Run actions-rust-lang/setup-rust-toolchain@v1	2026-02-02T03:56:31.2891147Z   CARGO_REGISTRIES_CRATES_IO_PROTOCOL: sparse
build (20.x, ubuntu-22.04)	Run actions-rust-lang/setup-rust-toolchain@v1	2026-02-02T03:56:31.2891410Z ##[endgroup]
build (20.x, ubuntu-22.04)	Run actions-rust-lang/setup-rust-toolchain@v1	2026-02-02T03:56:31.3017747Z ##[group]Run Swatinem/rust-cache@f13886b937689c021905a6b90929199931d60db1
build (20.x, ubuntu-22.04)	Run actions-rust-lang/setup-rust-toolchain@v1	2026-02-02T03:56:31.3018100Z with:
build (20.x, ubuntu-22.04)	Run actions-rust-lang/setup-rust-toolchain@v1	2026-02-02T03:56:31.3018272Z   workspaces: src-tauri -> target
build (20.x, ubuntu-22.04)	Run actions-rust-lang/setup-rust-toolchain@v1	2026-02-02T03:56:31.3018511Z   cache-on-failure: true
build (20.x, ubuntu-22.04)	Run actions-rust-lang/setup-rust-toolchain@v1	2026-02-02T03:56:31.3018703Z   cache-bin: true
build (20.x, ubuntu-22.04)	Run actions-rust-lang/setup-rust-toolchain@v1	2026-02-02T03:56:31.3018893Z   cache-provider: github
build (20.x, ubuntu-22.04)	Run actions-rust-lang/setup-rust-toolchain@v1	2026-02-02T03:56:31.3019094Z   cache-all-crates: false
build (20.x, ubuntu-22.04)	Run actions-rust-lang/setup-rust-toolchain@v1	2026-02-02T03:56:31.3019301Z   cache-workspace-crates: false
build (20.x, ubuntu-22.04)	Run actions-rust-lang/setup-rust-toolchain@v1	2026-02-02T03:56:31.3019525Z   prefix-key: v0-rust
build (20.x, ubuntu-22.04)	Run actions-rust-lang/setup-rust-toolchain@v1	2026-02-02T03:56:31.3019707Z   cache-targets: true
build (20.x, ubuntu-22.04)	Run actions-rust-lang/setup-rust-toolchain@v1	2026-02-02T03:56:31.3019891Z   save-if: true
build (20.x, ubuntu-22.04)	Run actions-rust-lang/setup-rust-toolchain@v1	2026-02-02T03:56:31.3020058Z   lookup-only: false
build (20.x, ubuntu-22.04)	Run actions-rust-lang/setup-rust-toolchain@v1	2026-02-02T03:56:31.3020234Z env:
build (20.x, ubuntu-22.04)	Run actions-rust-lang/setup-rust-toolchain@v1	2026-02-02T03:56:31.3020384Z   CARGO_INCREMENTAL: 0
build (20.x, ubuntu-22.04)	Run actions-rust-lang/setup-rust-toolchain@v1	2026-02-02T03:56:31.3020576Z   CARGO_PROFILE_DEV_DEBUG: 0
build (20.x, ubuntu-22.04)	Run actions-rust-lang/setup-rust-toolchain@v1	2026-02-02T03:56:31.3020794Z   CARGO_TERM_COLOR: always
build (20.x, ubuntu-22.04)	Run actions-rust-lang/setup-rust-toolchain@v1	2026-02-02T03:56:31.3021002Z   RUST_BACKTRACE: short
build (20.x, ubuntu-22.04)	Run actions-rust-lang/setup-rust-toolchain@v1	2026-02-02T03:56:31.3021189Z   RUSTFLAGS: -D warnings
build (20.x, ubuntu-22.04)	Run actions-rust-lang/setup-rust-toolchain@v1	2026-02-02T03:56:31.3021592Z   CARGO_UNSTABLE_SPARSE_REGISTRY: true
build (20.x, ubuntu-22.04)	Run actions-rust-lang/setup-rust-toolchain@v1	2026-02-02T03:56:31.3021859Z   CARGO_REGISTRIES_CRATES_IO_PROTOCOL: sparse
build (20.x, ubuntu-22.04)	Run actions-rust-lang/setup-rust-toolchain@v1	2026-02-02T03:56:31.3022111Z ##[endgroup]
build (20.x, ubuntu-22.04)	Run actions-rust-lang/setup-rust-toolchain@v1	2026-02-02T03:56:31.9573296Z ##[group]Cache Configuration
build (20.x, ubuntu-22.04)	Run actions-rust-lang/setup-rust-toolchain@v1	2026-02-02T03:56:31.9574195Z Cache Provider:
build (20.x, ubuntu-22.04)	Run actions-rust-lang/setup-rust-toolchain@v1	2026-02-02T03:56:31.9574511Z     github
build (20.x, ubuntu-22.04)	Run actions-rust-lang/setup-rust-toolchain@v1	2026-02-02T03:56:31.9574779Z Workspaces:
build (20.x, ubuntu-22.04)	Run actions-rust-lang/setup-rust-toolchain@v1	2026-02-02T03:56:31.9575133Z     /home/runner/work/open-tv/open-tv/src-tauri
build (20.x, ubuntu-22.04)	Run actions-rust-lang/setup-rust-toolchain@v1	2026-02-02T03:56:31.9575580Z Cache Paths:
build (20.x, ubuntu-22.04)	Run actions-rust-lang/setup-rust-toolchain@v1	2026-02-02T03:56:31.9575894Z     /home/runner/.cargo/bin
build (20.x, ubuntu-22.04)	Run actions-rust-lang/setup-rust-toolchain@v1	2026-02-02T03:56:31.9576282Z     /home/runner/.cargo/.crates.toml
build (20.x, ubuntu-22.04)	Run actions-rust-lang/setup-rust-toolchain@v1	2026-02-02T03:56:31.9576702Z     /home/runner/.cargo/.crates2.json
build (20.x, ubuntu-22.04)	Run actions-rust-lang/setup-rust-toolchain@v1	2026-02-02T03:56:31.9577110Z     /home/runner/.cargo/registry
build (20.x, ubuntu-22.04)	Run actions-rust-lang/setup-rust-toolchain@v1	2026-02-02T03:56:31.9577473Z     /home/runner/.cargo/git
build (20.x, ubuntu-22.04)	Run actions-rust-lang/setup-rust-toolchain@v1	2026-02-02T03:56:31.9577895Z     /home/runner/work/open-tv/open-tv/src-tauri/target
build (20.x, ubuntu-22.04)	Run actions-rust-lang/setup-rust-toolchain@v1	2026-02-02T03:56:31.9578686Z Restore Key:
build (20.x, ubuntu-22.04)	Run actions-rust-lang/setup-rust-toolchain@v1	2026-02-02T03:56:31.9579003Z     v0-rust-build-Linux-x64-dc2366c9
build (20.x, ubuntu-22.04)	Run actions-rust-lang/setup-rust-toolchain@v1	2026-02-02T03:56:31.9579400Z Cache Key:
build (20.x, ubuntu-22.04)	Run actions-rust-lang/setup-rust-toolchain@v1	2026-02-02T03:56:31.9579729Z     v0-rust-build-Linux-x64-dc2366c9-2195a0c5
build (20.x, ubuntu-22.04)	Run actions-rust-lang/setup-rust-toolchain@v1	2026-02-02T03:56:31.9580162Z .. Prefix:
build (20.x, ubuntu-22.04)	Run actions-rust-lang/setup-rust-toolchain@v1	2026-02-02T03:56:31.9580468Z   - v0-rust-build-Linux-x64
build (20.x, ubuntu-22.04)	Run actions-rust-lang/setup-rust-toolchain@v1	2026-02-02T03:56:31.9580832Z .. Environment considered:
build (20.x, ubuntu-22.04)	Run actions-rust-lang/setup-rust-toolchain@v1	2026-02-02T03:56:31.9581451Z   - Rust Version: 1.93.0 x86_64-unknown-linux-gnu (254b59607d4417e9dffbc307138ae5c86280fe4c)
build (20.x, ubuntu-22.04)	Run actions-rust-lang/setup-rust-toolchain@v1	2026-02-02T03:56:31.9582131Z   - CARGO_INCREMENTAL
build (20.x, ubuntu-22.04)	Run actions-rust-lang/setup-rust-toolchain@v1	2026-02-02T03:56:31.9582450Z   - CARGO_PROFILE_DEV_DEBUG
build (20.x, ubuntu-22.04)	Run actions-rust-lang/setup-rust-toolchain@v1	2026-02-02T03:56:31.9582818Z   - CARGO_REGISTRIES_CRATES_IO_PROTOCOL
build (20.x, ubuntu-22.04)	Run actions-rust-lang/setup-rust-toolchain@v1	2026-02-02T03:56:31.9583227Z   - CARGO_TERM_COLOR
build (20.x, ubuntu-22.04)	Run actions-rust-lang/setup-rust-toolchain@v1	2026-02-02T03:56:31.9583555Z   - CARGO_UNSTABLE_SPARSE_REGISTRY
build (20.x, ubuntu-22.04)	Run actions-rust-lang/setup-rust-toolchain@v1	2026-02-02T03:56:31.9584156Z   - RUST_BACKTRACE
build (20.x, ubuntu-22.04)	Run actions-rust-lang/setup-rust-toolchain@v1	2026-02-02T03:56:31.9584470Z   - RUSTFLAGS
build (20.x, ubuntu-22.04)	Run actions-rust-lang/setup-rust-toolchain@v1	2026-02-02T03:56:31.9584759Z .. Lockfiles considered:
build (20.x, ubuntu-22.04)	Run actions-rust-lang/setup-rust-toolchain@v1	2026-02-02T03:56:31.9585193Z   - /home/runner/work/open-tv/open-tv/src-tauri/Cargo.lock
build (20.x, ubuntu-22.04)	Run actions-rust-lang/setup-rust-toolchain@v1	2026-02-02T03:56:31.9585799Z   - /home/runner/work/open-tv/open-tv/src-tauri/Cargo.toml
build (20.x, ubuntu-22.04)	Run actions-rust-lang/setup-rust-toolchain@v1	2026-02-02T03:56:31.9586241Z ##[endgroup]
build (20.x, ubuntu-22.04)	Run actions-rust-lang/setup-rust-toolchain@v1	2026-02-02T03:56:31.9586367Z 
build (20.x, ubuntu-22.04)	Run actions-rust-lang/setup-rust-toolchain@v1	2026-02-02T03:56:31.9586445Z ... Restoring cache ...
build (20.x, ubuntu-22.04)	Run actions-rust-lang/setup-rust-toolchain@v1	2026-02-02T03:56:32.2751983Z Cache hit for: v0-rust-build-Linux-x64-dc2366c9-2195a0c5
build (20.x, ubuntu-22.04)	Run actions-rust-lang/setup-rust-toolchain@v1	2026-02-02T03:56:33.5751104Z Received 0 of 620727540 (0.0%), 0.0 MBs/sec
build (20.x, ubuntu-22.04)	Run actions-rust-lang/setup-rust-toolchain@v1	2026-02-02T03:56:34.5754541Z Received 117440512 of 620727540 (18.9%), 56.0 MBs/sec
build (20.x, ubuntu-22.04)	Run actions-rust-lang/setup-rust-toolchain@v1	2026-02-02T03:56:35.5758735Z Received 218103808 of 620727540 (35.1%), 69.3 MBs/sec
build (20.x, ubuntu-22.04)	Run actions-rust-lang/setup-rust-toolchain@v1	2026-02-02T03:56:36.5759657Z Received 331350016 of 620727540 (53.4%), 79.0 MBs/sec
build (20.x, ubuntu-22.04)	Run actions-rust-lang/setup-rust-toolchain@v1	2026-02-02T03:56:37.5806613Z Received 406847488 of 620727540 (65.5%), 77.6 MBs/sec
build (20.x, ubuntu-22.04)	Run actions-rust-lang/setup-rust-toolchain@v1	2026-02-02T03:56:38.5783451Z Received 536870912 of 620727540 (86.5%), 85.3 MBs/sec
build (20.x, ubuntu-22.04)	Run actions-rust-lang/setup-rust-toolchain@v1	2026-02-02T03:56:39.3388175Z Received 620727540 of 620727540 (100.0%), 87.5 MBs/sec
build (20.x, ubuntu-22.04)	Run actions-rust-lang/setup-rust-toolchain@v1	2026-02-02T03:56:39.3389691Z Cache Size: ~592 MB (620727540 B)
build (20.x, ubuntu-22.04)	Run actions-rust-lang/setup-rust-toolchain@v1	2026-02-02T03:56:39.3460258Z [command]/usr/bin/tar -xf /home/runner/work/_temp/6334d4c3-db4b-4f5a-8a97-4f73934bab7f/cache.tzst -P -C /home/runner/work/open-tv/open-tv --use-compress-program unzstd
build (20.x, ubuntu-22.04)	Run actions-rust-lang/setup-rust-toolchain@v1	2026-02-02T03:56:42.8279783Z Cache restored successfully
build (20.x, ubuntu-22.04)	Run actions-rust-lang/setup-rust-toolchain@v1	2026-02-02T03:56:43.1307867Z Restored from cache key "v0-rust-build-Linux-x64-dc2366c9-2195a0c5" full match: true.
build (20.x, ubuntu-22.04)	Use Node.js 20.x	ï»¿2026-02-02T03:56:43.1492868Z ##[group]Run actions/setup-node@v4
build (20.x, ubuntu-22.04)	Use Node.js 20.x	2026-02-02T03:56:43.1493156Z with:
build (20.x, ubuntu-22.04)	Use Node.js 20.x	2026-02-02T03:56:43.1493332Z   node-version: 20.x
build (20.x, ubuntu-22.04)	Use Node.js 20.x	2026-02-02T03:56:43.1493527Z   always-auth: false
build (20.x, ubuntu-22.04)	Use Node.js 20.x	2026-02-02T03:56:43.1493998Z   check-latest: false
build (20.x, ubuntu-22.04)	Use Node.js 20.x	2026-02-02T03:56:43.1494356Z   token: ***
build (20.x, ubuntu-22.04)	Use Node.js 20.x	2026-02-02T03:56:43.1494531Z env:
build (20.x, ubuntu-22.04)	Use Node.js 20.x	2026-02-02T03:56:43.1494693Z   CARGO_INCREMENTAL: 0
build (20.x, ubuntu-22.04)	Use Node.js 20.x	2026-02-02T03:56:43.1494903Z   CARGO_PROFILE_DEV_DEBUG: 0
build (20.x, ubuntu-22.04)	Use Node.js 20.x	2026-02-02T03:56:43.1495127Z   CARGO_TERM_COLOR: always
build (20.x, ubuntu-22.04)	Use Node.js 20.x	2026-02-02T03:56:43.1495333Z   RUST_BACKTRACE: short
build (20.x, ubuntu-22.04)	Use Node.js 20.x	2026-02-02T03:56:43.1495537Z   RUSTFLAGS: -D warnings
build (20.x, ubuntu-22.04)	Use Node.js 20.x	2026-02-02T03:56:43.1495753Z   CARGO_UNSTABLE_SPARSE_REGISTRY: true
build (20.x, ubuntu-22.04)	Use Node.js 20.x	2026-02-02T03:56:43.1496020Z   CARGO_REGISTRIES_CRATES_IO_PROTOCOL: sparse
build (20.x, ubuntu-22.04)	Use Node.js 20.x	2026-02-02T03:56:43.1496279Z   CACHE_ON_FAILURE: true
build (20.x, ubuntu-22.04)	Use Node.js 20.x	2026-02-02T03:56:43.1496475Z ##[endgroup]
build (20.x, ubuntu-22.04)	Use Node.js 20.x	2026-02-02T03:56:43.3508867Z Found in cache @ /opt/hostedtoolcache/node/20.20.0/x64
build (20.x, ubuntu-22.04)	Use Node.js 20.x	2026-02-02T03:56:43.3516200Z ##[group]Environment details
build (20.x, ubuntu-22.04)	Use Node.js 20.x	2026-02-02T03:56:45.6863226Z node: v20.20.0
build (20.x, ubuntu-22.04)	Use Node.js 20.x	2026-02-02T03:56:45.6864306Z npm: 10.8.2
build (20.x, ubuntu-22.04)	Use Node.js 20.x	2026-02-02T03:56:45.6864699Z yarn: 1.22.22
build (20.x, ubuntu-22.04)	Use Node.js 20.x	2026-02-02T03:56:45.6865879Z ##[endgroup]
build (20.x, ubuntu-22.04)	Setup pnpm	ï»¿2026-02-02T03:56:45.6964965Z ##[group]Run pnpm/action-setup@v4
build (20.x, ubuntu-22.04)	Setup pnpm	2026-02-02T03:56:45.6965257Z with:
build (20.x, ubuntu-22.04)	Setup pnpm	2026-02-02T03:56:45.6965428Z   dest: ~/setup-pnpm
build (20.x, ubuntu-22.04)	Setup pnpm	2026-02-02T03:56:45.6965635Z   run_install: null
build (20.x, ubuntu-22.04)	Setup pnpm	2026-02-02T03:56:45.6965846Z   package_json_file: package.json
build (20.x, ubuntu-22.04)	Setup pnpm	2026-02-02T03:56:45.6966084Z   standalone: false
build (20.x, ubuntu-22.04)	Setup pnpm	2026-02-02T03:56:45.6966261Z env:
build (20.x, ubuntu-22.04)	Setup pnpm	2026-02-02T03:56:45.6966430Z   CARGO_INCREMENTAL: 0
build (20.x, ubuntu-22.04)	Setup pnpm	2026-02-02T03:56:45.6966640Z   CARGO_PROFILE_DEV_DEBUG: 0
build (20.x, ubuntu-22.04)	Setup pnpm	2026-02-02T03:56:45.6966857Z   CARGO_TERM_COLOR: always
build (20.x, ubuntu-22.04)	Setup pnpm	2026-02-02T03:56:45.6967068Z   RUST_BACKTRACE: short
build (20.x, ubuntu-22.04)	Setup pnpm	2026-02-02T03:56:45.6967276Z   RUSTFLAGS: -D warnings
build (20.x, ubuntu-22.04)	Setup pnpm	2026-02-02T03:56:45.6967496Z   CARGO_UNSTABLE_SPARSE_REGISTRY: true
build (20.x, ubuntu-22.04)	Setup pnpm	2026-02-02T03:56:45.6967773Z   CARGO_REGISTRIES_CRATES_IO_PROTOCOL: sparse
build (20.x, ubuntu-22.04)	Setup pnpm	2026-02-02T03:56:45.6968052Z   CACHE_ON_FAILURE: true
build (20.x, ubuntu-22.04)	Setup pnpm	2026-02-02T03:56:45.6968242Z ##[endgroup]
build (20.x, ubuntu-22.04)	Setup pnpm	2026-02-02T03:56:45.7510872Z ##[group]Running self-installer...
build (20.x, ubuntu-22.04)	Setup pnpm	2026-02-02T03:56:46.2929919Z Progress: resolved 1, reused 0, downloaded 0, added 0
build (20.x, ubuntu-22.04)	Setup pnpm	2026-02-02T03:56:46.3011218Z Packages: +1
build (20.x, ubuntu-22.04)	Setup pnpm	2026-02-02T03:56:46.3011706Z +
build (20.x, ubuntu-22.04)	Setup pnpm	2026-02-02T03:56:46.7224640Z Progress: resolved 1, reused 0, downloaded 1, added 1, done
build (20.x, ubuntu-22.04)	Setup pnpm	2026-02-02T03:56:47.3198914Z 
build (20.x, ubuntu-22.04)	Setup pnpm	2026-02-02T03:56:47.3200780Z dependencies:
build (20.x, ubuntu-22.04)	Setup pnpm	2026-02-02T03:56:47.3201345Z + pnpm 10.10.0 (10.28.2 is available)
build (20.x, ubuntu-22.04)	Setup pnpm	2026-02-02T03:56:47.3201700Z 
build (20.x, ubuntu-22.04)	Setup pnpm	2026-02-02T03:56:47.5248737Z Done in 1.6s
build (20.x, ubuntu-22.04)	Setup pnpm	2026-02-02T03:56:47.5436879Z ##[endgroup]
build (20.x, ubuntu-22.04)	Setup pnpm	2026-02-02T03:56:47.5440516Z Installation Completed!
build (20.x, ubuntu-22.04)	Install deps linux	ï»¿2026-02-02T03:56:47.5515135Z ##[group]Run sudo apt update
build (20.x, ubuntu-22.04)	Install deps linux	2026-02-02T03:56:47.5515476Z [36;1msudo apt update[0m
build (20.x, ubuntu-22.04)	Install deps linux	2026-02-02T03:56:47.5515736Z [36;1msudo apt install libwebkit2gtk-4.1-dev \[0m
build (20.x, ubuntu-22.04)	Install deps linux	2026-02-02T03:56:47.5516032Z [36;1m  build-essential \[0m
build (20.x, ubuntu-22.04)	Install deps linux	2026-02-02T03:56:47.5516243Z [36;1m  curl \[0m
build (20.x, ubuntu-22.04)	Install deps linux	2026-02-02T03:56:47.5516425Z [36;1m  wget \[0m
build (20.x, ubuntu-22.04)	Install deps linux	2026-02-02T03:56:47.5516584Z [36;1m  file \[0m
build (20.x, ubuntu-22.04)	Install deps linux	2026-02-02T03:56:47.5516753Z [36;1m  libxdo-dev \[0m
build (20.x, ubuntu-22.04)	Install deps linux	2026-02-02T03:56:47.5516947Z [36;1m  libssl-dev \[0m
build (20.x, ubuntu-22.04)	Install deps linux	2026-02-02T03:56:47.5517160Z [36;1m  libayatana-appindicator3-dev \[0m
build (20.x, ubuntu-22.04)	Install deps linux	2026-02-02T03:56:47.5517421Z [36;1m  librsvg2-dev \[0m
build (20.x, ubuntu-22.04)	Install deps linux	2026-02-02T03:56:47.5517618Z [36;1m  libgtk-3-dev[0m
build (20.x, ubuntu-22.04)	Install deps linux	2026-02-02T03:56:47.7211254Z shell: /usr/bin/bash -e {0}
build (20.x, ubuntu-22.04)	Install deps linux	2026-02-02T03:56:47.7211666Z env:
build (20.x, ubuntu-22.04)	Install deps linux	2026-02-02T03:56:47.7211947Z   CARGO_INCREMENTAL: 0
build (20.x, ubuntu-22.04)	Install deps linux	2026-02-02T03:56:47.7212295Z   CARGO_PROFILE_DEV_DEBUG: 0
build (20.x, ubuntu-22.04)	Install deps linux	2026-02-02T03:56:47.7212664Z   CARGO_TERM_COLOR: always
build (20.x, ubuntu-22.04)	Install deps linux	2026-02-02T03:56:47.7213014Z   RUST_BACKTRACE: short
build (20.x, ubuntu-22.04)	Install deps linux	2026-02-02T03:56:47.7213349Z   RUSTFLAGS: -D warnings
build (20.x, ubuntu-22.04)	Install deps linux	2026-02-02T03:56:47.7213959Z   CARGO_UNSTABLE_SPARSE_REGISTRY: true
build (20.x, ubuntu-22.04)	Install deps linux	2026-02-02T03:56:47.7214425Z   CARGO_REGISTRIES_CRATES_IO_PROTOCOL: sparse
build (20.x, ubuntu-22.04)	Install deps linux	2026-02-02T03:56:47.7214871Z   CACHE_ON_FAILURE: true
build (20.x, ubuntu-22.04)	Install deps linux	2026-02-02T03:56:47.7215304Z   PNPM_HOME: /home/runner/setup-pnpm/node_modules/.bin
build (20.x, ubuntu-22.04)	Install deps linux	2026-02-02T03:56:47.7215797Z ##[endgroup]
build (20.x, ubuntu-22.04)	Install deps linux	2026-02-02T03:56:47.9377668Z 
build (20.x, ubuntu-22.04)	Install deps linux	2026-02-02T03:56:47.9380015Z WARNING: apt does not have a stable CLI interface. Use with caution in scripts.
build (20.x, ubuntu-22.04)	Install deps linux	2026-02-02T03:56:47.9382401Z 
build (20.x, ubuntu-22.04)	Install deps linux	2026-02-02T03:56:48.1205152Z Get:1 file:/etc/apt/apt-mirrors.txt Mirrorlist [144 B]
build (20.x, ubuntu-22.04)	Install deps linux	2026-02-02T03:56:48.2169452Z Hit:6 https://packages.microsoft.com/repos/azure-cli jammy InRelease
build (20.x, ubuntu-22.04)	Install deps linux	2026-02-02T03:56:48.2175505Z Get:7 https://packages.microsoft.com/ubuntu/22.04/prod jammy InRelease [3632 B]
build (20.x, ubuntu-22.04)	Install deps linux	2026-02-02T03:56:48.2875904Z Hit:2 http://azure.archive.ubuntu.com/ubuntu jammy InRelease
build (20.x, ubuntu-22.04)	Install deps linux	2026-02-02T03:56:48.2885107Z Get:3 http://azure.archive.ubuntu.com/ubuntu jammy-updates InRelease [128 kB]
build (20.x, ubuntu-22.04)	Install deps linux	2026-02-02T03:56:48.2933175Z Get:4 http://azure.archive.ubuntu.com/ubuntu jammy-backports InRelease [127 kB]
build (20.x, ubuntu-22.04)	Install deps linux	2026-02-02T03:56:48.2955273Z Get:5 http://azure.archive.ubuntu.com/ubuntu jammy-security InRelease [129 kB]
build (20.x, ubuntu-22.04)	Install deps linux	2026-02-02T03:56:48.5256569Z Get:8 https://packages.microsoft.com/ubuntu/22.04/prod jammy/main amd64 Packages [301 kB]
build (20.x, ubuntu-22.04)	Install deps linux	2026-02-02T03:56:48.5416298Z Get:9 https://packages.microsoft.com/ubuntu/22.04/prod jammy/main arm64 Packages [120 kB]
build (20.x, ubuntu-22.04)	Install deps linux	2026-02-02T03:56:48.6906116Z Get:10 http://azure.archive.ubuntu.com/ubuntu jammy-updates/main amd64 Packages [3188 kB]
build (20.x, ubuntu-22.04)	Install deps linux	2026-02-02T03:56:48.7061464Z Get:11 http://azure.archive.ubuntu.com/ubuntu jammy-updates/main Translation-en [488 kB]
build (20.x, ubuntu-22.04)	Install deps linux	2026-02-02T03:56:48.7109295Z Get:12 http://azure.archive.ubuntu.com/ubuntu jammy-updates/main amd64 c-n-f Metadata [19.1 kB]
build (20.x, ubuntu-22.04)	Install deps linux	2026-02-02T03:56:48.7164985Z Get:13 http://azure.archive.ubuntu.com/ubuntu jammy-updates/restricted amd64 Packages [5168 kB]
build (20.x, ubuntu-22.04)	Install deps linux	2026-02-02T03:56:48.7416662Z Get:14 http://azure.archive.ubuntu.com/ubuntu jammy-updates/restricted Translation-en [972 kB]
build (20.x, ubuntu-22.04)	Install deps linux	2026-02-02T03:56:48.7477828Z Get:15 http://azure.archive.ubuntu.com/ubuntu jammy-updates/restricted amd64 c-n-f Metadata [676 B]
build (20.x, ubuntu-22.04)	Install deps linux	2026-02-02T03:56:48.7490958Z Get:16 http://azure.archive.ubuntu.com/ubuntu jammy-updates/universe amd64 Packages [1250 kB]
build (20.x, ubuntu-22.04)	Install deps linux	2026-02-02T03:56:48.7563557Z Get:17 http://azure.archive.ubuntu.com/ubuntu jammy-updates/universe Translation-en [311 kB]
build (20.x, ubuntu-22.04)	Install deps linux	2026-02-02T03:56:48.7586749Z Get:18 http://azure.archive.ubuntu.com/ubuntu jammy-updates/universe amd64 c-n-f Metadata [30.2 kB]
build (20.x, ubuntu-22.04)	Install deps linux	2026-02-02T03:56:48.7596846Z Get:19 http://azure.archive.ubuntu.com/ubuntu jammy-updates/multiverse amd64 c-n-f Metadata [612 B]
build (20.x, ubuntu-22.04)	Install deps linux	2026-02-02T03:56:48.9100233Z Get:20 http://azure.archive.ubuntu.com/ubuntu jammy-security/main amd64 Packages [2905 kB]
build (20.x, ubuntu-22.04)	Install deps linux	2026-02-02T03:56:48.9248204Z Get:21 http://azure.archive.ubuntu.com/ubuntu jammy-security/main Translation-en [419 kB]
build (20.x, ubuntu-22.04)	Install deps linux	2026-02-02T03:56:48.9275539Z Get:22 http://azure.archive.ubuntu.com/ubuntu jammy-security/main amd64 c-n-f Metadata [14.1 kB]
build (20.x, ubuntu-22.04)	Install deps linux	2026-02-02T03:56:48.9285923Z Get:23 http://azure.archive.ubuntu.com/ubuntu jammy-security/restricted amd64 Packages [4947 kB]
build (20.x, ubuntu-22.04)	Install deps linux	2026-02-02T03:56:48.9492722Z Get:24 http://azure.archive.ubuntu.com/ubuntu jammy-security/restricted Translation-en [929 kB]
build (20.x, ubuntu-22.04)	Install deps linux	2026-02-02T03:56:48.9544130Z Get:25 http://azure.archive.ubuntu.com/ubuntu jammy-security/restricted amd64 c-n-f Metadata [680 B]
build (20.x, ubuntu-22.04)	Install deps linux	2026-02-02T03:56:48.9556893Z Get:26 http://azure.archive.ubuntu.com/ubuntu jammy-security/universe amd64 Packages [1012 kB]
build (20.x, ubuntu-22.04)	Install deps linux	2026-02-02T03:56:48.9611356Z Get:27 http://azure.archive.ubuntu.com/ubuntu jammy-security/universe Translation-en [222 kB]
build (20.x, ubuntu-22.04)	Install deps linux	2026-02-02T03:56:48.9629832Z Get:28 http://azure.archive.ubuntu.com/ubuntu jammy-security/universe amd64 c-n-f Metadata [22.5 kB]
build (20.x, ubuntu-22.04)	Install deps linux	2026-02-02T03:56:48.9640646Z Get:29 http://azure.archive.ubuntu.com/ubuntu jammy-security/multiverse amd64 Packages [51.9 kB]
build (20.x, ubuntu-22.04)	Install deps linux	2026-02-02T03:56:48.9658066Z Get:30 http://azure.archive.ubuntu.com/ubuntu jammy-security/multiverse Translation-en [10.6 kB]
build (20.x, ubuntu-22.04)	Install deps linux	2026-02-02T03:56:48.9669995Z Get:31 http://azure.archive.ubuntu.com/ubuntu jammy-security/multiverse amd64 c-n-f Metadata [388 B]
build (20.x, ubuntu-22.04)	Install deps linux	2026-02-02T03:56:54.7835478Z Fetched 22.8 MB in 3s (7830 kB/s)
build (20.x, ubuntu-22.04)	Install deps linux	2026-02-02T03:56:55.7738348Z Reading package lists...
build (20.x, ubuntu-22.04)	Install deps linux	2026-02-02T03:56:56.0061932Z Building dependency tree...
build (20.x, ubuntu-22.04)	Install deps linux	2026-02-02T03:56:56.0072897Z Reading state information...
build (20.x, ubuntu-22.04)	Install deps linux	2026-02-02T03:56:56.0248652Z 24 packages can be upgraded. Run 'apt list --upgradable' to see them.
build (20.x, ubuntu-22.04)	Install deps linux	2026-02-02T03:56:56.0366950Z 
build (20.x, ubuntu-22.04)	Install deps linux	2026-02-02T03:56:56.0367750Z WARNING: apt does not have a stable CLI interface. Use with caution in scripts.
build (20.x, ubuntu-22.04)	Install deps linux	2026-02-02T03:56:56.0368133Z 
build (20.x, ubuntu-22.04)	Install deps linux	2026-02-02T03:56:56.0765200Z Reading package lists...
build (20.x, ubuntu-22.04)	Install deps linux	2026-02-02T03:56:56.3172044Z Building dependency tree...
build (20.x, ubuntu-22.04)	Install deps linux	2026-02-02T03:56:56.3183847Z Reading state information...
build (20.x, ubuntu-22.04)	Install deps linux	2026-02-02T03:56:56.5212384Z build-essential is already the newest version (12.9ubuntu3).
build (20.x, ubuntu-22.04)	Install deps linux	2026-02-02T03:56:56.5213329Z build-essential set to manually installed.
build (20.x, ubuntu-22.04)	Install deps linux	2026-02-02T03:56:56.5215201Z curl is already the newest version (7.81.0-1ubuntu1.21).
build (20.x, ubuntu-22.04)	Install deps linux	2026-02-02T03:56:56.5215978Z file is already the newest version (1:5.41-3ubuntu0.1).
build (20.x, ubuntu-22.04)	Install deps linux	2026-02-02T03:56:56.5216775Z librsvg2-dev is already the newest version (2.52.5+dfsg-3ubuntu0.2).
build (20.x, ubuntu-22.04)	Install deps linux	2026-02-02T03:56:56.5217395Z librsvg2-dev set to manually installed.
build (20.x, ubuntu-22.04)	Install deps linux	2026-02-02T03:56:56.5218237Z wget is already the newest version (1.21.2-2ubuntu1.1).
build (20.x, ubuntu-22.04)	Install deps linux	2026-02-02T03:56:56.5219003Z The following additional packages will be installed:
build (20.x, ubuntu-22.04)	Install deps linux	2026-02-02T03:56:56.5219887Z   bubblewrap gir1.2-atk-1.0 gir1.2-atspi-2.0 gir1.2-ayatanaappindicator3-0.1
build (20.x, ubuntu-22.04)	Install deps linux	2026-02-02T03:56:56.5220786Z   gir1.2-ayatanaido3-0.4 gir1.2-dazzle-1.0 gir1.2-dbusmenu-glib-0.4
build (20.x, ubuntu-22.04)	Install deps linux	2026-02-02T03:56:56.5221380Z   gir1.2-gtk-3.0 gir1.2-harfbuzz-0.0 gir1.2-json-1.0 gir1.2-pango-1.0
build (20.x, ubuntu-22.04)	Install deps linux	2026-02-02T03:56:56.5221995Z   gir1.2-polkit-1.0 gir1.2-soup-3.0 gstreamer1.0-gl gstreamer1.0-plugins-base
build (20.x, ubuntu-22.04)	Install deps linux	2026-02-02T03:56:56.5222603Z   gstreamer1.0-plugins-good gstreamer1.0-x libaa1 libasyncns0
build (20.x, ubuntu-22.04)	Install deps linux	2026-02-02T03:56:56.5223492Z   libatk-bridge2.0-dev libatk1.0-dev libatspi2.0-dev libavc1394-0
build (20.x, ubuntu-22.04)	Install deps linux	2026-02-02T03:56:56.5224775Z   libayatana-appindicator3-1 libayatana-ido3-0.4-0 libayatana-ido3-dev
build (20.x, ubuntu-22.04)	Install deps linux	2026-02-02T03:56:56.5225937Z   libayatana-indicator3-7 libayatana-indicator3-dev libcaca0 libcdparanoia0
build (20.x, ubuntu-22.04)	Install deps linux	2026-02-02T03:56:56.5226978Z   libdatrie-dev libdazzle-1.0-0 libdazzle-1.0-dev libdazzle-common
build (20.x, ubuntu-22.04)	Install deps linux	2026-02-02T03:56:56.5228011Z   libdbus-1-dev libdbus-glib-1-dev libdbus-glib-1-dev-bin libdbusmenu-glib-dev
build (20.x, ubuntu-22.04)	Install deps linux	2026-02-02T03:56:56.5229040Z   libdv4 libegl-dev libegl-mesa0 libegl1 libegl1-mesa-dev libepoxy-dev
build (20.x, ubuntu-22.04)	Install deps linux	2026-02-02T03:56:56.5230015Z   libevdev2 libflac8 libfribidi-dev libgl-dev libgles-dev libgles1 libgles2
build (20.x, ubuntu-22.04)	Install deps linux	2026-02-02T03:56:56.5231041Z   libglvnd-core-dev libglvnd-dev libglx-dev libgraphene-1.0-0 libgraphite2-dev
build (20.x, ubuntu-22.04)	Install deps linux	2026-02-02T03:56:56.5231926Z   libgstreamer-gl1.0-0 libgstreamer-plugins-base1.0-0
build (20.x, ubuntu-22.04)	Install deps linux	2026-02-02T03:56:56.5232755Z   libgstreamer-plugins-good1.0-0 libharfbuzz-dev libharfbuzz-gobject0
build (20.x, ubuntu-22.04)	Install deps linux	2026-02-02T03:56:56.5233615Z   libharfbuzz-icu0 libhyphen0 libiec61883-0 libjack-jackd2-0
build (20.x, ubuntu-22.04)	Install deps linux	2026-02-02T03:56:56.5234727Z   libjavascriptcoregtk-4.1-0 libjavascriptcoregtk-4.1-dev libjson-glib-dev
build (20.x, ubuntu-22.04)	Install deps linux	2026-02-02T03:56:56.5236046Z   libmanette-0.2-0 libmp3lame0 libmpg123-0 libnghttp2-dev libopengl-dev
build (20.x, ubuntu-22.04)	Install deps linux	2026-02-02T03:56:56.5236953Z   libopengl0 libopus0 liborc-0.4-0 libpango1.0-dev libpangoxft-1.0-0
build (20.x, ubuntu-22.04)	Install deps linux	2026-02-02T03:56:56.5237845Z   libpipewire-0.3-0 libpipewire-0.3-common libpipewire-0.3-modules
build (20.x, ubuntu-22.04)	Install deps linux	2026-02-02T03:56:56.5238758Z   libpolkit-gobject-1-dev libpsl-dev libpulse0 libraw1394-11 libsamplerate0
build (20.x, ubuntu-22.04)	Install deps linux	2026-02-02T03:56:56.5239754Z   libshout3 libsndfile1 libsoup-3.0-0 libsoup-3.0-common libsoup-3.0-dev
build (20.x, ubuntu-22.04)	Install deps linux	2026-02-02T03:56:56.5240670Z   libspa-0.2-modules libspeex1 libssl3 libsysprof-4 libsysprof-4-dev
build (20.x, ubuntu-22.04)	Install deps linux	2026-02-02T03:56:56.5241528Z   libsysprof-ui-4 libtag1v5 libtag1v5-vanilla libthai-dev libtheora0
build (20.x, ubuntu-22.04)	Install deps linux	2026-02-02T03:56:56.5242502Z   libtwolame0 libv4l-0 libv4lconvert0 libvisual-0.4-0 libvorbisenc2 libvpx7
build (20.x, ubuntu-22.04)	Install deps linux	2026-02-02T03:56:56.5243487Z   libwavpack1 libwayland-bin libwayland-dev libwebkit2gtk-4.1-0
build (20.x, ubuntu-22.04)	Install deps linux	2026-02-02T03:56:56.5244693Z   libwebrtc-audio-processing1 libwoff1 libxcomposite-dev libxcursor-dev
build (20.x, ubuntu-22.04)	Install deps linux	2026-02-02T03:56:56.5245719Z   libxdamage-dev libxdo3 libxfixes-dev libxft-dev libxi-dev libxinerama-dev
build (20.x, ubuntu-22.04)	Install deps linux	2026-02-02T03:56:56.5246330Z   libxkbcommon-dev libxrandr-dev libxtst-dev libxv1 pango1.0-tools pipewire
build (20.x, ubuntu-22.04)	Install deps linux	2026-02-02T03:56:56.5246952Z   pipewire-bin pipewire-media-session rtkit wayland-protocols xdg-dbus-proxy
build (20.x, ubuntu-22.04)	Install deps linux	2026-02-02T03:56:56.5247423Z   xdg-desktop-portal xdg-desktop-portal-gtk
build (20.x, ubuntu-22.04)	Install deps linux	2026-02-02T03:56:56.5247721Z Suggested packages:
build (20.x, ubuntu-22.04)	Install deps linux	2026-02-02T03:56:56.5248080Z   gvfs libdatrie-doc libdazzle-doc libdazzle-tools libdv-bin oss-compat
build (20.x, ubuntu-22.04)	Install deps linux	2026-02-02T03:56:56.5248569Z   libgraphite2-utils libvisual-0.4-plugins libgtk-3-doc jackd2
build (20.x, ubuntu-22.04)	Install deps linux	2026-02-02T03:56:56.5249062Z   libjson-glib-doc libnghttp2-doc opus-tools libpango1.0-doc pulseaudio
build (20.x, ubuntu-22.04)	Install deps linux	2026-02-02T03:56:56.5249613Z   libraw1394-doc libsoup-3.0-doc speex libssl-doc libthai-doc libwayland-doc
build (20.x, ubuntu-22.04)	Install deps linux	2026-02-02T03:56:56.5250177Z   gstreamer1.0-libav gstreamer1.0-plugins-bad gstreamer1.0-alsa graphicsmagick
build (20.x, ubuntu-22.04)	Install deps linux	2026-02-02T03:56:56.5250651Z   accountsservice evince xdg-desktop-portal-gnome
build (20.x, ubuntu-22.04)	Install deps linux	2026-02-02T03:56:56.6328594Z The following NEW packages will be installed:
build (20.x, ubuntu-22.04)	Install deps linux	2026-02-02T03:56:56.6329671Z   bubblewrap gir1.2-atk-1.0 gir1.2-atspi-2.0 gir1.2-ayatanaappindicator3-0.1
build (20.x, ubuntu-22.04)	Install deps linux	2026-02-02T03:56:56.6330886Z   gir1.2-ayatanaido3-0.4 gir1.2-dazzle-1.0 gir1.2-dbusmenu-glib-0.4
build (20.x, ubuntu-22.04)	Install deps linux	2026-02-02T03:56:56.6332515Z   gir1.2-gtk-3.0 gir1.2-harfbuzz-0.0 gir1.2-json-1.0 gir1.2-pango-1.0
build (20.x, ubuntu-22.04)	Install deps linux	2026-02-02T03:56:56.6333994Z   gir1.2-polkit-1.0 gir1.2-soup-3.0 gstreamer1.0-gl gstreamer1.0-plugins-base
build (20.x, ubuntu-22.04)	Install deps linux	2026-02-02T03:56:56.6335232Z   gstreamer1.0-plugins-good gstreamer1.0-x libaa1 libasyncns0
build (20.x, ubuntu-22.04)	Install deps linux	2026-02-02T03:56:56.6336300Z   libatk-bridge2.0-dev libatk1.0-dev libatspi2.0-dev libavc1394-0
build (20.x, ubuntu-22.04)	Install deps linux	2026-02-02T03:56:56.6337287Z   libayatana-appindicator3-1 libayatana-appindicator3-dev
build (20.x, ubuntu-22.04)	Install deps linux	2026-02-02T03:56:56.6338154Z   libayatana-ido3-0.4-0 libayatana-ido3-dev libayatana-indicator3-7
build (20.x, ubuntu-22.04)	Install deps linux	2026-02-02T03:56:56.6339091Z   libayatana-indicator3-dev libcaca0 libcdparanoia0 libdatrie-dev
build (20.x, ubuntu-22.04)	Install deps linux	2026-02-02T03:56:56.6339988Z   libdazzle-1.0-0 libdazzle-1.0-dev libdazzle-common libdbus-1-dev
build (20.x, ubuntu-22.04)	Install deps linux	2026-02-02T03:56:56.6340939Z   libdbus-glib-1-dev libdbus-glib-1-dev-bin libdbusmenu-glib-dev libdv4
build (20.x, ubuntu-22.04)	Install deps linux	2026-02-02T03:56:56.6341913Z   libegl-dev libegl-mesa0 libegl1 libegl1-mesa-dev libepoxy-dev libevdev2
build (20.x, ubuntu-22.04)	Install deps linux	2026-02-02T03:56:56.6342798Z   libflac8 libfribidi-dev libgl-dev libgles-dev libgles1 libgles2
build (20.x, ubuntu-22.04)	Install deps linux	2026-02-02T03:56:56.6343515Z   libglvnd-core-dev libglvnd-dev libglx-dev libgraphene-1.0-0 libgraphite2-dev
build (20.x, ubuntu-22.04)	Install deps linux	2026-02-02T03:56:56.6344638Z   libgstreamer-gl1.0-0 libgstreamer-plugins-base1.0-0
build (20.x, ubuntu-22.04)	Install deps linux	2026-02-02T03:56:56.6345449Z   libgstreamer-plugins-good1.0-0 libgtk-3-dev libharfbuzz-dev
build (20.x, ubuntu-22.04)	Install deps linux	2026-02-02T03:56:56.6346310Z   libharfbuzz-gobject0 libharfbuzz-icu0 libhyphen0 libiec61883-0
build (20.x, ubuntu-22.04)	Install deps linux	2026-02-02T03:56:56.6347111Z   libjack-jackd2-0 libjavascriptcoregtk-4.1-0 libjavascriptcoregtk-4.1-dev
build (20.x, ubuntu-22.04)	Install deps linux	2026-02-02T03:56:56.6348071Z   libjson-glib-dev libmanette-0.2-0 libmp3lame0 libmpg123-0 libnghttp2-dev
build (20.x, ubuntu-22.04)	Install deps linux	2026-02-02T03:56:56.6348697Z   libopengl-dev libopengl0 libopus0 liborc-0.4-0 libpango1.0-dev
build (20.x, ubuntu-22.04)	Install deps linux	2026-02-02T03:56:56.6349412Z   libpangoxft-1.0-0 libpipewire-0.3-0 libpipewire-0.3-common
build (20.x, ubuntu-22.04)	Install deps linux	2026-02-02T03:56:56.6350083Z   libpipewire-0.3-modules libpolkit-gobject-1-dev libpsl-dev libpulse0
build (20.x, ubuntu-22.04)	Install deps linux	2026-02-02T03:56:56.6350593Z   libraw1394-11 libsamplerate0 libshout3 libsndfile1 libsoup-3.0-0
build (20.x, ubuntu-22.04)	Install deps linux	2026-02-02T03:56:56.6351130Z   libsoup-3.0-common libsoup-3.0-dev libspa-0.2-modules libspeex1 libsysprof-4
build (20.x, ubuntu-22.04)	Install deps linux	2026-02-02T03:56:56.6351686Z   libsysprof-4-dev libsysprof-ui-4 libtag1v5 libtag1v5-vanilla libthai-dev
build (20.x, ubuntu-22.04)	Install deps linux	2026-02-02T03:56:56.6352219Z   libtheora0 libtwolame0 libv4l-0 libv4lconvert0 libvisual-0.4-0 libvorbisenc2
build (20.x, ubuntu-22.04)	Install deps linux	2026-02-02T03:56:56.6352751Z   libvpx7 libwavpack1 libwayland-bin libwayland-dev libwebkit2gtk-4.1-0
build (20.x, ubuntu-22.04)	Install deps linux	2026-02-02T03:56:56.6353287Z   libwebkit2gtk-4.1-dev libwebrtc-audio-processing1 libwoff1 libxcomposite-dev
build (20.x, ubuntu-22.04)	Install deps linux	2026-02-02T03:56:56.6354057Z   libxcursor-dev libxdamage-dev libxdo-dev libxdo3 libxfixes-dev libxft-dev
build (20.x, ubuntu-22.04)	Install deps linux	2026-02-02T03:56:56.6354614Z   libxi-dev libxinerama-dev libxkbcommon-dev libxrandr-dev libxtst-dev libxv1
build (20.x, ubuntu-22.04)	Install deps linux	2026-02-02T03:56:56.6355147Z   pango1.0-tools pipewire pipewire-bin pipewire-media-session rtkit
build (20.x, ubuntu-22.04)	Install deps linux	2026-02-02T03:56:56.6355676Z   wayland-protocols xdg-dbus-proxy xdg-desktop-portal xdg-desktop-portal-gtk
build (20.x, ubuntu-22.04)	Install deps linux	2026-02-02T03:56:56.6356264Z The following packages will be upgraded:
build (20.x, ubuntu-22.04)	Install deps linux	2026-02-02T03:56:56.6356550Z   libssl-dev libssl3
build (20.x, ubuntu-22.04)	Install deps linux	2026-02-02T03:56:56.6904068Z 2 upgraded, 137 newly installed, 0 to remove and 22 not upgraded.
build (20.x, ubuntu-22.04)	Install deps linux	2026-02-02T03:56:56.7505027Z Need to get 59.9 MB of archives.
build (20.x, ubuntu-22.04)	Install deps linux	2026-02-02T03:56:56.7505601Z After this operation, 216 MB of additional disk space will be used.
build (20.x, ubuntu-22.04)	Install deps linux	2026-02-02T03:56:56.7506247Z Get:1 file:/etc/apt/apt-mirrors.txt Mirrorlist [144 B]
build (20.x, ubuntu-22.04)	Install deps linux	2026-02-02T03:56:56.8344581Z Get:2 http://azure.archive.ubuntu.com/ubuntu jammy-updates/main amd64 libssl-dev amd64 3.0.2-0ubuntu1.21 [2375 kB]
build (20.x, ubuntu-22.04)	Install deps linux	2026-02-02T03:56:57.0355825Z Get:3 http://azure.archive.ubuntu.com/ubuntu jammy-updates/main amd64 libssl3 amd64 3.0.2-0ubuntu1.21 [1905 kB]
build (20.x, ubuntu-22.04)	Install deps linux	2026-02-02T03:56:57.1305416Z Get:4 http://azure.archive.ubuntu.com/ubuntu jammy-updates/main amd64 bubblewrap amd64 0.6.1-1ubuntu0.1 [46.3 kB]
build (20.x, ubuntu-22.04)	Install deps linux	2026-02-02T03:56:57.1960588Z Get:5 http://azure.archive.ubuntu.com/ubuntu jammy/main amd64 gir1.2-atk-1.0 amd64 2.36.0-3build1 [21.0 kB]
build (20.x, ubuntu-22.04)	Install deps linux	2026-02-02T03:56:57.2614148Z Get:6 http://azure.archive.ubuntu.com/ubuntu jammy/main amd64 gir1.2-atspi-2.0 amd64 2.44.0-3 [18.1 kB]
build (20.x, ubuntu-22.04)	Install deps linux	2026-02-02T03:56:57.3266429Z Get:7 http://azure.archive.ubuntu.com/ubuntu jammy-updates/main amd64 gir1.2-harfbuzz-0.0 amd64 2.7.4-1ubuntu3.2 [31.6 kB]
build (20.x, ubuntu-22.04)	Install deps linux	2026-02-02T03:56:57.3997629Z Get:8 http://azure.archive.ubuntu.com/ubuntu jammy-updates/main amd64 libpangoxft-1.0-0 amd64 1.50.6+ds-2ubuntu1 [31.0 kB]
build (20.x, ubuntu-22.04)	Install deps linux	2026-02-02T03:56:57.4657313Z Get:9 http://azure.archive.ubuntu.com/ubuntu jammy-updates/main amd64 gir1.2-pango-1.0 amd64 1.50.6+ds-2ubuntu1 [44.0 kB]
build (20.x, ubuntu-22.04)	Install deps linux	2026-02-02T03:56:57.5311655Z Get:10 http://azure.archive.ubuntu.com/ubuntu jammy-updates/main amd64 gir1.2-gtk-3.0 amd64 3.24.33-1ubuntu2.2 [240 kB]
build (20.x, ubuntu-22.04)	Install deps linux	2026-02-02T03:56:57.5988406Z Get:11 http://azure.archive.ubuntu.com/ubuntu jammy/main amd64 libayatana-ido3-0.4-0 amd64 0.9.1-1 [61.0 kB]
build (20.x, ubuntu-22.04)	Install deps linux	2026-02-02T03:56:57.6646868Z Get:12 http://azure.archive.ubuntu.com/ubuntu jammy/main amd64 libayatana-indicator3-7 amd64 0.9.1-1 [33.6 kB]
build (20.x, ubuntu-22.04)	Install deps linux	2026-02-02T03:56:57.7309763Z Get:13 http://azure.archive.ubuntu.com/ubuntu jammy/main amd64 libayatana-appindicator3-1 amd64 0.5.90-7ubuntu2 [25.0 kB]
build (20.x, ubuntu-22.04)	Install deps linux	2026-02-02T03:56:57.7961842Z Get:14 http://azure.archive.ubuntu.com/ubuntu jammy/main amd64 gir1.2-ayatanaappindicator3-0.1 amd64 0.5.90-7ubuntu2 [5822 B]
build (20.x, ubuntu-22.04)	Install deps linux	2026-02-02T03:56:57.8611902Z Get:15 http://azure.archive.ubuntu.com/ubuntu jammy/main amd64 gir1.2-ayatanaido3-0.4 amd64 0.9.1-1 [6356 B]
build (20.x, ubuntu-22.04)	Install deps linux	2026-02-02T03:56:57.9268245Z Get:16 http://azure.archive.ubuntu.com/ubuntu jammy/main amd64 libdazzle-common all 3.44.0-1 [3400 B]
build (20.x, ubuntu-22.04)	Install deps linux	2026-02-02T03:56:57.9934080Z Get:17 http://azure.archive.ubuntu.com/ubuntu jammy/main amd64 libdazzle-1.0-0 amd64 3.44.0-1 [356 kB]
build (20.x, ubuntu-22.04)	Install deps linux	2026-02-02T03:56:58.0670756Z Get:18 http://azure.archive.ubuntu.com/ubuntu jammy/main amd64 gir1.2-dazzle-1.0 amd64 3.44.0-1 [36.7 kB]
build (20.x, ubuntu-22.04)	Install deps linux	2026-02-02T03:56:58.1328489Z Get:19 http://azure.archive.ubuntu.com/ubuntu jammy/main amd64 gir1.2-dbusmenu-glib-0.4 amd64 16.04.1+18.10.20180917-0ubuntu8 [6624 B]
build (20.x, ubuntu-22.04)	Install deps linux	2026-02-02T03:56:58.1988560Z Get:20 http://azure.archive.ubuntu.com/ubuntu jammy/main amd64 gir1.2-json-1.0 amd64 1.6.6-1build1 [8874 B]
build (20.x, ubuntu-22.04)	Install deps linux	2026-02-02T03:56:58.2644840Z Get:21 http://azure.archive.ubuntu.com/ubuntu jammy/main amd64 gir1.2-polkit-1.0 amd64 0.105-33 [7758 B]
build (20.x, ubuntu-22.04)	Install deps linux	2026-02-02T03:56:58.3296315Z Get:22 http://azure.archive.ubuntu.com/ubuntu jammy-updates/universe amd64 libsoup-3.0-common all 3.0.7-0ubuntu1 [62.1 kB]
build (20.x, ubuntu-22.04)	Install deps linux	2026-02-02T03:56:58.3951395Z Get:23 http://azure.archive.ubuntu.com/ubuntu jammy-updates/universe amd64 libsoup-3.0-0 amd64 3.0.7-0ubuntu1 [278 kB]
build (20.x, ubuntu-22.04)	Install deps linux	2026-02-02T03:56:58.4629721Z Get:24 http://azure.archive.ubuntu.com/ubuntu jammy-updates/universe amd64 gir1.2-soup-3.0 amd64 3.0.7-0ubuntu1 [21.8 kB]
build (20.x, ubuntu-22.04)	Install deps linux	2026-02-02T03:56:58.5283893Z Get:25 http://azure.archive.ubuntu.com/ubuntu jammy/main amd64 libgraphene-1.0-0 amd64 1.10.8-1 [48.2 kB]
build (20.x, ubuntu-22.04)	Install deps linux	2026-02-02T03:56:58.5947365Z Get:26 http://azure.archive.ubuntu.com/ubuntu jammy-updates/main amd64 libegl-mesa0 amd64 23.2.1-1ubuntu3.1~22.04.3 [118 kB]
build (20.x, ubuntu-22.04)	Install deps linux	2026-02-02T03:56:58.6608376Z Get:27 http://azure.archive.ubuntu.com/ubuntu jammy/main amd64 libegl1 amd64 1.4.0-1 [28.6 kB]
build (20.x, ubuntu-22.04)	Install deps linux	2026-02-02T03:56:58.7263232Z Get:28 http://azure.archive.ubuntu.com/ubuntu jammy-updates/main amd64 liborc-0.4-0 amd64 1:0.4.32-2ubuntu0.1 [228 kB]
build (20.x, ubuntu-22.04)	Install deps linux	2026-02-02T03:56:58.7937675Z Get:29 http://azure.archive.ubuntu.com/ubuntu jammy-updates/main amd64 libgstreamer-plugins-base1.0-0 amd64 1.20.1-1ubuntu0.5 [848 kB]
build (20.x, ubuntu-22.04)	Install deps linux	2026-02-02T03:56:58.8710036Z Get:30 http://azure.archive.ubuntu.com/ubuntu jammy-updates/main amd64 libgstreamer-gl1.0-0 amd64 1.20.1-1ubuntu0.5 [204 kB]
build (20.x, ubuntu-22.04)	Install deps linux	2026-02-02T03:56:58.9380727Z Get:31 http://azure.archive.ubuntu.com/ubuntu jammy-updates/main amd64 gstreamer1.0-gl amd64 1.20.1-1ubuntu0.5 [125 kB]
build (20.x, ubuntu-22.04)	Install deps linux	2026-02-02T03:56:59.0041286Z Get:32 http://azure.archive.ubuntu.com/ubuntu jammy/main amd64 libcdparanoia0 amd64 3.10.2+debian-14build2 [49.3 kB]
build (20.x, ubuntu-22.04)	Install deps linux	2026-02-02T03:56:59.0744361Z Get:33 http://azure.archive.ubuntu.com/ubuntu jammy/main amd64 libopus0 amd64 1.3.1-0.1build2 [203 kB]
build (20.x, ubuntu-22.04)	Install deps linux	2026-02-02T03:56:59.1417329Z Get:34 http://azure.archive.ubuntu.com/ubuntu jammy/main amd64 libtheora0 amd64 1.1.1+dfsg.1-15ubuntu4 [209 kB]
build (20.x, ubuntu-22.04)	Install deps linux	2026-02-02T03:56:59.2084659Z Get:35 http://azure.archive.ubuntu.com/ubuntu jammy/main amd64 libvisual-0.4-0 amd64 0.4.0-17build2 [108 kB]
build (20.x, ubuntu-22.04)	Install deps linux	2026-02-02T03:56:59.2745342Z Get:36 http://azure.archive.ubuntu.com/ubuntu jammy/main amd64 libvorbisenc2 amd64 1.3.7-1build2 [82.6 kB]
build (20.x, ubuntu-22.04)	Install deps linux	2026-02-02T03:56:59.3406102Z Get:37 http://azure.archive.ubuntu.com/ubuntu jammy-updates/main amd64 gstreamer1.0-plugins-base amd64 1.20.1-1ubuntu0.5 [712 kB]
build (20.x, ubuntu-22.04)	Install deps linux	2026-02-02T03:56:59.4173378Z Get:38 http://azure.archive.ubuntu.com/ubuntu jammy/main amd64 libaa1 amd64 1.4p5-50build1 [51.9 kB]
build (20.x, ubuntu-22.04)	Install deps linux	2026-02-02T03:56:59.4830789Z Get:39 http://azure.archive.ubuntu.com/ubuntu jammy/main amd64 libraw1394-11 amd64 2.1.2-2build2 [27.0 kB]
build (20.x, ubuntu-22.04)	Install deps linux	2026-02-02T03:56:59.5486446Z Get:40 http://azure.archive.ubuntu.com/ubuntu jammy/main amd64 libavc1394-0 amd64 0.5.4-5build2 [17.0 kB]
build (20.x, ubuntu-22.04)	Install deps linux	2026-02-02T03:56:59.6141565Z Get:41 http://azure.archive.ubuntu.com/ubuntu jammy-updates/main amd64 libcaca0 amd64 0.99.beta19-2.2ubuntu4.1 [224 kB]
build (20.x, ubuntu-22.04)	Install deps linux	2026-02-02T03:56:59.6816522Z Get:42 http://azure.archive.ubuntu.com/ubuntu jammy/main amd64 libdv4 amd64 1.0.0-14build1 [61.9 kB]
build (20.x, ubuntu-22.04)	Install deps linux	2026-02-02T03:56:59.7474346Z Get:43 http://azure.archive.ubuntu.com/ubuntu jammy-updates/main amd64 libflac8 amd64 1.3.3-2ubuntu0.2 [111 kB]
build (20.x, ubuntu-22.04)	Install deps linux	2026-02-02T03:56:59.8143203Z Get:44 http://azure.archive.ubuntu.com/ubuntu jammy-updates/main amd64 libgstreamer-plugins-good1.0-0 amd64 1.20.3-0ubuntu1.4 [30.2 kB]
build (20.x, ubuntu-22.04)	Install deps linux	2026-02-02T03:56:59.8798163Z Get:45 http://azure.archive.ubuntu.com/ubuntu jammy/main amd64 libiec61883-0 amd64 1.2.0-4build3 [25.9 kB]
build (20.x, ubuntu-22.04)	Install deps linux	2026-02-02T03:56:59.9451876Z Get:46 http://azure.archive.ubuntu.com/ubuntu jammy/main amd64 libsamplerate0 amd64 0.2.2-1build1 [1359 kB]
build (20.x, ubuntu-22.04)	Install deps linux	2026-02-02T03:57:00.0311329Z Get:47 http://azure.archive.ubuntu.com/ubuntu jammy/main amd64 libjack-jackd2-0 amd64 1.9.20~dfsg-1 [293 kB]
build (20.x, ubuntu-22.04)	Install deps linux	2026-02-02T03:57:00.1001249Z Get:48 http://azure.archive.ubuntu.com/ubuntu jammy/main amd64 libmp3lame0 amd64 3.100-3build2 [141 kB]
build (20.x, ubuntu-22.04)	Install deps linux	2026-02-02T03:57:00.1663383Z Get:49 http://azure.archive.ubuntu.com/ubuntu jammy-updates/main amd64 libmpg123-0 amd64 1.29.3-1ubuntu0.1 [172 kB]
build (20.x, ubuntu-22.04)	Install deps linux	2026-02-02T03:57:00.2327484Z Get:50 http://azure.archive.ubuntu.com/ubuntu jammy/main amd64 libasyncns0 amd64 0.8-6build2 [12.8 kB]
build (20.x, ubuntu-22.04)	Install deps linux	2026-02-02T03:57:00.2980304Z Get:51 http://azure.archive.ubuntu.com/ubuntu jammy-updates/main amd64 libsndfile1 amd64 1.0.31-2ubuntu0.2 [196 kB]
build (20.x, ubuntu-22.04)	Install deps linux	2026-02-02T03:57:00.3662340Z Get:52 http://azure.archive.ubuntu.com/ubuntu jammy-updates/main amd64 libpulse0 amd64 1:15.99.1+dfsg1-1ubuntu2.2 [298 kB]
build (20.x, ubuntu-22.04)	Install deps linux	2026-02-02T03:57:00.4360572Z Get:53 http://azure.archive.ubuntu.com/ubuntu jammy/main amd64 libspeex1 amd64 1.2~rc1.2-1.1ubuntu3 [57.9 kB]
build (20.x, ubuntu-22.04)	Install deps linux	2026-02-02T03:57:00.5021329Z Get:54 http://azure.archive.ubuntu.com/ubuntu jammy/main amd64 libshout3 amd64 2.4.5-1build3 [54.5 kB]
build (20.x, ubuntu-22.04)	Install deps linux	2026-02-02T03:57:00.5673481Z Get:55 http://azure.archive.ubuntu.com/ubuntu jammy/main amd64 libtag1v5-vanilla amd64 1.11.1+dfsg.1-3ubuntu3 [304 kB]
build (20.x, ubuntu-22.04)	Install deps linux	2026-02-02T03:57:00.6374918Z Get:56 http://azure.archive.ubuntu.com/ubuntu jammy/main amd64 libtag1v5 amd64 1.11.1+dfsg.1-3ubuntu3 [11.5 kB]
build (20.x, ubuntu-22.04)	Install deps linux	2026-02-02T03:57:00.7026999Z Get:57 http://azure.archive.ubuntu.com/ubuntu jammy/main amd64 libtwolame0 amd64 0.4.0-2build2 [52.5 kB]
build (20.x, ubuntu-22.04)	Install deps linux	2026-02-02T03:57:00.7683560Z Get:58 http://azure.archive.ubuntu.com/ubuntu jammy/main amd64 libv4lconvert0 amd64 1.22.1-2build1 [82.4 kB]
build (20.x, ubuntu-22.04)	Install deps linux	2026-02-02T03:57:00.8365414Z Get:59 http://azure.archive.ubuntu.com/ubuntu jammy/main amd64 libv4l-0 amd64 1.22.1-2build1 [44.9 kB]
build (20.x, ubuntu-22.04)	Install deps linux	2026-02-02T03:57:00.9020092Z Get:60 http://azure.archive.ubuntu.com/ubuntu jammy-updates/main amd64 libvpx7 amd64 1.11.0-2ubuntu2.4 [1078 kB]
build (20.x, ubuntu-22.04)	Install deps linux	2026-02-02T03:57:00.9830117Z Get:61 http://azure.archive.ubuntu.com/ubuntu jammy/main amd64 libwavpack1 amd64 5.4.0-1build2 [83.7 kB]
build (20.x, ubuntu-22.04)	Install deps linux	2026-02-02T03:57:01.0490077Z Get:62 http://azure.archive.ubuntu.com/ubuntu jammy-updates/main amd64 gstreamer1.0-plugins-good amd64 1.20.3-0ubuntu1.4 [2009 kB]
build (20.x, ubuntu-22.04)	Install deps linux	2026-02-02T03:57:01.1450955Z Get:63 http://azure.archive.ubuntu.com/ubuntu jammy/main amd64 libxv1 amd64 2:1.0.11-1build2 [11.2 kB]
build (20.x, ubuntu-22.04)	Install deps linux	2026-02-02T03:57:01.2115334Z Get:64 http://azure.archive.ubuntu.com/ubuntu jammy-updates/main amd64 gstreamer1.0-x amd64 1.20.1-1ubuntu0.5 [85.1 kB]
build (20.x, ubuntu-22.04)	Install deps linux	2026-02-02T03:57:01.2789491Z Get:65 http://azure.archive.ubuntu.com/ubuntu jammy/main amd64 libatk1.0-dev amd64 2.36.0-3build1 [96.6 kB]
build (20.x, ubuntu-22.04)	Install deps linux	2026-02-02T03:57:01.3455246Z Get:66 http://azure.archive.ubuntu.com/ubuntu jammy-updates/main amd64 libdbus-1-dev amd64 1.12.20-2ubuntu4.1 [188 kB]
build (20.x, ubuntu-22.04)	Install deps linux	2026-02-02T03:57:01.4154911Z Get:67 http://azure.archive.ubuntu.com/ubuntu jammy/main amd64 libxfixes-dev amd64 1:6.0.0-1 [12.2 kB]
build (20.x, ubuntu-22.04)	Install deps linux	2026-02-02T03:57:01.4803400Z Get:68 http://azure.archive.ubuntu.com/ubuntu jammy/main amd64 libxi-dev amd64 2:1.8-1build1 [193 kB]
build (20.x, ubuntu-22.04)	Install deps linux	2026-02-02T03:57:01.5477836Z Get:69 http://azure.archive.ubuntu.com/ubuntu jammy/main amd64 libxtst-dev amd64 2:1.2.3-1build4 [16.3 kB]
build (20.x, ubuntu-22.04)	Install deps linux	2026-02-02T03:57:01.6681873Z Get:70 http://azure.archive.ubuntu.com/ubuntu jammy/main amd64 libatspi2.0-dev amd64 2.44.0-3 [71.5 kB]
build (20.x, ubuntu-22.04)	Install deps linux	2026-02-02T03:57:01.8827653Z Get:71 http://azure.archive.ubuntu.com/ubuntu jammy/main amd64 libatk-bridge2.0-dev amd64 2.38.0-3 [2954 B]
build (20.x, ubuntu-22.04)	Install deps linux	2026-02-02T03:57:01.9439309Z Get:72 http://azure.archive.ubuntu.com/ubuntu jammy/main amd64 libglx-dev amd64 1.4.0-1 [14.1 kB]
build (20.x, ubuntu-22.04)	Install deps linux	2026-02-02T03:57:02.0134327Z Get:73 http://azure.archive.ubuntu.com/ubuntu jammy/main amd64 libgl-dev amd64 1.4.0-1 [101 kB]
build (20.x, ubuntu-22.04)	Install deps linux	2026-02-02T03:57:02.1443554Z Get:74 http://azure.archive.ubuntu.com/ubuntu jammy/main amd64 libegl-dev amd64 1.4.0-1 [18.0 kB]
build (20.x, ubuntu-22.04)	Install deps linux	2026-02-02T03:57:02.2075562Z Get:75 http://azure.archive.ubuntu.com/ubuntu jammy/main amd64 libglvnd-core-dev amd64 1.4.0-1 [12.7 kB]
build (20.x, ubuntu-22.04)	Install deps linux	2026-02-02T03:57:02.2719472Z Get:76 http://azure.archive.ubuntu.com/ubuntu jammy/main amd64 libgles1 amd64 1.4.0-1 [11.5 kB]
build (20.x, ubuntu-22.04)	Install deps linux	2026-02-02T03:57:02.3379429Z Get:77 http://azure.archive.ubuntu.com/ubuntu jammy/main amd64 libgles2 amd64 1.4.0-1 [18.0 kB]
build (20.x, ubuntu-22.04)	Install deps linux	2026-02-02T03:57:02.4045657Z Get:78 http://azure.archive.ubuntu.com/ubuntu jammy/main amd64 libgles-dev amd64 1.4.0-1 [49.4 kB]
build (20.x, ubuntu-22.04)	Install deps linux	2026-02-02T03:57:02.4663333Z Get:79 http://azure.archive.ubuntu.com/ubuntu jammy/main amd64 libopengl0 amd64 1.4.0-1 [36.5 kB]
build (20.x, ubuntu-22.04)	Install deps linux	2026-02-02T03:57:02.5354995Z Get:80 http://azure.archive.ubuntu.com/ubuntu jammy/main amd64 libopengl-dev amd64 1.4.0-1 [3400 B]
build (20.x, ubuntu-22.04)	Install deps linux	2026-02-02T03:57:02.6003102Z Get:81 http://azure.archive.ubuntu.com/ubuntu jammy/main amd64 libglvnd-dev amd64 1.4.0-1 [3162 B]
build (20.x, ubuntu-22.04)	Install deps linux	2026-02-02T03:57:02.6609286Z Get:82 http://azure.archive.ubuntu.com/ubuntu jammy-updates/main amd64 libegl1-mesa-dev amd64 23.2.1-1ubuntu3.1~22.04.3 [11.1 kB]
build (20.x, ubuntu-22.04)	Install deps linux	2026-02-02T03:57:02.7280939Z Get:83 http://azure.archive.ubuntu.com/ubuntu jammy/main amd64 libepoxy-dev amd64 1.5.10-1 [132 kB]
build (20.x, ubuntu-22.04)	Install deps linux	2026-02-02T03:57:02.7958345Z Get:84 http://azure.archive.ubuntu.com/ubuntu jammy-updates/main amd64 libfribidi-dev amd64 1.0.8-2ubuntu3.1 [64.8 kB]
build (20.x, ubuntu-22.04)	Install deps linux	2026-02-02T03:57:02.8610332Z Get:85 http://azure.archive.ubuntu.com/ubuntu jammy-updates/main amd64 libharfbuzz-icu0 amd64 2.7.4-1ubuntu3.2 [5890 B]
build (20.x, ubuntu-22.04)	Install deps linux	2026-02-02T03:57:02.9267689Z Get:86 http://azure.archive.ubuntu.com/ubuntu jammy-updates/main amd64 libharfbuzz-gobject0 amd64 2.7.4-1ubuntu3.2 [26.0 kB]
build (20.x, ubuntu-22.04)	Install deps linux	2026-02-02T03:57:02.9921035Z Get:87 http://azure.archive.ubuntu.com/ubuntu jammy/main amd64 libgraphite2-dev amd64 1.3.14-1build2 [14.7 kB]
build (20.x, ubuntu-22.04)	Install deps linux	2026-02-02T03:57:03.0577362Z Get:88 http://azure.archive.ubuntu.com/ubuntu jammy-updates/main amd64 libharfbuzz-dev amd64 2.7.4-1ubuntu3.2 [554 kB]
build (20.x, ubuntu-22.04)	Install deps linux	2026-02-02T03:57:03.1283957Z Get:89 http://azure.archive.ubuntu.com/ubuntu jammy/main amd64 libdatrie-dev amd64 0.2.13-2 [19.7 kB]
build (20.x, ubuntu-22.04)	Install deps linux	2026-02-02T03:57:03.1938467Z Get:90 http://azure.archive.ubuntu.com/ubuntu jammy/main amd64 libthai-dev amd64 0.1.29-1build1 [26.4 kB]
build (20.x, ubuntu-22.04)	Install deps linux	2026-02-02T03:57:03.2682772Z Get:91 http://azure.archive.ubuntu.com/ubuntu jammy/main amd64 libxft-dev amd64 2.3.4-1 [52.4 kB]
build (20.x, ubuntu-22.04)	Install deps linux	2026-02-02T03:57:03.3345590Z Get:92 http://azure.archive.ubuntu.com/ubuntu jammy-updates/main amd64 pango1.0-tools amd64 1.50.6+ds-2ubuntu1 [45.8 kB]
build (20.x, ubuntu-22.04)	Install deps linux	2026-02-02T03:57:03.4016059Z Get:93 http://azure.archive.ubuntu.com/ubuntu jammy-updates/main amd64 libpango1.0-dev amd64 1.50.6+ds-2ubuntu1 [154 kB]
build (20.x, ubuntu-22.04)	Install deps linux	2026-02-02T03:57:03.4668866Z Get:94 http://azure.archive.ubuntu.com/ubuntu jammy-updates/main amd64 libwayland-bin amd64 1.20.0-1ubuntu0.1 [20.4 kB]
build (20.x, ubuntu-22.04)	Install deps linux	2026-02-02T03:57:03.5416901Z Get:95 http://azure.archive.ubuntu.com/ubuntu jammy-updates/main amd64 libwayland-dev amd64 1.20.0-1ubuntu0.1 [69.5 kB]
build (20.x, ubuntu-22.04)	Install deps linux	2026-02-02T03:57:03.6528603Z Get:96 http://azure.archive.ubuntu.com/ubuntu jammy/main amd64 libxcomposite-dev amd64 1:0.4.5-1build2 [9326 B]
build (20.x, ubuntu-22.04)	Install deps linux	2026-02-02T03:57:03.7167928Z Get:97 http://azure.archive.ubuntu.com/ubuntu jammy/main amd64 libxcursor-dev amd64 1:1.2.0-2build4 [28.2 kB]
build (20.x, ubuntu-22.04)	Install deps linux	2026-02-02T03:57:03.7904814Z Get:98 http://azure.archive.ubuntu.com/ubuntu jammy/main amd64 libxdamage-dev amd64 1:1.1.5-2build2 [5264 B]
build (20.x, ubuntu-22.04)	Install deps linux	2026-02-02T03:57:03.8562810Z Get:99 http://azure.archive.ubuntu.com/ubuntu jammy/main amd64 libxinerama-dev amd64 2:1.1.4-3 [8104 B]
build (20.x, ubuntu-22.04)	Install deps linux	2026-02-02T03:57:03.9216158Z Get:100 http://azure.archive.ubuntu.com/ubuntu jammy/main amd64 libxkbcommon-dev amd64 1.4.0-1 [54.9 kB]
build (20.x, ubuntu-22.04)	Install deps linux	2026-02-02T03:57:03.9872894Z Get:101 http://azure.archive.ubuntu.com/ubuntu jammy/main amd64 libxrandr-dev amd64 2:1.5.2-1build1 [26.7 kB]
build (20.x, ubuntu-22.04)	Install deps linux	2026-02-02T03:57:04.0526986Z Get:102 http://azure.archive.ubuntu.com/ubuntu jammy/main amd64 wayland-protocols all 1.25-1 [70.6 kB]
build (20.x, ubuntu-22.04)	Install deps linux	2026-02-02T03:57:04.1210399Z Get:103 http://azure.archive.ubuntu.com/ubuntu jammy-updates/main amd64 libgtk-3-dev amd64 3.24.33-1ubuntu2.2 [1082 kB]
build (20.x, ubuntu-22.04)	Install deps linux	2026-02-02T03:57:04.4688519Z Get:104 http://azure.archive.ubuntu.com/ubuntu jammy/main amd64 libayatana-ido3-dev amd64 0.9.1-1 [14.2 kB]
build (20.x, ubuntu-22.04)	Install deps linux	2026-02-02T03:57:04.5344244Z Get:105 http://azure.archive.ubuntu.com/ubuntu jammy/main amd64 libayatana-indicator3-dev amd64 0.9.1-1 [6934 B]
build (20.x, ubuntu-22.04)	Install deps linux	2026-02-02T03:57:04.5959919Z Get:106 http://azure.archive.ubuntu.com/ubuntu jammy/main amd64 libdbus-glib-1-dev-bin amd64 0.112-2build1 [41.9 kB]
build (20.x, ubuntu-22.04)	Install deps linux	2026-02-02T03:57:04.6619337Z Get:107 http://azure.archive.ubuntu.com/ubuntu jammy/main amd64 libdbus-glib-1-dev amd64 0.112-2build1 [80.6 kB]
build (20.x, ubuntu-22.04)	Install deps linux	2026-02-02T03:57:04.7243422Z Get:108 http://azure.archive.ubuntu.com/ubuntu jammy/main amd64 libdbusmenu-glib-dev amd64 16.04.1+18.10.20180917-0ubuntu8 [73.8 kB]
build (20.x, ubuntu-22.04)	Install deps linux	2026-02-02T03:57:04.7909889Z Get:109 http://azure.archive.ubuntu.com/ubuntu jammy/main amd64 libayatana-appindicator3-dev amd64 0.5.90-7ubuntu2 [14.9 kB]
build (20.x, ubuntu-22.04)	Install deps linux	2026-02-02T03:57:04.8572330Z Get:110 http://azure.archive.ubuntu.com/ubuntu jammy/main amd64 libdazzle-1.0-dev amd64 3.44.0-1 [121 kB]
build (20.x, ubuntu-22.04)	Install deps linux	2026-02-02T03:57:04.9231499Z Get:111 http://azure.archive.ubuntu.com/ubuntu jammy/main amd64 libhyphen0 amd64 2.8.8-7build2 [28.2 kB]
build (20.x, ubuntu-22.04)	Install deps linux	2026-02-02T03:57:04.9885133Z Get:112 http://azure.archive.ubuntu.com/ubuntu jammy-updates/main amd64 libjavascriptcoregtk-4.1-0 amd64 2.50.4-0ubuntu0.22.04.1 [9518 kB]
build (20.x, ubuntu-22.04)	Install deps linux	2026-02-02T03:57:05.2543120Z Get:113 http://azure.archive.ubuntu.com/ubuntu jammy-updates/main amd64 libjavascriptcoregtk-4.1-dev amd64 2.50.4-0ubuntu0.22.04.1 [69.7 kB]
build (20.x, ubuntu-22.04)	Install deps linux	2026-02-02T03:57:05.3201591Z Get:114 http://azure.archive.ubuntu.com/ubuntu jammy/main amd64 libjson-glib-dev amd64 1.6.6-1build1 [96.7 kB]
build (20.x, ubuntu-22.04)	Install deps linux	2026-02-02T03:57:05.3860767Z Get:115 http://azure.archive.ubuntu.com/ubuntu jammy/main amd64 libevdev2 amd64 1.12.1+dfsg-1 [39.5 kB]
build (20.x, ubuntu-22.04)	Install deps linux	2026-02-02T03:57:05.4516778Z Get:116 http://azure.archive.ubuntu.com/ubuntu jammy/main amd64 libmanette-0.2-0 amd64 0.2.6-3build1 [30.4 kB]
build (20.x, ubuntu-22.04)	Install deps linux	2026-02-02T03:57:05.5170153Z Get:117 http://azure.archive.ubuntu.com/ubuntu jammy-updates/main amd64 libnghttp2-dev amd64 1.43.0-1ubuntu0.2 [117 kB]
build (20.x, ubuntu-22.04)	Install deps linux	2026-02-02T03:57:05.5840648Z Get:118 http://azure.archive.ubuntu.com/ubuntu jammy/main amd64 libwebrtc-audio-processing1 amd64 0.3.1-0ubuntu5 [291 kB]
build (20.x, ubuntu-22.04)	Install deps linux	2026-02-02T03:57:05.6543551Z Get:119 http://azure.archive.ubuntu.com/ubuntu jammy-updates/main amd64 libspa-0.2-modules amd64 0.3.48-1ubuntu3 [546 kB]
build (20.x, ubuntu-22.04)	Install deps linux	2026-02-02T03:57:05.7325081Z Get:120 http://azure.archive.ubuntu.com/ubuntu jammy-updates/main amd64 libpipewire-0.3-0 amd64 0.3.48-1ubuntu3 [274 kB]
build (20.x, ubuntu-22.04)	Install deps linux	2026-02-02T03:57:05.7991205Z Get:121 http://azure.archive.ubuntu.com/ubuntu jammy-updates/main amd64 libpipewire-0.3-common all 0.3.48-1ubuntu3 [3982 B]
build (20.x, ubuntu-22.04)	Install deps linux	2026-02-02T03:57:05.8607243Z Get:122 http://azure.archive.ubuntu.com/ubuntu jammy-updates/main amd64 libpipewire-0.3-modules amd64 0.3.48-1ubuntu3 [525 kB]
build (20.x, ubuntu-22.04)	Install deps linux	2026-02-02T03:57:05.9308183Z Get:123 http://azure.archive.ubuntu.com/ubuntu jammy/main amd64 libpolkit-gobject-1-dev amd64 0.105-33 [65.4 kB]
build (20.x, ubuntu-22.04)	Install deps linux	2026-02-02T03:57:05.9971018Z Get:124 http://azure.archive.ubuntu.com/ubuntu jammy/main amd64 libpsl-dev amd64 0.21.0-1.2build2 [77.9 kB]
build (20.x, ubuntu-22.04)	Install deps linux	2026-02-02T03:57:06.0634008Z Get:125 http://azure.archive.ubuntu.com/ubuntu jammy/universe amd64 libsysprof-4 amd64 3.44.0-1 [136 kB]
build (20.x, ubuntu-22.04)	Install deps linux	2026-02-02T03:57:06.1296000Z Get:126 http://azure.archive.ubuntu.com/ubuntu jammy/universe amd64 libsysprof-ui-4 amd64 3.44.0-1 [146 kB]
build (20.x, ubuntu-22.04)	Install deps linux	2026-02-02T03:57:06.1976734Z Get:127 http://azure.archive.ubuntu.com/ubuntu jammy/universe amd64 libsysprof-4-dev amd64 3.44.0-1 [54.7 kB]
build (20.x, ubuntu-22.04)	Install deps linux	2026-02-02T03:57:06.2637004Z Get:128 http://azure.archive.ubuntu.com/ubuntu jammy-updates/universe amd64 libsoup-3.0-dev amd64 3.0.7-0ubuntu1 [102 kB]
build (20.x, ubuntu-22.04)	Install deps linux	2026-02-02T03:57:06.3309377Z Get:129 http://azure.archive.ubuntu.com/ubuntu jammy/main amd64 xdg-dbus-proxy amd64 0.1.3-1 [24.7 kB]
build (20.x, ubuntu-22.04)	Install deps linux	2026-02-02T03:57:06.3968162Z Get:130 http://azure.archive.ubuntu.com/ubuntu jammy/main amd64 libwoff1 amd64 1.0.2-1build4 [45.2 kB]
build (20.x, ubuntu-22.04)	Install deps linux	2026-02-02T03:57:06.4638451Z Get:131 http://azure.archive.ubuntu.com/ubuntu jammy-updates/universe amd64 libwebkit2gtk-4.1-0 amd64 2.50.4-0ubuntu0.22.04.1 [27.3 MB]
build (20.x, ubuntu-22.04)	Install deps linux	2026-02-02T03:57:07.0834667Z Get:132 http://azure.archive.ubuntu.com/ubuntu jammy-updates/universe amd64 libwebkit2gtk-4.1-dev amd64 2.50.4-0ubuntu0.22.04.1 [288 kB]
build (20.x, ubuntu-22.04)	Install deps linux	2026-02-02T03:57:07.3227261Z Get:133 http://azure.archive.ubuntu.com/ubuntu jammy-updates/main amd64 pipewire-bin amd64 0.3.48-1ubuntu3 [312 kB]
build (20.x, ubuntu-22.04)	Install deps linux	2026-02-02T03:57:07.4292981Z Get:134 http://azure.archive.ubuntu.com/ubuntu jammy-updates/main amd64 pipewire amd64 0.3.48-1ubuntu3 [3964 B]
build (20.x, ubuntu-22.04)	Install deps linux	2026-02-02T03:57:07.4948265Z Get:135 http://azure.archive.ubuntu.com/ubuntu jammy/main amd64 pipewire-media-session amd64 0.4.1-2ubuntu1 [128 kB]
build (20.x, ubuntu-22.04)	Install deps linux	2026-02-02T03:57:07.5736518Z Get:136 http://azure.archive.ubuntu.com/ubuntu jammy/main amd64 rtkit amd64 0.13-4build2 [35.1 kB]
build (20.x, ubuntu-22.04)	Install deps linux	2026-02-02T03:57:07.6413178Z Get:137 http://azure.archive.ubuntu.com/ubuntu jammy-updates/main amd64 xdg-desktop-portal amd64 1.14.4-1ubuntu2~22.04.2 [265 kB]
build (20.x, ubuntu-22.04)	Install deps linux	2026-02-02T03:57:07.7355993Z Get:138 http://azure.archive.ubuntu.com/ubuntu jammy/main amd64 xdg-desktop-portal-gtk amd64 1.14.0-1build1 [87.4 kB]
build (20.x, ubuntu-22.04)	Install deps linux	2026-02-02T03:57:07.8118158Z Get:139 http://azure.archive.ubuntu.com/ubuntu jammy/universe amd64 libxdo3 amd64 1:3.20160805.1-4 [21.0 kB]
build (20.x, ubuntu-22.04)	Install deps linux	2026-02-02T03:57:07.8774875Z Get:140 http://azure.archive.ubuntu.com/ubuntu jammy/universe amd64 libxdo-dev amd64 1:3.20160805.1-4 [58.8 kB]
build (20.x, ubuntu-22.04)	Install deps linux	2026-02-02T03:57:08.3887992Z Preconfiguring packages ...
build (20.x, ubuntu-22.04)	Install deps linux	2026-02-02T03:57:08.4449999Z Fetched 59.9 MB in 11s (5371 kB/s)
build (20.x, ubuntu-22.04)	Install deps linux	2026-02-02T03:57:08.5081648Z (Reading database ... 
build (20.x, ubuntu-22.04)	Install deps linux	2026-02-02T03:57:08.5082254Z (Reading database ... 5%
build (20.x, ubuntu-22.04)	Install deps linux	2026-02-02T03:57:08.5084990Z (Reading database ... 10%
build (20.x, ubuntu-22.04)	Install deps linux	2026-02-02T03:57:08.5085397Z (Reading database ... 15%
build (20.x, ubuntu-22.04)	Install deps linux	2026-02-02T03:57:08.5085749Z (Reading database ... 20%
build (20.x, ubuntu-22.04)	Install deps linux	2026-02-02T03:57:08.5086042Z (Reading database ... 25%
build (20.x, ubuntu-22.04)	Install deps linux	2026-02-02T03:57:08.5086318Z (Reading database ... 30%
build (20.x, ubuntu-22.04)	Install deps linux	2026-02-02T03:57:08.5086591Z (Reading database ... 35%
build (20.x, ubuntu-22.04)	Install deps linux	2026-02-02T03:57:08.5086862Z (Reading database ... 40%
build (20.x, ubuntu-22.04)	Install deps linux	2026-02-02T03:57:08.5087139Z (Reading database ... 45%
build (20.x, ubuntu-22.04)	Install deps linux	2026-02-02T03:57:08.5087408Z (Reading database ... 50%
build (20.x, ubuntu-22.04)	Install deps linux	2026-02-02T03:57:08.6626003Z (Reading database ... 55%
build (20.x, ubuntu-22.04)	Install deps linux	2026-02-02T03:57:08.8777425Z (Reading database ... 60%
build (20.x, ubuntu-22.04)	Install deps linux	2026-02-02T03:57:09.0974776Z (Reading database ... 65%
build (20.x, ubuntu-22.04)	Install deps linux	2026-02-02T03:57:09.2759736Z (Reading database ... 70%
build (20.x, ubuntu-22.04)	Install deps linux	2026-02-02T03:57:09.5337732Z (Reading database ... 75%
build (20.x, ubuntu-22.04)	Install deps linux	2026-02-02T03:57:09.7730545Z (Reading database ... 80%
build (20.x, ubuntu-22.04)	Install deps linux	2026-02-02T03:57:10.0264224Z (Reading database ... 85%
build (20.x, ubuntu-22.04)	Install deps linux	2026-02-02T03:57:10.2728626Z (Reading database ... 90%
build (20.x, ubuntu-22.04)	Install deps linux	2026-02-02T03:57:10.4436587Z (Reading database ... 95%
build (20.x, ubuntu-22.04)	Install deps linux	2026-02-02T03:57:10.4437036Z (Reading database ... 100%
build (20.x, ubuntu-22.04)	Install deps linux	2026-02-02T03:57:10.4437643Z (Reading database ... 266838 files and directories currently installed.)
build (20.x, ubuntu-22.04)	Install deps linux	2026-02-02T03:57:10.4492933Z Preparing to unpack .../libssl-dev_3.0.2-0ubuntu1.21_amd64.deb ...
build (20.x, ubuntu-22.04)	Install deps linux	2026-02-02T03:57:10.4553297Z Unpacking libssl-dev:amd64 (3.0.2-0ubuntu1.21) over (3.0.2-0ubuntu1.20) ...
build (20.x, ubuntu-22.04)	Install deps linux	2026-02-02T03:57:10.5994137Z Preparing to unpack .../libssl3_3.0.2-0ubuntu1.21_amd64.deb ...
build (20.x, ubuntu-22.04)	Install deps linux	2026-02-02T03:57:10.6083959Z Unpacking libssl3:amd64 (3.0.2-0ubuntu1.21) over (3.0.2-0ubuntu1.20) ...
build (20.x, ubuntu-22.04)	Install deps linux	2026-02-02T03:57:10.6840289Z Setting up libssl3:amd64 (3.0.2-0ubuntu1.21) ...
build (20.x, ubuntu-22.04)	Install deps linux	2026-02-02T03:57:10.8256732Z Selecting previously unselected package bubblewrap.
build (20.x, ubuntu-22.04)	Install deps linux	2026-02-02T03:57:10.8323553Z (Reading database ... 
build (20.x, ubuntu-22.04)	Install deps linux	2026-02-02T03:57:10.8324270Z (Reading database ... 5%
build (20.x, ubuntu-22.04)	Install deps linux	2026-02-02T03:57:10.8324682Z (Reading database ... 10%
build (20.x, ubuntu-22.04)	Install deps linux	2026-02-02T03:57:10.8324993Z (Reading database ... 15%
build (20.x, ubuntu-22.04)	Install deps linux	2026-02-02T03:57:10.8325313Z (Reading database ... 20%
build (20.x, ubuntu-22.04)	Install deps linux	2026-02-02T03:57:10.8325607Z (Reading database ... 25%
build (20.x, ubuntu-22.04)	Install deps linux	2026-02-02T03:57:10.8325898Z (Reading database ... 30%
build (20.x, ubuntu-22.04)	Install deps linux	2026-02-02T03:57:10.8326186Z (Reading database ... 35%
build (20.x, ubuntu-22.04)	Install deps linux	2026-02-02T03:57:10.8326471Z (Reading database ... 40%
build (20.x, ubuntu-22.04)	Install deps linux	2026-02-02T03:57:10.8326762Z (Reading database ... 45%
build (20.x, ubuntu-22.04)	Install deps linux	2026-02-02T03:57:10.8327057Z (Reading database ... 50%
build (20.x, ubuntu-22.04)	Install deps linux	2026-02-02T03:57:10.8368840Z (Reading database ... 55%
build (20.x, ubuntu-22.04)	Install deps linux	2026-02-02T03:57:10.8397440Z (Reading database ... 60%
build (20.x, ubuntu-22.04)	Install deps linux	2026-02-02T03:57:10.8425068Z (Reading database ... 65%
build (20.x, ubuntu-22.04)	Install deps linux	2026-02-02T03:57:10.8545320Z (Reading database ... 70%
build (20.x, ubuntu-22.04)	Install deps linux	2026-02-02T03:57:10.8751473Z (Reading database ... 75%
build (20.x, ubuntu-22.04)	Install deps linux	2026-02-02T03:57:10.8785469Z (Reading database ... 80%
build (20.x, ubuntu-22.04)	Install deps linux	2026-02-02T03:57:10.9055865Z (Reading database ... 85%
build (20.x, ubuntu-22.04)	Install deps linux	2026-02-02T03:57:10.9082271Z (Reading database ... 90%
build (20.x, ubuntu-22.04)	Install deps linux	2026-02-02T03:57:10.9376045Z (Reading database ... 95%
build (20.x, ubuntu-22.04)	Install deps linux	2026-02-02T03:57:10.9376520Z (Reading database ... 100%
build (20.x, ubuntu-22.04)	Install deps linux	2026-02-02T03:57:10.9377176Z (Reading database ... 266838 files and directories currently installed.)
build (20.x, ubuntu-22.04)	Install deps linux	2026-02-02T03:57:10.9432428Z Preparing to unpack .../000-bubblewrap_0.6.1-1ubuntu0.1_amd64.deb ...
build (20.x, ubuntu-22.04)	Install deps linux	2026-02-02T03:57:10.9443618Z Unpacking bubblewrap (0.6.1-1ubuntu0.1) ...
build (20.x, ubuntu-22.04)	Install deps linux	2026-02-02T03:57:10.9843431Z Selecting previously unselected package gir1.2-atk-1.0:amd64.
build (20.x, ubuntu-22.04)	Install deps linux	2026-02-02T03:57:11.0004396Z Preparing to unpack .../001-gir1.2-atk-1.0_2.36.0-3build1_amd64.deb ...
build (20.x, ubuntu-22.04)	Install deps linux	2026-02-02T03:57:11.0011768Z Unpacking gir1.2-atk-1.0:amd64 (2.36.0-3build1) ...
build (20.x, ubuntu-22.04)	Install deps linux	2026-02-02T03:57:11.0234879Z Selecting previously unselected package gir1.2-atspi-2.0:amd64.
build (20.x, ubuntu-22.04)	Install deps linux	2026-02-02T03:57:11.0396090Z Preparing to unpack .../002-gir1.2-atspi-2.0_2.44.0-3_amd64.deb ...
build (20.x, ubuntu-22.04)	Install deps linux	2026-02-02T03:57:11.0406165Z Unpacking gir1.2-atspi-2.0:amd64 (2.44.0-3) ...
build (20.x, ubuntu-22.04)	Install deps linux	2026-02-02T03:57:11.0649875Z Selecting previously unselected package gir1.2-harfbuzz-0.0:amd64.
build (20.x, ubuntu-22.04)	Install deps linux	2026-02-02T03:57:11.0822703Z Preparing to unpack .../003-gir1.2-harfbuzz-0.0_2.7.4-1ubuntu3.2_amd64.deb ...
build (20.x, ubuntu-22.04)	Install deps linux	2026-02-02T03:57:11.0831837Z Unpacking gir1.2-harfbuzz-0.0:amd64 (2.7.4-1ubuntu3.2) ...
build (20.x, ubuntu-22.04)	Install deps linux	2026-02-02T03:57:11.1087936Z Selecting previously unselected package libpangoxft-1.0-0:amd64.
build (20.x, ubuntu-22.04)	Install deps linux	2026-02-02T03:57:11.1253318Z Preparing to unpack .../004-libpangoxft-1.0-0_1.50.6+ds-2ubuntu1_amd64.deb ...
build (20.x, ubuntu-22.04)	Install deps linux	2026-02-02T03:57:11.1265490Z Unpacking libpangoxft-1.0-0:amd64 (1.50.6+ds-2ubuntu1) ...
build (20.x, ubuntu-22.04)	Install deps linux	2026-02-02T03:57:11.1506122Z Selecting previously unselected package gir1.2-pango-1.0:amd64.
build (20.x, ubuntu-22.04)	Install deps linux	2026-02-02T03:57:11.1670509Z Preparing to unpack .../005-gir1.2-pango-1.0_1.50.6+ds-2ubuntu1_amd64.deb ...
build (20.x, ubuntu-22.04)	Install deps linux	2026-02-02T03:57:11.1686420Z Unpacking gir1.2-pango-1.0:amd64 (1.50.6+ds-2ubuntu1) ...
build (20.x, ubuntu-22.04)	Install deps linux	2026-02-02T03:57:11.1927773Z Selecting previously unselected package gir1.2-gtk-3.0:amd64.
build (20.x, ubuntu-22.04)	Install deps linux	2026-02-02T03:57:11.2089286Z Preparing to unpack .../006-gir1.2-gtk-3.0_3.24.33-1ubuntu2.2_amd64.deb ...
build (20.x, ubuntu-22.04)	Install deps linux	2026-02-02T03:57:11.2099380Z Unpacking gir1.2-gtk-3.0:amd64 (3.24.33-1ubuntu2.2) ...
build (20.x, ubuntu-22.04)	Install deps linux	2026-02-02T03:57:11.2401173Z Selecting previously unselected package libayatana-ido3-0.4-0:amd64.
build (20.x, ubuntu-22.04)	Install deps linux	2026-02-02T03:57:11.2566119Z Preparing to unpack .../007-libayatana-ido3-0.4-0_0.9.1-1_amd64.deb ...
build (20.x, ubuntu-22.04)	Install deps linux	2026-02-02T03:57:11.2580766Z Unpacking libayatana-ido3-0.4-0:amd64 (0.9.1-1) ...
build (20.x, ubuntu-22.04)	Install deps linux	2026-02-02T03:57:11.2834486Z Selecting previously unselected package libayatana-indicator3-7:amd64.
build (20.x, ubuntu-22.04)	Install deps linux	2026-02-02T03:57:11.2996712Z Preparing to unpack .../008-libayatana-indicator3-7_0.9.1-1_amd64.deb ...
build (20.x, ubuntu-22.04)	Install deps linux	2026-02-02T03:57:11.3170217Z Unpacking libayatana-indicator3-7:amd64 (0.9.1-1) ...
build (20.x, ubuntu-22.04)	Install deps linux	2026-02-02T03:57:11.3445061Z Selecting previously unselected package libayatana-appindicator3-1.
build (20.x, ubuntu-22.04)	Install deps linux	2026-02-02T03:57:11.3611003Z Preparing to unpack .../009-libayatana-appindicator3-1_0.5.90-7ubuntu2_amd64.deb ...
build (20.x, ubuntu-22.04)	Install deps linux	2026-02-02T03:57:11.3621479Z Unpacking libayatana-appindicator3-1 (0.5.90-7ubuntu2) ...
build (20.x, ubuntu-22.04)	Install deps linux	2026-02-02T03:57:11.3854629Z Selecting previously unselected package gir1.2-ayatanaappindicator3-0.1.
build (20.x, ubuntu-22.04)	Install deps linux	2026-02-02T03:57:11.4022436Z Preparing to unpack .../010-gir1.2-ayatanaappindicator3-0.1_0.5.90-7ubuntu2_amd64.deb ...
build (20.x, ubuntu-22.04)	Install deps linux	2026-02-02T03:57:11.4033813Z Unpacking gir1.2-ayatanaappindicator3-0.1 (0.5.90-7ubuntu2) ...
build (20.x, ubuntu-22.04)	Install deps linux	2026-02-02T03:57:11.4274596Z Selecting previously unselected package gir1.2-ayatanaido3-0.4:amd64.
build (20.x, ubuntu-22.04)	Install deps linux	2026-02-02T03:57:11.4438951Z Preparing to unpack .../011-gir1.2-ayatanaido3-0.4_0.9.1-1_amd64.deb ...
build (20.x, ubuntu-22.04)	Install deps linux	2026-02-02T03:57:11.4451824Z Unpacking gir1.2-ayatanaido3-0.4:amd64 (0.9.1-1) ...
build (20.x, ubuntu-22.04)	Install deps linux	2026-02-02T03:57:11.4673346Z Selecting previously unselected package libdazzle-common.
build (20.x, ubuntu-22.04)	Install deps linux	2026-02-02T03:57:11.4838219Z Preparing to unpack .../012-libdazzle-common_3.44.0-1_all.deb ...
build (20.x, ubuntu-22.04)	Install deps linux	2026-02-02T03:57:11.4846041Z Unpacking libdazzle-common (3.44.0-1) ...
build (20.x, ubuntu-22.04)	Install deps linux	2026-02-02T03:57:11.5081258Z Selecting previously unselected package libdazzle-1.0-0:amd64.
build (20.x, ubuntu-22.04)	Install deps linux	2026-02-02T03:57:11.5246705Z Preparing to unpack .../013-libdazzle-1.0-0_3.44.0-1_amd64.deb ...
build (20.x, ubuntu-22.04)	Install deps linux	2026-02-02T03:57:11.5256879Z Unpacking libdazzle-1.0-0:amd64 (3.44.0-1) ...
build (20.x, ubuntu-22.04)	Install deps linux	2026-02-02T03:57:11.5521033Z Selecting previously unselected package gir1.2-dazzle-1.0:amd64.
build (20.x, ubuntu-22.04)	Install deps linux	2026-02-02T03:57:11.5688743Z Preparing to unpack .../014-gir1.2-dazzle-1.0_3.44.0-1_amd64.deb ...
build (20.x, ubuntu-22.04)	Install deps linux	2026-02-02T03:57:11.5709639Z Unpacking gir1.2-dazzle-1.0:amd64 (3.44.0-1) ...
build (20.x, ubuntu-22.04)	Install deps linux	2026-02-02T03:57:11.5940324Z Selecting previously unselected package gir1.2-dbusmenu-glib-0.4:amd64.
build (20.x, ubuntu-22.04)	Install deps linux	2026-02-02T03:57:11.6107838Z Preparing to unpack .../015-gir1.2-dbusmenu-glib-0.4_16.04.1+18.10.20180917-0ubuntu8_amd64.deb ...
build (20.x, ubuntu-22.04)	Install deps linux	2026-02-02T03:57:11.6116174Z Unpacking gir1.2-dbusmenu-glib-0.4:amd64 (16.04.1+18.10.20180917-0ubuntu8) ...
build (20.x, ubuntu-22.04)	Install deps linux	2026-02-02T03:57:11.6395229Z Selecting previously unselected package gir1.2-json-1.0:amd64.
build (20.x, ubuntu-22.04)	Install deps linux	2026-02-02T03:57:11.6562162Z Preparing to unpack .../016-gir1.2-json-1.0_1.6.6-1build1_amd64.deb ...
build (20.x, ubuntu-22.04)	Install deps linux	2026-02-02T03:57:11.6577338Z Unpacking gir1.2-json-1.0:amd64 (1.6.6-1build1) ...
build (20.x, ubuntu-22.04)	Install deps linux	2026-02-02T03:57:11.6842456Z Selecting previously unselected package gir1.2-polkit-1.0.
build (20.x, ubuntu-22.04)	Install deps linux	2026-02-02T03:57:11.7010472Z Preparing to unpack .../017-gir1.2-polkit-1.0_0.105-33_amd64.deb ...
build (20.x, ubuntu-22.04)	Install deps linux	2026-02-02T03:57:11.7019248Z Unpacking gir1.2-polkit-1.0 (0.105-33) ...
build (20.x, ubuntu-22.04)	Install deps linux	2026-02-02T03:57:11.7240208Z Selecting previously unselected package libsoup-3.0-common.
build (20.x, ubuntu-22.04)	Install deps linux	2026-02-02T03:57:11.7405607Z Preparing to unpack .../018-libsoup-3.0-common_3.0.7-0ubuntu1_all.deb ...
build (20.x, ubuntu-22.04)	Install deps linux	2026-02-02T03:57:11.7416129Z Unpacking libsoup-3.0-common (3.0.7-0ubuntu1) ...
build (20.x, ubuntu-22.04)	Install deps linux	2026-02-02T03:57:11.8747201Z Selecting previously unselected package libsoup-3.0-0:amd64.
build (20.x, ubuntu-22.04)	Install deps linux	2026-02-02T03:57:11.8911100Z Preparing to unpack .../019-libsoup-3.0-0_3.0.7-0ubuntu1_amd64.deb ...
build (20.x, ubuntu-22.04)	Install deps linux	2026-02-02T03:57:11.8928633Z Unpacking libsoup-3.0-0:amd64 (3.0.7-0ubuntu1) ...
build (20.x, ubuntu-22.04)	Install deps linux	2026-02-02T03:57:11.9183827Z Selecting previously unselected package gir1.2-soup-3.0:amd64.
build (20.x, ubuntu-22.04)	Install deps linux	2026-02-02T03:57:11.9353279Z Preparing to unpack .../020-gir1.2-soup-3.0_3.0.7-0ubuntu1_amd64.deb ...
build (20.x, ubuntu-22.04)	Install deps linux	2026-02-02T03:57:11.9363213Z Unpacking gir1.2-soup-3.0:amd64 (3.0.7-0ubuntu1) ...
build (20.x, ubuntu-22.04)	Install deps linux	2026-02-02T03:57:11.9630814Z Selecting previously unselected package libgraphene-1.0-0:amd64.
build (20.x, ubuntu-22.04)	Install deps linux	2026-02-02T03:57:11.9787301Z Preparing to unpack .../021-libgraphene-1.0-0_1.10.8-1_amd64.deb ...
build (20.x, ubuntu-22.04)	Install deps linux	2026-02-02T03:57:11.9800548Z Unpacking libgraphene-1.0-0:amd64 (1.10.8-1) ...
build (20.x, ubuntu-22.04)	Install deps linux	2026-02-02T03:57:12.0046467Z Selecting previously unselected package libegl-mesa0:amd64.
build (20.x, ubuntu-22.04)	Install deps linux	2026-02-02T03:57:12.0214886Z Preparing to unpack .../022-libegl-mesa0_23.2.1-1ubuntu3.1~22.04.3_amd64.deb ...
build (20.x, ubuntu-22.04)	Install deps linux	2026-02-02T03:57:12.0228769Z Unpacking libegl-mesa0:amd64 (23.2.1-1ubuntu3.1~22.04.3) ...
build (20.x, ubuntu-22.04)	Install deps linux	2026-02-02T03:57:12.0496950Z Selecting previously unselected package libegl1:amd64.
build (20.x, ubuntu-22.04)	Install deps linux	2026-02-02T03:57:12.0667809Z Preparing to unpack .../023-libegl1_1.4.0-1_amd64.deb ...
build (20.x, ubuntu-22.04)	Install deps linux	2026-02-02T03:57:12.0681551Z Unpacking libegl1:amd64 (1.4.0-1) ...
build (20.x, ubuntu-22.04)	Install deps linux	2026-02-02T03:57:12.0935529Z Selecting previously unselected package liborc-0.4-0:amd64.
build (20.x, ubuntu-22.04)	Install deps linux	2026-02-02T03:57:12.1101886Z Preparing to unpack .../024-liborc-0.4-0_1%3a0.4.32-2ubuntu0.1_amd64.deb ...
build (20.x, ubuntu-22.04)	Install deps linux	2026-02-02T03:57:12.1112782Z Unpacking liborc-0.4-0:amd64 (1:0.4.32-2ubuntu0.1) ...
build (20.x, ubuntu-22.04)	Install deps linux	2026-02-02T03:57:12.1414061Z Selecting previously unselected package libgstreamer-plugins-base1.0-0:amd64.
build (20.x, ubuntu-22.04)	Install deps linux	2026-02-02T03:57:12.1614129Z Preparing to unpack .../025-libgstreamer-plugins-base1.0-0_1.20.1-1ubuntu0.5_amd64.deb ...
build (20.x, ubuntu-22.04)	Install deps linux	2026-02-02T03:57:12.1626227Z Unpacking libgstreamer-plugins-base1.0-0:amd64 (1.20.1-1ubuntu0.5) ...
build (20.x, ubuntu-22.04)	Install deps linux	2026-02-02T03:57:12.2021929Z Selecting previously unselected package libgstreamer-gl1.0-0:amd64.
build (20.x, ubuntu-22.04)	Install deps linux	2026-02-02T03:57:12.2198366Z Preparing to unpack .../026-libgstreamer-gl1.0-0_1.20.1-1ubuntu0.5_amd64.deb ...
build (20.x, ubuntu-22.04)	Install deps linux	2026-02-02T03:57:12.2209187Z Unpacking libgstreamer-gl1.0-0:amd64 (1.20.1-1ubuntu0.5) ...
build (20.x, ubuntu-22.04)	Install deps linux	2026-02-02T03:57:12.2451878Z Selecting previously unselected package gstreamer1.0-gl:amd64.
build (20.x, ubuntu-22.04)	Install deps linux	2026-02-02T03:57:12.2618008Z Preparing to unpack .../027-gstreamer1.0-gl_1.20.1-1ubuntu0.5_amd64.deb ...
build (20.x, ubuntu-22.04)	Install deps linux	2026-02-02T03:57:12.2627916Z Unpacking gstreamer1.0-gl:amd64 (1.20.1-1ubuntu0.5) ...
build (20.x, ubuntu-22.04)	Install deps linux	2026-02-02T03:57:12.2889130Z Selecting previously unselected package libcdparanoia0:amd64.
build (20.x, ubuntu-22.04)	Install deps linux	2026-02-02T03:57:12.3057272Z Preparing to unpack .../028-libcdparanoia0_3.10.2+debian-14build2_amd64.deb ...
build (20.x, ubuntu-22.04)	Install deps linux	2026-02-02T03:57:12.3092215Z Unpacking libcdparanoia0:amd64 (3.10.2+debian-14build2) ...
build (20.x, ubuntu-22.04)	Install deps linux	2026-02-02T03:57:12.3464270Z Selecting previously unselected package libopus0:amd64.
build (20.x, ubuntu-22.04)	Install deps linux	2026-02-02T03:57:12.3631975Z Preparing to unpack .../029-libopus0_1.3.1-0.1build2_amd64.deb ...
build (20.x, ubuntu-22.04)	Install deps linux	2026-02-02T03:57:12.3643919Z Unpacking libopus0:amd64 (1.3.1-0.1build2) ...
build (20.x, ubuntu-22.04)	Install deps linux	2026-02-02T03:57:12.3903056Z Selecting previously unselected package libtheora0:amd64.
build (20.x, ubuntu-22.04)	Install deps linux	2026-02-02T03:57:12.4070140Z Preparing to unpack .../030-libtheora0_1.1.1+dfsg.1-15ubuntu4_amd64.deb ...
build (20.x, ubuntu-22.04)	Install deps linux	2026-02-02T03:57:12.4086859Z Unpacking libtheora0:amd64 (1.1.1+dfsg.1-15ubuntu4) ...
build (20.x, ubuntu-22.04)	Install deps linux	2026-02-02T03:57:12.4394410Z Selecting previously unselected package libvisual-0.4-0:amd64.
build (20.x, ubuntu-22.04)	Install deps linux	2026-02-02T03:57:12.4565058Z Preparing to unpack .../031-libvisual-0.4-0_0.4.0-17build2_amd64.deb ...
build (20.x, ubuntu-22.04)	Install deps linux	2026-02-02T03:57:12.4578795Z Unpacking libvisual-0.4-0:amd64 (0.4.0-17build2) ...
build (20.x, ubuntu-22.04)	Install deps linux	2026-02-02T03:57:12.4855957Z Selecting previously unselected package libvorbisenc2:amd64.
build (20.x, ubuntu-22.04)	Install deps linux	2026-02-02T03:57:12.5031924Z Preparing to unpack .../032-libvorbisenc2_1.3.7-1build2_amd64.deb ...
build (20.x, ubuntu-22.04)	Install deps linux	2026-02-02T03:57:12.5050140Z Unpacking libvorbisenc2:amd64 (1.3.7-1build2) ...
build (20.x, ubuntu-22.04)	Install deps linux	2026-02-02T03:57:12.5338053Z Selecting previously unselected package gstreamer1.0-plugins-base:amd64.
build (20.x, ubuntu-22.04)	Install deps linux	2026-02-02T03:57:12.5507806Z Preparing to unpack .../033-gstreamer1.0-plugins-base_1.20.1-1ubuntu0.5_amd64.deb ...
build (20.x, ubuntu-22.04)	Install deps linux	2026-02-02T03:57:12.5522177Z Unpacking gstreamer1.0-plugins-base:amd64 (1.20.1-1ubuntu0.5) ...
build (20.x, ubuntu-22.04)	Install deps linux	2026-02-02T03:57:12.5896885Z Selecting previously unselected package libaa1:amd64.
build (20.x, ubuntu-22.04)	Install deps linux	2026-02-02T03:57:12.6065263Z Preparing to unpack .../034-libaa1_1.4p5-50build1_amd64.deb ...
build (20.x, ubuntu-22.04)	Install deps linux	2026-02-02T03:57:12.6083077Z Unpacking libaa1:amd64 (1.4p5-50build1) ...
build (20.x, ubuntu-22.04)	Install deps linux	2026-02-02T03:57:12.6327960Z Selecting previously unselected package libraw1394-11:amd64.
build (20.x, ubuntu-22.04)	Install deps linux	2026-02-02T03:57:12.6497174Z Preparing to unpack .../035-libraw1394-11_2.1.2-2build2_amd64.deb ...
build (20.x, ubuntu-22.04)	Install deps linux	2026-02-02T03:57:12.6508478Z Unpacking libraw1394-11:amd64 (2.1.2-2build2) ...
build (20.x, ubuntu-22.04)	Install deps linux	2026-02-02T03:57:12.6750507Z Selecting previously unselected package libavc1394-0:amd64.
build (20.x, ubuntu-22.04)	Install deps linux	2026-02-02T03:57:12.6920308Z Preparing to unpack .../036-libavc1394-0_0.5.4-5build2_amd64.deb ...
build (20.x, ubuntu-22.04)	Install deps linux	2026-02-02T03:57:12.6931846Z Unpacking libavc1394-0:amd64 (0.5.4-5build2) ...
build (20.x, ubuntu-22.04)	Install deps linux	2026-02-02T03:57:12.7176055Z Selecting previously unselected package libcaca0:amd64.
build (20.x, ubuntu-22.04)	Install deps linux	2026-02-02T03:57:12.7341843Z Preparing to unpack .../037-libcaca0_0.99.beta19-2.2ubuntu4.1_amd64.deb ...
build (20.x, ubuntu-22.04)	Install deps linux	2026-02-02T03:57:12.7355931Z Unpacking libcaca0:amd64 (0.99.beta19-2.2ubuntu4.1) ...
build (20.x, ubuntu-22.04)	Install deps linux	2026-02-02T03:57:12.7638190Z Selecting previously unselected package libdv4:amd64.
build (20.x, ubuntu-22.04)	Install deps linux	2026-02-02T03:57:12.7806973Z Preparing to unpack .../038-libdv4_1.0.0-14build1_amd64.deb ...
build (20.x, ubuntu-22.04)	Install deps linux	2026-02-02T03:57:12.7828236Z Unpacking libdv4:amd64 (1.0.0-14build1) ...
build (20.x, ubuntu-22.04)	Install deps linux	2026-02-02T03:57:12.8087681Z Selecting previously unselected package libflac8:amd64.
build (20.x, ubuntu-22.04)	Install deps linux	2026-02-02T03:57:12.8257179Z Preparing to unpack .../039-libflac8_1.3.3-2ubuntu0.2_amd64.deb ...
build (20.x, ubuntu-22.04)	Install deps linux	2026-02-02T03:57:12.8269836Z Unpacking libflac8:amd64 (1.3.3-2ubuntu0.2) ...
build (20.x, ubuntu-22.04)	Install deps linux	2026-02-02T03:57:12.8519505Z Selecting previously unselected package libgstreamer-plugins-good1.0-0:amd64.
build (20.x, ubuntu-22.04)	Install deps linux	2026-02-02T03:57:12.8688078Z Preparing to unpack .../040-libgstreamer-plugins-good1.0-0_1.20.3-0ubuntu1.4_amd64.deb ...
build (20.x, ubuntu-22.04)	Install deps linux	2026-02-02T03:57:12.8700493Z Unpacking libgstreamer-plugins-good1.0-0:amd64 (1.20.3-0ubuntu1.4) ...
build (20.x, ubuntu-22.04)	Install deps linux	2026-02-02T03:57:12.8950367Z Selecting previously unselected package libiec61883-0:amd64.
build (20.x, ubuntu-22.04)	Install deps linux	2026-02-02T03:57:12.9121185Z Preparing to unpack .../041-libiec61883-0_1.2.0-4build3_amd64.deb ...
build (20.x, ubuntu-22.04)	Install deps linux	2026-02-02T03:57:12.9132468Z Unpacking libiec61883-0:amd64 (1.2.0-4build3) ...
build (20.x, ubuntu-22.04)	Install deps linux	2026-02-02T03:57:12.9374204Z Selecting previously unselected package libsamplerate0:amd64.
build (20.x, ubuntu-22.04)	Install deps linux	2026-02-02T03:57:12.9550482Z Preparing to unpack .../042-libsamplerate0_0.2.2-1build1_amd64.deb ...
build (20.x, ubuntu-22.04)	Install deps linux	2026-02-02T03:57:12.9561530Z Unpacking libsamplerate0:amd64 (0.2.2-1build1) ...
build (20.x, ubuntu-22.04)	Install deps linux	2026-02-02T03:57:12.9872839Z Selecting previously unselected package libjack-jackd2-0:amd64.
build (20.x, ubuntu-22.04)	Install deps linux	2026-02-02T03:57:13.0043614Z Preparing to unpack .../043-libjack-jackd2-0_1.9.20~dfsg-1_amd64.deb ...
build (20.x, ubuntu-22.04)	Install deps linux	2026-02-02T03:57:13.0055585Z Unpacking libjack-jackd2-0:amd64 (1.9.20~dfsg-1) ...
build (20.x, ubuntu-22.04)	Install deps linux	2026-02-02T03:57:13.0341997Z Selecting previously unselected package libmp3lame0:amd64.
build (20.x, ubuntu-22.04)	Install deps linux	2026-02-02T03:57:13.0510675Z Preparing to unpack .../044-libmp3lame0_3.100-3build2_amd64.deb ...
build (20.x, ubuntu-22.04)	Install deps linux	2026-02-02T03:57:13.0522780Z Unpacking libmp3lame0:amd64 (3.100-3build2) ...
build (20.x, ubuntu-22.04)	Install deps linux	2026-02-02T03:57:13.0797906Z Selecting previously unselected package libmpg123-0:amd64.
build (20.x, ubuntu-22.04)	Install deps linux	2026-02-02T03:57:13.0971359Z Preparing to unpack .../045-libmpg123-0_1.29.3-1ubuntu0.1_amd64.deb ...
build (20.x, ubuntu-22.04)	Install deps linux	2026-02-02T03:57:13.0984291Z Unpacking libmpg123-0:amd64 (1.29.3-1ubuntu0.1) ...
build (20.x, ubuntu-22.04)	Install deps linux	2026-02-02T03:57:13.1248903Z Selecting previously unselected package libasyncns0:amd64.
build (20.x, ubuntu-22.04)	Install deps linux	2026-02-02T03:57:13.1421169Z Preparing to unpack .../046-libasyncns0_0.8-6build2_amd64.deb ...
build (20.x, ubuntu-22.04)	Install deps linux	2026-02-02T03:57:13.1438646Z Unpacking libasyncns0:amd64 (0.8-6build2) ...
build (20.x, ubuntu-22.04)	Install deps linux	2026-02-02T03:57:13.1686181Z Selecting previously unselected package libsndfile1:amd64.
build (20.x, ubuntu-22.04)	Install deps linux	2026-02-02T03:57:13.1858636Z Preparing to unpack .../047-libsndfile1_1.0.31-2ubuntu0.2_amd64.deb ...
build (20.x, ubuntu-22.04)	Install deps linux	2026-02-02T03:57:13.1877745Z Unpacking libsndfile1:amd64 (1.0.31-2ubuntu0.2) ...
build (20.x, ubuntu-22.04)	Install deps linux	2026-02-02T03:57:13.2217576Z Selecting previously unselected package libpulse0:amd64.
build (20.x, ubuntu-22.04)	Install deps linux	2026-02-02T03:57:13.2389415Z Preparing to unpack .../048-libpulse0_1%3a15.99.1+dfsg1-1ubuntu2.2_amd64.deb ...
build (20.x, ubuntu-22.04)	Install deps linux	2026-02-02T03:57:13.2464817Z Unpacking libpulse0:amd64 (1:15.99.1+dfsg1-1ubuntu2.2) ...
build (20.x, ubuntu-22.04)	Install deps linux	2026-02-02T03:57:13.2749906Z Selecting previously unselected package libspeex1:amd64.
build (20.x, ubuntu-22.04)	Install deps linux	2026-02-02T03:57:13.2920779Z Preparing to unpack .../049-libspeex1_1.2~rc1.2-1.1ubuntu3_amd64.deb ...
build (20.x, ubuntu-22.04)	Install deps linux	2026-02-02T03:57:13.2931860Z Unpacking libspeex1:amd64 (1.2~rc1.2-1.1ubuntu3) ...
build (20.x, ubuntu-22.04)	Install deps linux	2026-02-02T03:57:13.3261248Z Selecting previously unselected package libshout3:amd64.
build (20.x, ubuntu-22.04)	Install deps linux	2026-02-02T03:57:13.3432679Z Preparing to unpack .../050-libshout3_2.4.5-1build3_amd64.deb ...
build (20.x, ubuntu-22.04)	Install deps linux	2026-02-02T03:57:13.3442639Z Unpacking libshout3:amd64 (2.4.5-1build3) ...
build (20.x, ubuntu-22.04)	Install deps linux	2026-02-02T03:57:13.3710435Z Selecting previously unselected package libtag1v5-vanilla:amd64.
build (20.x, ubuntu-22.04)	Install deps linux	2026-02-02T03:57:13.3881438Z Preparing to unpack .../051-libtag1v5-vanilla_1.11.1+dfsg.1-3ubuntu3_amd64.deb ...
build (20.x, ubuntu-22.04)	Install deps linux	2026-02-02T03:57:13.3892448Z Unpacking libtag1v5-vanilla:amd64 (1.11.1+dfsg.1-3ubuntu3) ...
build (20.x, ubuntu-22.04)	Install deps linux	2026-02-02T03:57:13.4163219Z Selecting previously unselected package libtag1v5:amd64.
build (20.x, ubuntu-22.04)	Install deps linux	2026-02-02T03:57:13.4332875Z Preparing to unpack .../052-libtag1v5_1.11.1+dfsg.1-3ubuntu3_amd64.deb ...
build (20.x, ubuntu-22.04)	Install deps linux	2026-02-02T03:57:13.4346282Z Unpacking libtag1v5:amd64 (1.11.1+dfsg.1-3ubuntu3) ...
build (20.x, ubuntu-22.04)	Install deps linux	2026-02-02T03:57:13.4595075Z Selecting previously unselected package libtwolame0:amd64.
build (20.x, ubuntu-22.04)	Install deps linux	2026-02-02T03:57:13.4763363Z Preparing to unpack .../053-libtwolame0_0.4.0-2build2_amd64.deb ...
build (20.x, ubuntu-22.04)	Install deps linux	2026-02-02T03:57:13.4773359Z Unpacking libtwolame0:amd64 (0.4.0-2build2) ...
build (20.x, ubuntu-22.04)	Install deps linux	2026-02-02T03:57:13.5028416Z Selecting previously unselected package libv4lconvert0:amd64.
build (20.x, ubuntu-22.04)	Install deps linux	2026-02-02T03:57:13.5198380Z Preparing to unpack .../054-libv4lconvert0_1.22.1-2build1_amd64.deb ...
build (20.x, ubuntu-22.04)	Install deps linux	2026-02-02T03:57:13.5211664Z Unpacking libv4lconvert0:amd64 (1.22.1-2build1) ...
build (20.x, ubuntu-22.04)	Install deps linux	2026-02-02T03:57:13.5487005Z Selecting previously unselected package libv4l-0:amd64.
build (20.x, ubuntu-22.04)	Install deps linux	2026-02-02T03:57:13.5656279Z Preparing to unpack .../055-libv4l-0_1.22.1-2build1_amd64.deb ...
build (20.x, ubuntu-22.04)	Install deps linux	2026-02-02T03:57:13.5672353Z Unpacking libv4l-0:amd64 (1.22.1-2build1) ...
build (20.x, ubuntu-22.04)	Install deps linux	2026-02-02T03:57:13.5930685Z Selecting previously unselected package libvpx7:amd64.
build (20.x, ubuntu-22.04)	Install deps linux	2026-02-02T03:57:13.6101211Z Preparing to unpack .../056-libvpx7_1.11.0-2ubuntu2.4_amd64.deb ...
build (20.x, ubuntu-22.04)	Install deps linux	2026-02-02T03:57:13.6112500Z Unpacking libvpx7:amd64 (1.11.0-2ubuntu2.4) ...
build (20.x, ubuntu-22.04)	Install deps linux	2026-02-02T03:57:13.6488443Z Selecting previously unselected package libwavpack1:amd64.
build (20.x, ubuntu-22.04)	Install deps linux	2026-02-02T03:57:13.6656848Z Preparing to unpack .../057-libwavpack1_5.4.0-1build2_amd64.deb ...
build (20.x, ubuntu-22.04)	Install deps linux	2026-02-02T03:57:13.6667942Z Unpacking libwavpack1:amd64 (5.4.0-1build2) ...
build (20.x, ubuntu-22.04)	Install deps linux	2026-02-02T03:57:13.6922185Z Selecting previously unselected package gstreamer1.0-plugins-good:amd64.
build (20.x, ubuntu-22.04)	Install deps linux	2026-02-02T03:57:13.7092011Z Preparing to unpack .../058-gstreamer1.0-plugins-good_1.20.3-0ubuntu1.4_amd64.deb ...
build (20.x, ubuntu-22.04)	Install deps linux	2026-02-02T03:57:13.7104647Z Unpacking gstreamer1.0-plugins-good:amd64 (1.20.3-0ubuntu1.4) ...
build (20.x, ubuntu-22.04)	Install deps linux	2026-02-02T03:57:13.7670741Z Selecting previously unselected package libxv1:amd64.
build (20.x, ubuntu-22.04)	Install deps linux	2026-02-02T03:57:13.7843983Z Preparing to unpack .../059-libxv1_2%3a1.0.11-1build2_amd64.deb ...
build (20.x, ubuntu-22.04)	Install deps linux	2026-02-02T03:57:13.7856910Z Unpacking libxv1:amd64 (2:1.0.11-1build2) ...
build (20.x, ubuntu-22.04)	Install deps linux	2026-02-02T03:57:13.8085093Z Selecting previously unselected package gstreamer1.0-x:amd64.
build (20.x, ubuntu-22.04)	Install deps linux	2026-02-02T03:57:13.8251932Z Preparing to unpack .../060-gstreamer1.0-x_1.20.1-1ubuntu0.5_amd64.deb ...
build (20.x, ubuntu-22.04)	Install deps linux	2026-02-02T03:57:13.8260702Z Unpacking gstreamer1.0-x:amd64 (1.20.1-1ubuntu0.5) ...
build (20.x, ubuntu-22.04)	Install deps linux	2026-02-02T03:57:13.8500872Z Selecting previously unselected package libatk1.0-dev:amd64.
build (20.x, ubuntu-22.04)	Install deps linux	2026-02-02T03:57:13.8669040Z Preparing to unpack .../061-libatk1.0-dev_2.36.0-3build1_amd64.deb ...
build (20.x, ubuntu-22.04)	Install deps linux	2026-02-02T03:57:13.8686251Z Unpacking libatk1.0-dev:amd64 (2.36.0-3build1) ...
build (20.x, ubuntu-22.04)	Install deps linux	2026-02-02T03:57:13.9070032Z Selecting previously unselected package libdbus-1-dev:amd64.
build (20.x, ubuntu-22.04)	Install deps linux	2026-02-02T03:57:13.9264490Z Preparing to unpack .../062-libdbus-1-dev_1.12.20-2ubuntu4.1_amd64.deb ...
build (20.x, ubuntu-22.04)	Install deps linux	2026-02-02T03:57:13.9274257Z Unpacking libdbus-1-dev:amd64 (1.12.20-2ubuntu4.1) ...
build (20.x, ubuntu-22.04)	Install deps linux	2026-02-02T03:57:13.9659779Z Selecting previously unselected package libxfixes-dev:amd64.
build (20.x, ubuntu-22.04)	Install deps linux	2026-02-02T03:57:13.9825841Z Preparing to unpack .../063-libxfixes-dev_1%3a6.0.0-1_amd64.deb ...
build (20.x, ubuntu-22.04)	Install deps linux	2026-02-02T03:57:13.9835827Z Unpacking libxfixes-dev:amd64 (1:6.0.0-1) ...
build (20.x, ubuntu-22.04)	Install deps linux	2026-02-02T03:57:14.0215842Z Selecting previously unselected package libxi-dev:amd64.
build (20.x, ubuntu-22.04)	Install deps linux	2026-02-02T03:57:14.0383148Z Preparing to unpack .../064-libxi-dev_2%3a1.8-1build1_amd64.deb ...
build (20.x, ubuntu-22.04)	Install deps linux	2026-02-02T03:57:14.0393625Z Unpacking libxi-dev:amd64 (2:1.8-1build1) ...
build (20.x, ubuntu-22.04)	Install deps linux	2026-02-02T03:57:14.0823264Z Selecting previously unselected package libxtst-dev:amd64.
build (20.x, ubuntu-22.04)	Install deps linux	2026-02-02T03:57:14.0989621Z Preparing to unpack .../065-libxtst-dev_2%3a1.2.3-1build4_amd64.deb ...
build (20.x, ubuntu-22.04)	Install deps linux	2026-02-02T03:57:14.0998656Z Unpacking libxtst-dev:amd64 (2:1.2.3-1build4) ...
build (20.x, ubuntu-22.04)	Install deps linux	2026-02-02T03:57:14.1251275Z Selecting previously unselected package libatspi2.0-dev:amd64.
build (20.x, ubuntu-22.04)	Install deps linux	2026-02-02T03:57:14.1415751Z Preparing to unpack .../066-libatspi2.0-dev_2.44.0-3_amd64.deb ...
build (20.x, ubuntu-22.04)	Install deps linux	2026-02-02T03:57:14.1424558Z Unpacking libatspi2.0-dev:amd64 (2.44.0-3) ...
build (20.x, ubuntu-22.04)	Install deps linux	2026-02-02T03:57:14.1745800Z Selecting previously unselected package libatk-bridge2.0-dev:amd64.
build (20.x, ubuntu-22.04)	Install deps linux	2026-02-02T03:57:14.1936397Z Preparing to unpack .../067-libatk-bridge2.0-dev_2.38.0-3_amd64.deb ...
build (20.x, ubuntu-22.04)	Install deps linux	2026-02-02T03:57:14.1949267Z Unpacking libatk-bridge2.0-dev:amd64 (2.38.0-3) ...
build (20.x, ubuntu-22.04)	Install deps linux	2026-02-02T03:57:14.2190454Z Selecting previously unselected package libglx-dev:amd64.
build (20.x, ubuntu-22.04)	Install deps linux	2026-02-02T03:57:14.2357453Z Preparing to unpack .../068-libglx-dev_1.4.0-1_amd64.deb ...
build (20.x, ubuntu-22.04)	Install deps linux	2026-02-02T03:57:14.2376132Z Unpacking libglx-dev:amd64 (1.4.0-1) ...
build (20.x, ubuntu-22.04)	Install deps linux	2026-02-02T03:57:14.2819720Z Selecting previously unselected package libgl-dev:amd64.
build (20.x, ubuntu-22.04)	Install deps linux	2026-02-02T03:57:14.2986572Z Preparing to unpack .../069-libgl-dev_1.4.0-1_amd64.deb ...
build (20.x, ubuntu-22.04)	Install deps linux	2026-02-02T03:57:14.3001121Z Unpacking libgl-dev:amd64 (1.4.0-1) ...
build (20.x, ubuntu-22.04)	Install deps linux	2026-02-02T03:57:14.3331223Z Selecting previously unselected package libegl-dev:amd64.
build (20.x, ubuntu-22.04)	Install deps linux	2026-02-02T03:57:14.3497958Z Preparing to unpack .../070-libegl-dev_1.4.0-1_amd64.deb ...
build (20.x, ubuntu-22.04)	Install deps linux	2026-02-02T03:57:14.3511516Z Unpacking libegl-dev:amd64 (1.4.0-1) ...
build (20.x, ubuntu-22.04)	Install deps linux	2026-02-02T03:57:14.3759942Z Selecting previously unselected package libglvnd-core-dev:amd64.
build (20.x, ubuntu-22.04)	Install deps linux	2026-02-02T03:57:14.3926777Z Preparing to unpack .../071-libglvnd-core-dev_1.4.0-1_amd64.deb ...
build (20.x, ubuntu-22.04)	Install deps linux	2026-02-02T03:57:14.3939919Z Unpacking libglvnd-core-dev:amd64 (1.4.0-1) ...
build (20.x, ubuntu-22.04)	Install deps linux	2026-02-02T03:57:14.4262451Z Selecting previously unselected package libgles1:amd64.
build (20.x, ubuntu-22.04)	Install deps linux	2026-02-02T03:57:14.4432810Z Preparing to unpack .../072-libgles1_1.4.0-1_amd64.deb ...
build (20.x, ubuntu-22.04)	Install deps linux	2026-02-02T03:57:14.4447472Z Unpacking libgles1:amd64 (1.4.0-1) ...
build (20.x, ubuntu-22.04)	Install deps linux	2026-02-02T03:57:14.4706381Z Selecting previously unselected package libgles2:amd64.
build (20.x, ubuntu-22.04)	Install deps linux	2026-02-02T03:57:14.4878520Z Preparing to unpack .../073-libgles2_1.4.0-1_amd64.deb ...
build (20.x, ubuntu-22.04)	Install deps linux	2026-02-02T03:57:14.4888338Z Unpacking libgles2:amd64 (1.4.0-1) ...
build (20.x, ubuntu-22.04)	Install deps linux	2026-02-02T03:57:14.5143274Z Selecting previously unselected package libgles-dev:amd64.
build (20.x, ubuntu-22.04)	Install deps linux	2026-02-02T03:57:14.5310524Z Preparing to unpack .../074-libgles-dev_1.4.0-1_amd64.deb ...
build (20.x, ubuntu-22.04)	Install deps linux	2026-02-02T03:57:14.5346009Z Unpacking libgles-dev:amd64 (1.4.0-1) ...
build (20.x, ubuntu-22.04)	Install deps linux	2026-02-02T03:57:14.5657202Z Selecting previously unselected package libopengl0:amd64.
build (20.x, ubuntu-22.04)	Install deps linux	2026-02-02T03:57:14.5822785Z Preparing to unpack .../075-libopengl0_1.4.0-1_amd64.deb ...
build (20.x, ubuntu-22.04)	Install deps linux	2026-02-02T03:57:14.5832647Z Unpacking libopengl0:amd64 (1.4.0-1) ...
build (20.x, ubuntu-22.04)	Install deps linux	2026-02-02T03:57:14.6101292Z Selecting previously unselected package libopengl-dev:amd64.
build (20.x, ubuntu-22.04)	Install deps linux	2026-02-02T03:57:14.6267005Z Preparing to unpack .../076-libopengl-dev_1.4.0-1_amd64.deb ...
build (20.x, ubuntu-22.04)	Install deps linux	2026-02-02T03:57:14.6288636Z Unpacking libopengl-dev:amd64 (1.4.0-1) ...
build (20.x, ubuntu-22.04)	Install deps linux	2026-02-02T03:57:14.6561019Z Selecting previously unselected package libglvnd-dev:amd64.
build (20.x, ubuntu-22.04)	Install deps linux	2026-02-02T03:57:14.6731225Z Preparing to unpack .../077-libglvnd-dev_1.4.0-1_amd64.deb ...
build (20.x, ubuntu-22.04)	Install deps linux	2026-02-02T03:57:14.6739586Z Unpacking libglvnd-dev:amd64 (1.4.0-1) ...
build (20.x, ubuntu-22.04)	Install deps linux	2026-02-02T03:57:14.6962685Z Selecting previously unselected package libegl1-mesa-dev:amd64.
build (20.x, ubuntu-22.04)	Install deps linux	2026-02-02T03:57:14.7132635Z Preparing to unpack .../078-libegl1-mesa-dev_23.2.1-1ubuntu3.1~22.04.3_amd64.deb ...
build (20.x, ubuntu-22.04)	Install deps linux	2026-02-02T03:57:14.7148924Z Unpacking libegl1-mesa-dev:amd64 (23.2.1-1ubuntu3.1~22.04.3) ...
build (20.x, ubuntu-22.04)	Install deps linux	2026-02-02T03:57:14.7391857Z Selecting previously unselected package libepoxy-dev:amd64.
build (20.x, ubuntu-22.04)	Install deps linux	2026-02-02T03:57:14.7563561Z Preparing to unpack .../079-libepoxy-dev_1.5.10-1_amd64.deb ...
build (20.x, ubuntu-22.04)	Install deps linux	2026-02-02T03:57:14.7582098Z Unpacking libepoxy-dev:amd64 (1.5.10-1) ...
build (20.x, ubuntu-22.04)	Install deps linux	2026-02-02T03:57:14.7892007Z Selecting previously unselected package libfribidi-dev:amd64.
build (20.x, ubuntu-22.04)	Install deps linux	2026-02-02T03:57:14.8064356Z Preparing to unpack .../080-libfribidi-dev_1.0.8-2ubuntu3.1_amd64.deb ...
build (20.x, ubuntu-22.04)	Install deps linux	2026-02-02T03:57:14.8076186Z Unpacking libfribidi-dev:amd64 (1.0.8-2ubuntu3.1) ...
build (20.x, ubuntu-22.04)	Install deps linux	2026-02-02T03:57:14.8411019Z Selecting previously unselected package libharfbuzz-icu0:amd64.
build (20.x, ubuntu-22.04)	Install deps linux	2026-02-02T03:57:14.8579290Z Preparing to unpack .../081-libharfbuzz-icu0_2.7.4-1ubuntu3.2_amd64.deb ...
build (20.x, ubuntu-22.04)	Install deps linux	2026-02-02T03:57:14.8596001Z Unpacking libharfbuzz-icu0:amd64 (2.7.4-1ubuntu3.2) ...
build (20.x, ubuntu-22.04)	Install deps linux	2026-02-02T03:57:14.8863298Z Selecting previously unselected package libharfbuzz-gobject0:amd64.
build (20.x, ubuntu-22.04)	Install deps linux	2026-02-02T03:57:14.9028304Z Preparing to unpack .../082-libharfbuzz-gobject0_2.7.4-1ubuntu3.2_amd64.deb ...
build (20.x, ubuntu-22.04)	Install deps linux	2026-02-02T03:57:14.9057692Z Unpacking libharfbuzz-gobject0:amd64 (2.7.4-1ubuntu3.2) ...
build (20.x, ubuntu-22.04)	Install deps linux	2026-02-02T03:57:14.9311728Z Selecting previously unselected package libgraphite2-dev:amd64.
build (20.x, ubuntu-22.04)	Install deps linux	2026-02-02T03:57:14.9486666Z Preparing to unpack .../083-libgraphite2-dev_1.3.14-1build2_amd64.deb ...
build (20.x, ubuntu-22.04)	Install deps linux	2026-02-02T03:57:14.9627692Z Unpacking libgraphite2-dev:amd64 (1.3.14-1build2) ...
build (20.x, ubuntu-22.04)	Install deps linux	2026-02-02T03:57:14.9880948Z Selecting previously unselected package libharfbuzz-dev:amd64.
build (20.x, ubuntu-22.04)	Install deps linux	2026-02-02T03:57:15.0045597Z Preparing to unpack .../084-libharfbuzz-dev_2.7.4-1ubuntu3.2_amd64.deb ...
build (20.x, ubuntu-22.04)	Install deps linux	2026-02-02T03:57:15.0054986Z Unpacking libharfbuzz-dev:amd64 (2.7.4-1ubuntu3.2) ...
build (20.x, ubuntu-22.04)	Install deps linux	2026-02-02T03:57:15.0473032Z Selecting previously unselected package libdatrie-dev:amd64.
build (20.x, ubuntu-22.04)	Install deps linux	2026-02-02T03:57:15.0642264Z Preparing to unpack .../085-libdatrie-dev_0.2.13-2_amd64.deb ...
build (20.x, ubuntu-22.04)	Install deps linux	2026-02-02T03:57:15.0652873Z Unpacking libdatrie-dev:amd64 (0.2.13-2) ...
build (20.x, ubuntu-22.04)	Install deps linux	2026-02-02T03:57:15.0891059Z Selecting previously unselected package libthai-dev:amd64.
build (20.x, ubuntu-22.04)	Install deps linux	2026-02-02T03:57:15.1058348Z Preparing to unpack .../086-libthai-dev_0.1.29-1build1_amd64.deb ...
build (20.x, ubuntu-22.04)	Install deps linux	2026-02-02T03:57:15.1069458Z Unpacking libthai-dev:amd64 (0.1.29-1build1) ...
build (20.x, ubuntu-22.04)	Install deps linux	2026-02-02T03:57:15.1321459Z Selecting previously unselected package libxft-dev:amd64.
build (20.x, ubuntu-22.04)	Install deps linux	2026-02-02T03:57:15.1486713Z Preparing to unpack .../087-libxft-dev_2.3.4-1_amd64.deb ...
build (20.x, ubuntu-22.04)	Install deps linux	2026-02-02T03:57:15.1499756Z Unpacking libxft-dev:amd64 (2.3.4-1) ...
build (20.x, ubuntu-22.04)	Install deps linux	2026-02-02T03:57:15.1754552Z Selecting previously unselected package pango1.0-tools.
build (20.x, ubuntu-22.04)	Install deps linux	2026-02-02T03:57:15.1921678Z Preparing to unpack .../088-pango1.0-tools_1.50.6+ds-2ubuntu1_amd64.deb ...
build (20.x, ubuntu-22.04)	Install deps linux	2026-02-02T03:57:15.1935251Z Unpacking pango1.0-tools (1.50.6+ds-2ubuntu1) ...
build (20.x, ubuntu-22.04)	Install deps linux	2026-02-02T03:57:15.2343208Z Selecting previously unselected package libpango1.0-dev:amd64.
build (20.x, ubuntu-22.04)	Install deps linux	2026-02-02T03:57:15.2507388Z Preparing to unpack .../089-libpango1.0-dev_1.50.6+ds-2ubuntu1_amd64.deb ...
build (20.x, ubuntu-22.04)	Install deps linux	2026-02-02T03:57:15.2518029Z Unpacking libpango1.0-dev:amd64 (1.50.6+ds-2ubuntu1) ...
build (20.x, ubuntu-22.04)	Install deps linux	2026-02-02T03:57:15.2862371Z Selecting previously unselected package libwayland-bin.
build (20.x, ubuntu-22.04)	Install deps linux	2026-02-02T03:57:15.3028682Z Preparing to unpack .../090-libwayland-bin_1.20.0-1ubuntu0.1_amd64.deb ...
build (20.x, ubuntu-22.04)	Install deps linux	2026-02-02T03:57:15.3036621Z Unpacking libwayland-bin (1.20.0-1ubuntu0.1) ...
build (20.x, ubuntu-22.04)	Install deps linux	2026-02-02T03:57:15.3291138Z Selecting previously unselected package libwayland-dev:amd64.
build (20.x, ubuntu-22.04)	Install deps linux	2026-02-02T03:57:15.3462743Z Preparing to unpack .../091-libwayland-dev_1.20.0-1ubuntu0.1_amd64.deb ...
build (20.x, ubuntu-22.04)	Install deps linux	2026-02-02T03:57:15.3472413Z Unpacking libwayland-dev:amd64 (1.20.0-1ubuntu0.1) ...
build (20.x, ubuntu-22.04)	Install deps linux	2026-02-02T03:57:15.3751811Z Selecting previously unselected package libxcomposite-dev:amd64.
build (20.x, ubuntu-22.04)	Install deps linux	2026-02-02T03:57:15.3918384Z Preparing to unpack .../092-libxcomposite-dev_1%3a0.4.5-1build2_amd64.deb ...
build (20.x, ubuntu-22.04)	Install deps linux	2026-02-02T03:57:15.3933970Z Unpacking libxcomposite-dev:amd64 (1:0.4.5-1build2) ...
build (20.x, ubuntu-22.04)	Install deps linux	2026-02-02T03:57:15.4194479Z Selecting previously unselected package libxcursor-dev:amd64.
build (20.x, ubuntu-22.04)	Install deps linux	2026-02-02T03:57:15.4362075Z Preparing to unpack .../093-libxcursor-dev_1%3a1.2.0-2build4_amd64.deb ...
build (20.x, ubuntu-22.04)	Install deps linux	2026-02-02T03:57:15.4377938Z Unpacking libxcursor-dev:amd64 (1:1.2.0-2build4) ...
build (20.x, ubuntu-22.04)	Install deps linux	2026-02-02T03:57:15.4648143Z Selecting previously unselected package libxdamage-dev:amd64.
build (20.x, ubuntu-22.04)	Install deps linux	2026-02-02T03:57:15.4816361Z Preparing to unpack .../094-libxdamage-dev_1%3a1.1.5-2build2_amd64.deb ...
build (20.x, ubuntu-22.04)	Install deps linux	2026-02-02T03:57:15.4827424Z Unpacking libxdamage-dev:amd64 (1:1.1.5-2build2) ...
build (20.x, ubuntu-22.04)	Install deps linux	2026-02-02T03:57:15.5052324Z Selecting previously unselected package libxinerama-dev:amd64.
build (20.x, ubuntu-22.04)	Install deps linux	2026-02-02T03:57:15.5218874Z Preparing to unpack .../095-libxinerama-dev_2%3a1.1.4-3_amd64.deb ...
build (20.x, ubuntu-22.04)	Install deps linux	2026-02-02T03:57:15.5235234Z Unpacking libxinerama-dev:amd64 (2:1.1.4-3) ...
build (20.x, ubuntu-22.04)	Install deps linux	2026-02-02T03:57:15.5517781Z Selecting previously unselected package libxkbcommon-dev:amd64.
build (20.x, ubuntu-22.04)	Install deps linux	2026-02-02T03:57:15.5681878Z Preparing to unpack .../096-libxkbcommon-dev_1.4.0-1_amd64.deb ...
build (20.x, ubuntu-22.04)	Install deps linux	2026-02-02T03:57:15.5691564Z Unpacking libxkbcommon-dev:amd64 (1.4.0-1) ...
build (20.x, ubuntu-22.04)	Install deps linux	2026-02-02T03:57:15.5960915Z Selecting previously unselected package libxrandr-dev:amd64.
build (20.x, ubuntu-22.04)	Install deps linux	2026-02-02T03:57:15.6128443Z Preparing to unpack .../097-libxrandr-dev_2%3a1.5.2-1build1_amd64.deb ...
build (20.x, ubuntu-22.04)	Install deps linux	2026-02-02T03:57:15.6140343Z Unpacking libxrandr-dev:amd64 (2:1.5.2-1build1) ...
build (20.x, ubuntu-22.04)	Install deps linux	2026-02-02T03:57:15.6399344Z Selecting previously unselected package wayland-protocols.
build (20.x, ubuntu-22.04)	Install deps linux	2026-02-02T03:57:15.6567546Z Preparing to unpack .../098-wayland-protocols_1.25-1_all.deb ...
build (20.x, ubuntu-22.04)	Install deps linux	2026-02-02T03:57:15.6578210Z Unpacking wayland-protocols (1.25-1) ...
build (20.x, ubuntu-22.04)	Install deps linux	2026-02-02T03:57:15.6906129Z Selecting previously unselected package libgtk-3-dev:amd64.
build (20.x, ubuntu-22.04)	Install deps linux	2026-02-02T03:57:15.7076446Z Preparing to unpack .../099-libgtk-3-dev_3.24.33-1ubuntu2.2_amd64.deb ...
build (20.x, ubuntu-22.04)	Install deps linux	2026-02-02T03:57:15.7087585Z Unpacking libgtk-3-dev:amd64 (3.24.33-1ubuntu2.2) ...
build (20.x, ubuntu-22.04)	Install deps linux	2026-02-02T03:57:15.8346747Z Selecting previously unselected package libayatana-ido3-dev.
build (20.x, ubuntu-22.04)	Install deps linux	2026-02-02T03:57:15.8514201Z Preparing to unpack .../100-libayatana-ido3-dev_0.9.1-1_amd64.deb ...
build (20.x, ubuntu-22.04)	Install deps linux	2026-02-02T03:57:15.8528221Z Unpacking libayatana-ido3-dev (0.9.1-1) ...
build (20.x, ubuntu-22.04)	Install deps linux	2026-02-02T03:57:15.8808483Z Selecting previously unselected package libayatana-indicator3-dev.
build (20.x, ubuntu-22.04)	Install deps linux	2026-02-02T03:57:15.8979485Z Preparing to unpack .../101-libayatana-indicator3-dev_0.9.1-1_amd64.deb ...
build (20.x, ubuntu-22.04)	Install deps linux	2026-02-02T03:57:15.8991327Z Unpacking libayatana-indicator3-dev (0.9.1-1) ...
build (20.x, ubuntu-22.04)	Install deps linux	2026-02-02T03:57:15.9280234Z Selecting previously unselected package libdbus-glib-1-dev-bin.
build (20.x, ubuntu-22.04)	Install deps linux	2026-02-02T03:57:15.9445483Z Preparing to unpack .../102-libdbus-glib-1-dev-bin_0.112-2build1_amd64.deb ...
build (20.x, ubuntu-22.04)	Install deps linux	2026-02-02T03:57:15.9458900Z Unpacking libdbus-glib-1-dev-bin (0.112-2build1) ...
build (20.x, ubuntu-22.04)	Install deps linux	2026-02-02T03:57:15.9726982Z Selecting previously unselected package libdbus-glib-1-dev:amd64.
build (20.x, ubuntu-22.04)	Install deps linux	2026-02-02T03:57:15.9894690Z Preparing to unpack .../103-libdbus-glib-1-dev_0.112-2build1_amd64.deb ...
build (20.x, ubuntu-22.04)	Install deps linux	2026-02-02T03:57:15.9908965Z Unpacking libdbus-glib-1-dev:amd64 (0.112-2build1) ...
build (20.x, ubuntu-22.04)	Install deps linux	2026-02-02T03:57:16.0165650Z Selecting previously unselected package libdbusmenu-glib-dev:amd64.
build (20.x, ubuntu-22.04)	Install deps linux	2026-02-02T03:57:16.0329992Z Preparing to unpack .../104-libdbusmenu-glib-dev_16.04.1+18.10.20180917-0ubuntu8_amd64.deb ...
build (20.x, ubuntu-22.04)	Install deps linux	2026-02-02T03:57:16.0338690Z Unpacking libdbusmenu-glib-dev:amd64 (16.04.1+18.10.20180917-0ubuntu8) ...
build (20.x, ubuntu-22.04)	Install deps linux	2026-02-02T03:57:16.0601338Z Selecting previously unselected package libayatana-appindicator3-dev.
build (20.x, ubuntu-22.04)	Install deps linux	2026-02-02T03:57:16.0768585Z Preparing to unpack .../105-libayatana-appindicator3-dev_0.5.90-7ubuntu2_amd64.deb ...
build (20.x, ubuntu-22.04)	Install deps linux	2026-02-02T03:57:16.0782985Z Unpacking libayatana-appindicator3-dev (0.5.90-7ubuntu2) ...
build (20.x, ubuntu-22.04)	Install deps linux	2026-02-02T03:57:16.1026428Z Selecting previously unselected package libdazzle-1.0-dev:amd64.
build (20.x, ubuntu-22.04)	Install deps linux	2026-02-02T03:57:16.1195706Z Preparing to unpack .../106-libdazzle-1.0-dev_3.44.0-1_amd64.deb ...
build (20.x, ubuntu-22.04)	Install deps linux	2026-02-02T03:57:16.1204498Z Unpacking libdazzle-1.0-dev:amd64 (3.44.0-1) ...
build (20.x, ubuntu-22.04)	Install deps linux	2026-02-02T03:57:16.1717073Z Selecting previously unselected package libhyphen0:amd64.
build (20.x, ubuntu-22.04)	Install deps linux	2026-02-02T03:57:16.1884284Z Preparing to unpack .../107-libhyphen0_2.8.8-7build2_amd64.deb ...
build (20.x, ubuntu-22.04)	Install deps linux	2026-02-02T03:57:16.1898399Z Unpacking libhyphen0:amd64 (2.8.8-7build2) ...
build (20.x, ubuntu-22.04)	Install deps linux	2026-02-02T03:57:16.2146427Z Selecting previously unselected package libjavascriptcoregtk-4.1-0:amd64.
build (20.x, ubuntu-22.04)	Install deps linux	2026-02-02T03:57:16.2315618Z Preparing to unpack .../108-libjavascriptcoregtk-4.1-0_2.50.4-0ubuntu0.22.04.1_amd64.deb ...
build (20.x, ubuntu-22.04)	Install deps linux	2026-02-02T03:57:16.2331025Z Unpacking libjavascriptcoregtk-4.1-0:amd64 (2.50.4-0ubuntu0.22.04.1) ...
build (20.x, ubuntu-22.04)	Install deps linux	2026-02-02T03:57:16.3719984Z Selecting previously unselected package libjavascriptcoregtk-4.1-dev:amd64.
build (20.x, ubuntu-22.04)	Install deps linux	2026-02-02T03:57:16.3893016Z Preparing to unpack .../109-libjavascriptcoregtk-4.1-dev_2.50.4-0ubuntu0.22.04.1_amd64.deb ...
build (20.x, ubuntu-22.04)	Install deps linux	2026-02-02T03:57:16.3904155Z Unpacking libjavascriptcoregtk-4.1-dev:amd64 (2.50.4-0ubuntu0.22.04.1) ...
build (20.x, ubuntu-22.04)	Install deps linux	2026-02-02T03:57:16.4195297Z Selecting previously unselected package libjson-glib-dev:amd64.
build (20.x, ubuntu-22.04)	Install deps linux	2026-02-02T03:57:16.4364198Z Preparing to unpack .../110-libjson-glib-dev_1.6.6-1build1_amd64.deb ...
build (20.x, ubuntu-22.04)	Install deps linux	2026-02-02T03:57:16.4375941Z Unpacking libjson-glib-dev:amd64 (1.6.6-1build1) ...
build (20.x, ubuntu-22.04)	Install deps linux	2026-02-02T03:57:16.4709363Z Selecting previously unselected package libevdev2:amd64.
build (20.x, ubuntu-22.04)	Install deps linux	2026-02-02T03:57:16.4879840Z Preparing to unpack .../111-libevdev2_1.12.1+dfsg-1_amd64.deb ...
build (20.x, ubuntu-22.04)	Install deps linux	2026-02-02T03:57:16.4894371Z Unpacking libevdev2:amd64 (1.12.1+dfsg-1) ...
build (20.x, ubuntu-22.04)	Install deps linux	2026-02-02T03:57:16.5153447Z Selecting previously unselected package libmanette-0.2-0:amd64.
build (20.x, ubuntu-22.04)	Install deps linux	2026-02-02T03:57:16.5318589Z Preparing to unpack .../112-libmanette-0.2-0_0.2.6-3build1_amd64.deb ...
build (20.x, ubuntu-22.04)	Install deps linux	2026-02-02T03:57:16.5330648Z Unpacking libmanette-0.2-0:amd64 (0.2.6-3build1) ...
build (20.x, ubuntu-22.04)	Install deps linux	2026-02-02T03:57:16.5606435Z Selecting previously unselected package libnghttp2-dev.
build (20.x, ubuntu-22.04)	Install deps linux	2026-02-02T03:57:16.5772285Z Preparing to unpack .../113-libnghttp2-dev_1.43.0-1ubuntu0.2_amd64.deb ...
build (20.x, ubuntu-22.04)	Install deps linux	2026-02-02T03:57:16.5786344Z Unpacking libnghttp2-dev (1.43.0-1ubuntu0.2) ...
build (20.x, ubuntu-22.04)	Install deps linux	2026-02-02T03:57:16.6057560Z Selecting previously unselected package libwebrtc-audio-processing1:amd64.
build (20.x, ubuntu-22.04)	Install deps linux	2026-02-02T03:57:16.6223594Z Preparing to unpack .../114-libwebrtc-audio-processing1_0.3.1-0ubuntu5_amd64.deb ...
build (20.x, ubuntu-22.04)	Install deps linux	2026-02-02T03:57:16.6246742Z Unpacking libwebrtc-audio-processing1:amd64 (0.3.1-0ubuntu5) ...
build (20.x, ubuntu-22.04)	Install deps linux	2026-02-02T03:57:16.6540839Z Selecting previously unselected package libspa-0.2-modules:amd64.
build (20.x, ubuntu-22.04)	Install deps linux	2026-02-02T03:57:16.6750787Z Preparing to unpack .../115-libspa-0.2-modules_0.3.48-1ubuntu3_amd64.deb ...
build (20.x, ubuntu-22.04)	Install deps linux	2026-02-02T03:57:16.6763009Z Unpacking libspa-0.2-modules:amd64 (0.3.48-1ubuntu3) ...
build (20.x, ubuntu-22.04)	Install deps linux	2026-02-02T03:57:16.7126430Z Selecting previously unselected package libpipewire-0.3-0:amd64.
build (20.x, ubuntu-22.04)	Install deps linux	2026-02-02T03:57:16.7297000Z Preparing to unpack .../116-libpipewire-0.3-0_0.3.48-1ubuntu3_amd64.deb ...
build (20.x, ubuntu-22.04)	Install deps linux	2026-02-02T03:57:16.7310282Z Unpacking libpipewire-0.3-0:amd64 (0.3.48-1ubuntu3) ...
build (20.x, ubuntu-22.04)	Install deps linux	2026-02-02T03:57:16.7587021Z Selecting previously unselected package libpipewire-0.3-common.
build (20.x, ubuntu-22.04)	Install deps linux	2026-02-02T03:57:16.7754043Z Preparing to unpack .../117-libpipewire-0.3-common_0.3.48-1ubuntu3_all.deb ...
build (20.x, ubuntu-22.04)	Install deps linux	2026-02-02T03:57:16.7765389Z Unpacking libpipewire-0.3-common (0.3.48-1ubuntu3) ...
build (20.x, ubuntu-22.04)	Install deps linux	2026-02-02T03:57:16.8001214Z Selecting previously unselected package libpipewire-0.3-modules:amd64.
build (20.x, ubuntu-22.04)	Install deps linux	2026-02-02T03:57:16.8166198Z Preparing to unpack .../118-libpipewire-0.3-modules_0.3.48-1ubuntu3_amd64.deb ...
build (20.x, ubuntu-22.04)	Install deps linux	2026-02-02T03:57:16.8177214Z Unpacking libpipewire-0.3-modules:amd64 (0.3.48-1ubuntu3) ...
build (20.x, ubuntu-22.04)	Install deps linux	2026-02-02T03:57:16.8521358Z Selecting previously unselected package libpolkit-gobject-1-dev.
build (20.x, ubuntu-22.04)	Install deps linux	2026-02-02T03:57:16.8691986Z Preparing to unpack .../119-libpolkit-gobject-1-dev_0.105-33_amd64.deb ...
build (20.x, ubuntu-22.04)	Install deps linux	2026-02-02T03:57:16.8709074Z Unpacking libpolkit-gobject-1-dev (0.105-33) ...
build (20.x, ubuntu-22.04)	Install deps linux	2026-02-02T03:57:16.9027753Z Selecting previously unselected package libpsl-dev:amd64.
build (20.x, ubuntu-22.04)	Install deps linux	2026-02-02T03:57:16.9194153Z Preparing to unpack .../120-libpsl-dev_0.21.0-1.2build2_amd64.deb ...
build (20.x, ubuntu-22.04)	Install deps linux	2026-02-02T03:57:16.9207527Z Unpacking libpsl-dev:amd64 (0.21.0-1.2build2) ...
build (20.x, ubuntu-22.04)	Install deps linux	2026-02-02T03:57:16.9486827Z Selecting previously unselected package libsysprof-4:amd64.
build (20.x, ubuntu-22.04)	Install deps linux	2026-02-02T03:57:16.9654477Z Preparing to unpack .../121-libsysprof-4_3.44.0-1_amd64.deb ...
build (20.x, ubuntu-22.04)	Install deps linux	2026-02-02T03:57:16.9664362Z Unpacking libsysprof-4:amd64 (3.44.0-1) ...
build (20.x, ubuntu-22.04)	Install deps linux	2026-02-02T03:57:16.9921907Z Selecting previously unselected package libsysprof-ui-4:amd64.
build (20.x, ubuntu-22.04)	Install deps linux	2026-02-02T03:57:17.0088539Z Preparing to unpack .../122-libsysprof-ui-4_3.44.0-1_amd64.deb ...
build (20.x, ubuntu-22.04)	Install deps linux	2026-02-02T03:57:17.0101308Z Unpacking libsysprof-ui-4:amd64 (3.44.0-1) ...
build (20.x, ubuntu-22.04)	Install deps linux	2026-02-02T03:57:17.0340663Z Selecting previously unselected package libsysprof-4-dev:amd64.
build (20.x, ubuntu-22.04)	Install deps linux	2026-02-02T03:57:17.0505635Z Preparing to unpack .../123-libsysprof-4-dev_3.44.0-1_amd64.deb ...
build (20.x, ubuntu-22.04)	Install deps linux	2026-02-02T03:57:17.0518290Z Unpacking libsysprof-4-dev:amd64 (3.44.0-1) ...
build (20.x, ubuntu-22.04)	Install deps linux	2026-02-02T03:57:17.0831557Z Selecting previously unselected package libsoup-3.0-dev:amd64.
build (20.x, ubuntu-22.04)	Install deps linux	2026-02-02T03:57:17.1000733Z Preparing to unpack .../124-libsoup-3.0-dev_3.0.7-0ubuntu1_amd64.deb ...
build (20.x, ubuntu-22.04)	Install deps linux	2026-02-02T03:57:17.1009488Z Unpacking libsoup-3.0-dev:amd64 (3.0.7-0ubuntu1) ...
build (20.x, ubuntu-22.04)	Install deps linux	2026-02-02T03:57:17.1329930Z Selecting previously unselected package xdg-dbus-proxy.
build (20.x, ubuntu-22.04)	Install deps linux	2026-02-02T03:57:17.1496124Z Preparing to unpack .../125-xdg-dbus-proxy_0.1.3-1_amd64.deb ...
build (20.x, ubuntu-22.04)	Install deps linux	2026-02-02T03:57:17.1508905Z Unpacking xdg-dbus-proxy (0.1.3-1) ...
build (20.x, ubuntu-22.04)	Install deps linux	2026-02-02T03:57:17.1890835Z Selecting previously unselected package libwoff1:amd64.
build (20.x, ubuntu-22.04)	Install deps linux	2026-02-02T03:57:17.2057698Z Preparing to unpack .../126-libwoff1_1.0.2-1build4_amd64.deb ...
build (20.x, ubuntu-22.04)	Install deps linux	2026-02-02T03:57:17.2067959Z Unpacking libwoff1:amd64 (1.0.2-1build4) ...
build (20.x, ubuntu-22.04)	Install deps linux	2026-02-02T03:57:17.2355271Z Selecting previously unselected package libwebkit2gtk-4.1-0:amd64.
build (20.x, ubuntu-22.04)	Install deps linux	2026-02-02T03:57:17.2527151Z Preparing to unpack .../127-libwebkit2gtk-4.1-0_2.50.4-0ubuntu0.22.04.1_amd64.deb ...
build (20.x, ubuntu-22.04)	Install deps linux	2026-02-02T03:57:17.2538010Z Unpacking libwebkit2gtk-4.1-0:amd64 (2.50.4-0ubuntu0.22.04.1) ...
build (20.x, ubuntu-22.04)	Install deps linux	2026-02-02T03:57:17.5946759Z Selecting previously unselected package libwebkit2gtk-4.1-dev.
build (20.x, ubuntu-22.04)	Install deps linux	2026-02-02T03:57:17.6112775Z Preparing to unpack .../128-libwebkit2gtk-4.1-dev_2.50.4-0ubuntu0.22.04.1_amd64.deb ...
build (20.x, ubuntu-22.04)	Install deps linux	2026-02-02T03:57:17.6123315Z Unpacking libwebkit2gtk-4.1-dev (2.50.4-0ubuntu0.22.04.1) ...
build (20.x, ubuntu-22.04)	Install deps linux	2026-02-02T03:57:17.6854636Z Selecting previously unselected package pipewire-bin.
build (20.x, ubuntu-22.04)	Install deps linux	2026-02-02T03:57:17.7024363Z Preparing to unpack .../129-pipewire-bin_0.3.48-1ubuntu3_amd64.deb ...
build (20.x, ubuntu-22.04)	Install deps linux	2026-02-02T03:57:17.7438174Z Unpacking pipewire-bin (0.3.48-1ubuntu3) ...
build (20.x, ubuntu-22.04)	Install deps linux	2026-02-02T03:57:17.8521088Z Selecting previously unselected package pipewire:amd64.
build (20.x, ubuntu-22.04)	Install deps linux	2026-02-02T03:57:17.8688318Z Preparing to unpack .../130-pipewire_0.3.48-1ubuntu3_amd64.deb ...
build (20.x, ubuntu-22.04)	Install deps linux	2026-02-02T03:57:17.8697150Z Unpacking pipewire:amd64 (0.3.48-1ubuntu3) ...
build (20.x, ubuntu-22.04)	Install deps linux	2026-02-02T03:57:17.8955941Z Selecting previously unselected package pipewire-media-session.
build (20.x, ubuntu-22.04)	Install deps linux	2026-02-02T03:57:17.9124874Z Preparing to unpack .../131-pipewire-media-session_0.4.1-2ubuntu1_amd64.deb ...
build (20.x, ubuntu-22.04)	Install deps linux	2026-02-02T03:57:17.9137623Z Unpacking pipewire-media-session (0.4.1-2ubuntu1) ...
build (20.x, ubuntu-22.04)	Install deps linux	2026-02-02T03:57:17.9426490Z Selecting previously unselected package rtkit.
build (20.x, ubuntu-22.04)	Install deps linux	2026-02-02T03:57:17.9598175Z Preparing to unpack .../132-rtkit_0.13-4build2_amd64.deb ...
build (20.x, ubuntu-22.04)	Install deps linux	2026-02-02T03:57:17.9668191Z Unpacking rtkit (0.13-4build2) ...
build (20.x, ubuntu-22.04)	Install deps linux	2026-02-02T03:57:17.9965083Z Selecting previously unselected package xdg-desktop-portal.
build (20.x, ubuntu-22.04)	Install deps linux	2026-02-02T03:57:18.0134858Z Preparing to unpack .../133-xdg-desktop-portal_1.14.4-1ubuntu2~22.04.2_amd64.deb ...
build (20.x, ubuntu-22.04)	Install deps linux	2026-02-02T03:57:18.0147436Z Unpacking xdg-desktop-portal (1.14.4-1ubuntu2~22.04.2) ...
build (20.x, ubuntu-22.04)	Install deps linux	2026-02-02T03:57:18.0430901Z Selecting previously unselected package xdg-desktop-portal-gtk.
build (20.x, ubuntu-22.04)	Install deps linux	2026-02-02T03:57:18.0600754Z Preparing to unpack .../134-xdg-desktop-portal-gtk_1.14.0-1build1_amd64.deb ...
build (20.x, ubuntu-22.04)	Install deps linux	2026-02-02T03:57:18.0615321Z Unpacking xdg-desktop-portal-gtk (1.14.0-1build1) ...
build (20.x, ubuntu-22.04)	Install deps linux	2026-02-02T03:57:18.0917602Z Selecting previously unselected package libxdo3:amd64.
build (20.x, ubuntu-22.04)	Install deps linux	2026-02-02T03:57:18.1091356Z Preparing to unpack .../135-libxdo3_1%3a3.20160805.1-4_amd64.deb ...
build (20.x, ubuntu-22.04)	Install deps linux	2026-02-02T03:57:18.1101711Z Unpacking libxdo3:amd64 (1:3.20160805.1-4) ...
build (20.x, ubuntu-22.04)	Install deps linux	2026-02-02T03:57:18.1355469Z Selecting previously unselected package libxdo-dev.
build (20.x, ubuntu-22.04)	Install deps linux	2026-02-02T03:57:18.1531501Z Preparing to unpack .../136-libxdo-dev_1%3a3.20160805.1-4_amd64.deb ...
build (20.x, ubuntu-22.04)	Install deps linux	2026-02-02T03:57:18.1546866Z Unpacking libxdo-dev (1:3.20160805.1-4) ...
build (20.x, ubuntu-22.04)	Install deps linux	2026-02-02T03:57:18.2337603Z Setting up libpipewire-0.3-common (0.3.48-1ubuntu3) ...
build (20.x, ubuntu-22.04)	Install deps linux	2026-02-02T03:57:18.2369767Z Setting up bubblewrap (0.6.1-1ubuntu0.1) ...
build (20.x, ubuntu-22.04)	Install deps linux	2026-02-02T03:57:18.2426913Z Setting up libcdparanoia0:amd64 (3.10.2+debian-14build2) ...
build (20.x, ubuntu-22.04)	Install deps linux	2026-02-02T03:57:18.2456801Z Setting up libnghttp2-dev (1.43.0-1ubuntu0.2) ...
build (20.x, ubuntu-22.04)	Install deps linux	2026-02-02T03:57:18.2488216Z Setting up libraw1394-11:amd64 (2.1.2-2build2) ...
build (20.x, ubuntu-22.04)	Install deps linux	2026-02-02T03:57:18.2524559Z Setting up rtkit (0.13-4build2) ...
build (20.x, ubuntu-22.04)	Install deps linux	2026-02-02T03:57:18.5012338Z Setting up libtag1v5-vanilla:amd64 (1.11.1+dfsg.1-3ubuntu3) ...
build (20.x, ubuntu-22.04)	Install deps linux	2026-02-02T03:57:18.5036002Z Setting up libharfbuzz-icu0:amd64 (2.7.4-1ubuntu3.2) ...
build (20.x, ubuntu-22.04)	Install deps linux	2026-02-02T03:57:18.5063010Z Setting up libmpg123-0:amd64 (1.29.3-1ubuntu0.1) ...
build (20.x, ubuntu-22.04)	Install deps linux	2026-02-02T03:57:18.5093845Z Setting up libspeex1:amd64 (1.2~rc1.2-1.1ubuntu3) ...
build (20.x, ubuntu-22.04)	Install deps linux	2026-02-02T03:57:18.5127028Z Setting up libcaca0:amd64 (0.99.beta19-2.2ubuntu4.1) ...
build (20.x, ubuntu-22.04)	Install deps linux	2026-02-02T03:57:18.5155779Z Setting up libpangoxft-1.0-0:amd64 (1.50.6+ds-2ubuntu1) ...
build (20.x, ubuntu-22.04)	Install deps linux	2026-02-02T03:57:18.5185611Z Setting up gir1.2-dbusmenu-glib-0.4:amd64 (16.04.1+18.10.20180917-0ubuntu8) ...
build (20.x, ubuntu-22.04)	Install deps linux	2026-02-02T03:57:18.5220548Z Setting up libglvnd-core-dev:amd64 (1.4.0-1) ...
build (20.x, ubuntu-22.04)	Install deps linux	2026-02-02T03:57:18.5252741Z Setting up libtwolame0:amd64 (0.4.0-2build2) ...
build (20.x, ubuntu-22.04)	Install deps linux	2026-02-02T03:57:18.5279577Z Setting up libwoff1:amd64 (1.0.2-1build4) ...
build (20.x, ubuntu-22.04)	Install deps linux	2026-02-02T03:57:18.5308765Z Setting up libhyphen0:amd64 (2.8.8-7build2) ...
build (20.x, ubuntu-22.04)	Install deps linux	2026-02-02T03:57:18.5341149Z Setting up libvisual-0.4-0:amd64 (0.4.0-17build2) ...
build (20.x, ubuntu-22.04)	Install deps linux	2026-02-02T03:57:18.5367198Z Setting up gir1.2-atk-1.0:amd64 (2.36.0-3build1) ...
build (20.x, ubuntu-22.04)	Install deps linux	2026-02-02T03:57:18.5392750Z Setting up libfribidi-dev:amd64 (1.0.8-2ubuntu3.1) ...
build (20.x, ubuntu-22.04)	Install deps linux	2026-02-02T03:57:18.5424713Z Setting up libxkbcommon-dev:amd64 (1.4.0-1) ...
build (20.x, ubuntu-22.04)	Install deps linux	2026-02-02T03:57:18.5450903Z Setting up pango1.0-tools (1.50.6+ds-2ubuntu1) ...
build (20.x, ubuntu-22.04)	Install deps linux	2026-02-02T03:57:18.5486528Z Setting up libdbus-glib-1-dev-bin (0.112-2build1) ...
build (20.x, ubuntu-22.04)	Install deps linux	2026-02-02T03:57:18.5517875Z Setting up libwebrtc-audio-processing1:amd64 (0.3.1-0ubuntu5) ...
build (20.x, ubuntu-22.04)	Install deps linux	2026-02-02T03:57:18.5552732Z Setting up libharfbuzz-gobject0:amd64 (2.7.4-1ubuntu3.2) ...
build (20.x, ubuntu-22.04)	Install deps linux	2026-02-02T03:57:18.5583058Z Setting up gir1.2-atspi-2.0:amd64 (2.44.0-3) ...
build (20.x, ubuntu-22.04)	Install deps linux	2026-02-02T03:57:18.5613598Z Setting up libsoup-3.0-common (3.0.7-0ubuntu1) ...
build (20.x, ubuntu-22.04)	Install deps linux	2026-02-02T03:57:18.5674631Z Setting up libayatana-ido3-0.4-0:amd64 (0.9.1-1) ...
build (20.x, ubuntu-22.04)	Install deps linux	2026-02-02T03:57:18.5709023Z Setting up gir1.2-harfbuzz-0.0:amd64 (2.7.4-1ubuntu3.2) ...
build (20.x, ubuntu-22.04)	Install deps linux	2026-02-02T03:57:18.5737463Z Setting up libopengl0:amd64 (1.4.0-1) ...
build (20.x, ubuntu-22.04)	Install deps linux	2026-02-02T03:57:18.5766890Z Setting up libpsl-dev:amd64 (0.21.0-1.2build2) ...
build (20.x, ubuntu-22.04)	Install deps linux	2026-02-02T03:57:18.5797987Z Setting up libflac8:amd64 (1.3.3-2ubuntu0.2) ...
build (20.x, ubuntu-22.04)	Install deps linux	2026-02-02T03:57:18.5844798Z Setting up libxfixes-dev:amd64 (1:6.0.0-1) ...
build (20.x, ubuntu-22.04)	Install deps linux	2026-02-02T03:57:18.5890502Z Setting up libxdo3:amd64 (1:3.20160805.1-4) ...
build (20.x, ubuntu-22.04)	Install deps linux	2026-02-02T03:57:18.5922568Z Setting up libwayland-bin (1.20.0-1ubuntu0.1) ...
build (20.x, ubuntu-22.04)	Install deps linux	2026-02-02T03:57:18.5949859Z Setting up libgraphite2-dev:amd64 (1.3.14-1build2) ...
build (20.x, ubuntu-22.04)	Install deps linux	2026-02-02T03:57:18.5980572Z Setting up gir1.2-pango-1.0:amd64 (1.50.6+ds-2ubuntu1) ...
build (20.x, ubuntu-22.04)	Install deps linux	2026-02-02T03:57:18.6011706Z Setting up libxrandr-dev:amd64 (2:1.5.2-1build1) ...
build (20.x, ubuntu-22.04)	Install deps linux	2026-02-02T03:57:18.6040223Z Setting up libegl-mesa0:amd64 (23.2.1-1ubuntu3.1~22.04.3) ...
build (20.x, ubuntu-22.04)	Install deps linux	2026-02-02T03:57:18.6072555Z Setting up libjavascriptcoregtk-4.1-0:amd64 (2.50.4-0ubuntu0.22.04.1) ...
build (20.x, ubuntu-22.04)	Install deps linux	2026-02-02T03:57:18.6097954Z Setting up libgles2:amd64 (1.4.0-1) ...
build (20.x, ubuntu-22.04)	Install deps linux	2026-02-02T03:57:18.6134669Z Setting up libdbus-1-dev:amd64 (1.12.20-2ubuntu4.1) ...
build (20.x, ubuntu-22.04)	Install deps linux	2026-02-02T03:57:18.6173408Z Setting up libspa-0.2-modules:amd64 (0.3.48-1ubuntu3) ...
build (20.x, ubuntu-22.04)	Install deps linux	2026-02-02T03:57:18.6211329Z Setting up libgles1:amd64 (1.4.0-1) ...
build (20.x, ubuntu-22.04)	Install deps linux	2026-02-02T03:57:18.6251735Z Setting up libpipewire-0.3-0:amd64 (0.3.48-1ubuntu3) ...
build (20.x, ubuntu-22.04)	Install deps linux	2026-02-02T03:57:18.6282804Z Setting up libopus0:amd64 (1.3.1-0.1build2) ...
build (20.x, ubuntu-22.04)	Install deps linux	2026-02-02T03:57:18.6311825Z Setting up libxv1:amd64 (2:1.0.11-1build2) ...
build (20.x, ubuntu-22.04)	Install deps linux	2026-02-02T03:57:18.6346702Z Setting up libssl-dev:amd64 (3.0.2-0ubuntu1.21) ...
build (20.x, ubuntu-22.04)	Install deps linux	2026-02-02T03:57:18.6372117Z Setting up liborc-0.4-0:amd64 (1:0.4.32-2ubuntu0.1) ...
build (20.x, ubuntu-22.04)	Install deps linux	2026-02-02T03:57:18.6398653Z Setting up libxinerama-dev:amd64 (2:1.1.4-3) ...
build (20.x, ubuntu-22.04)	Install deps linux	2026-02-02T03:57:18.6429314Z Setting up gir1.2-ayatanaido3-0.4:amd64 (0.9.1-1) ...
build (20.x, ubuntu-22.04)	Install deps linux	2026-02-02T03:57:18.6462121Z Setting up xdg-dbus-proxy (0.1.3-1) ...
build (20.x, ubuntu-22.04)	Install deps linux	2026-02-02T03:57:18.6491817Z Setting up wayland-protocols (1.25-1) ...
build (20.x, ubuntu-22.04)	Install deps linux	2026-02-02T03:57:18.6525721Z Setting up libtag1v5:amd64 (1.11.1+dfsg.1-3ubuntu3) ...
build (20.x, ubuntu-22.04)	Install deps linux	2026-02-02T03:57:18.6552991Z Setting up libdatrie-dev:amd64 (0.2.13-2) ...
build (20.x, ubuntu-22.04)	Install deps linux	2026-02-02T03:57:18.6582895Z Setting up libdv4:amd64 (1.0.0-14build1) ...
build (20.x, ubuntu-22.04)	Install deps linux	2026-02-02T03:57:18.6615844Z Setting up libasyncns0:amd64 (0.8-6build2) ...
build (20.x, ubuntu-22.04)	Install deps linux	2026-02-02T03:57:18.6646386Z Setting up gir1.2-polkit-1.0 (0.105-33) ...
build (20.x, ubuntu-22.04)	Install deps linux	2026-02-02T03:57:18.6680317Z Setting up libwavpack1:amd64 (5.4.0-1build2) ...
build (20.x, ubuntu-22.04)	Install deps linux	2026-02-02T03:57:18.6712943Z Setting up libdazzle-common (3.44.0-1) ...
build (20.x, ubuntu-22.04)	Install deps linux	2026-02-02T03:57:18.6736674Z Setting up libtheora0:amd64 (1.1.1+dfsg.1-15ubuntu4) ...
build (20.x, ubuntu-22.04)	Install deps linux	2026-02-02T03:57:18.6789965Z Setting up libv4lconvert0:amd64 (1.22.1-2build1) ...
build (20.x, ubuntu-22.04)	Install deps linux	2026-02-02T03:57:18.6834720Z Setting up libegl1:amd64 (1.4.0-1) ...
build (20.x, ubuntu-22.04)	Install deps linux	2026-02-02T03:57:18.6879104Z Setting up libglx-dev:amd64 (1.4.0-1) ...
build (20.x, ubuntu-22.04)	Install deps linux	2026-02-02T03:57:18.6908781Z Setting up gir1.2-json-1.0:amd64 (1.6.6-1build1) ...
build (20.x, ubuntu-22.04)	Install deps linux	2026-02-02T03:57:18.6934292Z Setting up libvpx7:amd64 (1.11.0-2ubuntu2.4) ...
build (20.x, ubuntu-22.04)	Install deps linux	2026-02-02T03:57:18.6986343Z Setting up libopengl-dev:amd64 (1.4.0-1) ...
build (20.x, ubuntu-22.04)	Install deps linux	2026-02-02T03:57:18.7029395Z Setting up libsysprof-4:amd64 (3.44.0-1) ...
build (20.x, ubuntu-22.04)	Install deps linux	2026-02-02T03:57:18.7055500Z Setting up libxi-dev:amd64 (2:1.8-1build1) ...
build (20.x, ubuntu-22.04)	Install deps linux	2026-02-02T03:57:18.7093251Z Setting up libsamplerate0:amd64 (0.2.2-1build1) ...
build (20.x, ubuntu-22.04)	Install deps linux	2026-02-02T03:57:18.7132452Z Setting up libayatana-indicator3-7:amd64 (0.9.1-1) ...
build (20.x, ubuntu-22.04)	Install deps linux	2026-02-02T03:57:18.7161296Z Setting up libevdev2:amd64 (1.12.1+dfsg-1) ...
build (20.x, ubuntu-22.04)	Install deps linux	2026-02-02T03:57:18.7198874Z Setting up libgl-dev:amd64 (1.4.0-1) ...
build (20.x, ubuntu-22.04)	Install deps linux	2026-02-02T03:57:18.7233946Z Setting up libjavascriptcoregtk-4.1-dev:amd64 (2.50.4-0ubuntu0.22.04.1) ...
build (20.x, ubuntu-22.04)	Install deps linux	2026-02-02T03:57:18.7268346Z Setting up libmp3lame0:amd64 (3.100-3build2) ...
build (20.x, ubuntu-22.04)	Install deps linux	2026-02-02T03:57:18.7311642Z Setting up libgraphene-1.0-0:amd64 (1.10.8-1) ...
build (20.x, ubuntu-22.04)	Install deps linux	2026-02-02T03:57:18.7346998Z Setting up libatk1.0-dev:amd64 (2.36.0-3build1) ...
build (20.x, ubuntu-22.04)	Install deps linux	2026-02-02T03:57:18.7382551Z Setting up libvorbisenc2:amd64 (1.3.7-1build2) ...
build (20.x, ubuntu-22.04)	Install deps linux	2026-02-02T03:57:18.7420467Z Setting up libaa1:amd64 (1.4p5-50build1) ...
build (20.x, ubuntu-22.04)	Install deps linux	2026-02-02T03:57:18.7451880Z Setting up libiec61883-0:amd64 (1.2.0-4build3) ...
build (20.x, ubuntu-22.04)	Install deps linux	2026-02-02T03:57:18.7488121Z Setting up libxft-dev:amd64 (2.3.4-1) ...
build (20.x, ubuntu-22.04)	Install deps linux	2026-02-02T03:57:18.7520951Z Setting up libxtst-dev:amd64 (2:1.2.3-1build4) ...
build (20.x, ubuntu-22.04)	Install deps linux	2026-02-02T03:57:18.7554726Z Setting up libxdamage-dev:amd64 (1:1.1.5-2build2) ...
build (20.x, ubuntu-22.04)	Install deps linux	2026-02-02T03:57:18.7590111Z Setting up libavc1394-0:amd64 (0.5.4-5build2) ...
build (20.x, ubuntu-22.04)	Install deps linux	2026-02-02T03:57:18.7762835Z Setting up libatspi2.0-dev:amd64 (2.44.0-3) ...
build (20.x, ubuntu-22.04)	Install deps linux	2026-02-02T03:57:18.7797454Z Setting up libharfbuzz-dev:amd64 (2.7.4-1ubuntu3.2) ...
build (20.x, ubuntu-22.04)	Install deps linux	2026-02-02T03:57:18.7841389Z Setting up libdazzle-1.0-0:amd64 (3.44.0-1) ...
build (20.x, ubuntu-22.04)	Install deps linux	2026-02-02T03:57:18.7876023Z Setting up xdg-desktop-portal (1.14.4-1ubuntu2~22.04.2) ...
build (20.x, ubuntu-22.04)	Install deps linux	2026-02-02T03:57:18.8974250Z Created symlink /etc/systemd/user/graphical-session-pre.target.wants/xdg-desktop-portal-rewrite-launchers.service â /usr/lib/systemd/user/xdg-desktop-portal-rewrite-launchers.service.
build (20.x, ubuntu-22.04)	Install deps linux	2026-02-02T03:57:18.9032137Z Setting up libegl-dev:amd64 (1.4.0-1) ...
build (20.x, ubuntu-22.04)	Install deps linux	2026-02-02T03:57:18.9062007Z Setting up libxdo-dev (1:3.20160805.1-4) ...
build (20.x, ubuntu-22.04)	Install deps linux	2026-02-02T03:57:18.9097503Z Setting up libdbus-glib-1-dev:amd64 (0.112-2build1) ...
build (20.x, ubuntu-22.04)	Install deps linux	2026-02-02T03:57:18.9127508Z Setting up libxcomposite-dev:amd64 (1:0.4.5-1build2) ...
build (20.x, ubuntu-22.04)	Install deps linux	2026-02-02T03:57:18.9165891Z Setting up libxcursor-dev:amd64 (1:1.2.0-2build4) ...
build (20.x, ubuntu-22.04)	Install deps linux	2026-02-02T03:57:18.9200246Z Setting up libmanette-0.2-0:amd64 (0.2.6-3build1) ...
build (20.x, ubuntu-22.04)	Install deps linux	2026-02-02T03:57:18.9237411Z Setting up libjson-glib-dev:amd64 (1.6.6-1build1) ...
build (20.x, ubuntu-22.04)	Install deps linux	2026-02-02T03:57:18.9270407Z Setting up libepoxy-dev:amd64 (1.5.10-1) ...
build (20.x, ubuntu-22.04)	Install deps linux	2026-02-02T03:57:18.9299093Z Setting up libsoup-3.0-0:amd64 (3.0.7-0ubuntu1) ...
build (20.x, ubuntu-22.04)	Install deps linux	2026-02-02T03:57:18.9344290Z Setting up gir1.2-gtk-3.0:amd64 (3.24.33-1ubuntu2.2) ...
build (20.x, ubuntu-22.04)	Install deps linux	2026-02-02T03:57:18.9376121Z Setting up libgstreamer-plugins-base1.0-0:amd64 (1.20.1-1ubuntu0.5) ...
build (20.x, ubuntu-22.04)	Install deps linux	2026-02-02T03:57:18.9407389Z Setting up libatk-bridge2.0-dev:amd64 (2.38.0-3) ...
build (20.x, ubuntu-22.04)	Install deps linux	2026-02-02T03:57:18.9439194Z Setting up libwayland-dev:amd64 (1.20.0-1ubuntu0.1) ...
build (20.x, ubuntu-22.04)	Install deps linux	2026-02-02T03:57:18.9471726Z Setting up libv4l-0:amd64 (1.22.1-2build1) ...
build (20.x, ubuntu-22.04)	Install deps linux	2026-02-02T03:57:18.9502551Z Setting up libgstreamer-plugins-good1.0-0:amd64 (1.20.3-0ubuntu1.4) ...
build (20.x, ubuntu-22.04)	Install deps linux	2026-02-02T03:57:18.9531081Z Setting up libgstreamer-gl1.0-0:amd64 (1.20.1-1ubuntu0.5) ...
build (20.x, ubuntu-22.04)	Install deps linux	2026-02-02T03:57:18.9572248Z Setting up gstreamer1.0-plugins-base:amd64 (1.20.1-1ubuntu0.5) ...
build (20.x, ubuntu-22.04)	Install deps linux	2026-02-02T03:57:18.9600823Z Setting up libayatana-appindicator3-1 (0.5.90-7ubuntu2) ...
build (20.x, ubuntu-22.04)	Install deps linux	2026-02-02T03:57:18.9640857Z Setting up libshout3:amd64 (2.4.5-1build3) ...
build (20.x, ubuntu-22.04)	Install deps linux	2026-02-02T03:57:18.9686007Z Setting up libpolkit-gobject-1-dev (0.105-33) ...
build (20.x, ubuntu-22.04)	Install deps linux	2026-02-02T03:57:18.9718831Z Setting up libdbusmenu-glib-dev:amd64 (16.04.1+18.10.20180917-0ubuntu8) ...
build (20.x, ubuntu-22.04)	Install deps linux	2026-02-02T03:57:18.9754305Z Setting up libthai-dev:amd64 (0.1.29-1build1) ...
build (20.x, ubuntu-22.04)	Install deps linux	2026-02-02T03:57:18.9786815Z Setting up gir1.2-soup-3.0:amd64 (3.0.7-0ubuntu1) ...
build (20.x, ubuntu-22.04)	Install deps linux	2026-02-02T03:57:18.9812474Z Setting up libjack-jackd2-0:amd64 (1.9.20~dfsg-1) ...
build (20.x, ubuntu-22.04)	Install deps linux	2026-02-02T03:57:18.9852244Z Setting up libsysprof-ui-4:amd64 (3.44.0-1) ...
build (20.x, ubuntu-22.04)	Install deps linux	2026-02-02T03:57:18.9891774Z Setting up libsndfile1:amd64 (1.0.31-2ubuntu0.2) ...
build (20.x, ubuntu-22.04)	Install deps linux	2026-02-02T03:57:18.9937828Z Setting up libgles-dev:amd64 (1.4.0-1) ...
build (20.x, ubuntu-22.04)	Install deps linux	2026-02-02T03:57:18.9973310Z Setting up gir1.2-dazzle-1.0:amd64 (3.44.0-1) ...
build (20.x, ubuntu-22.04)	Install deps linux	2026-02-02T03:57:19.0013099Z Setting up gir1.2-ayatanaappindicator3-0.1 (0.5.90-7ubuntu2) ...
build (20.x, ubuntu-22.04)	Install deps linux	2026-02-02T03:57:19.0040987Z Setting up gstreamer1.0-gl:amd64 (1.20.1-1ubuntu0.5) ...
build (20.x, ubuntu-22.04)	Install deps linux	2026-02-02T03:57:19.0072197Z Setting up xdg-desktop-portal-gtk (1.14.0-1build1) ...
build (20.x, ubuntu-22.04)	Install deps linux	2026-02-02T03:57:19.0126073Z Setting up gstreamer1.0-x:amd64 (1.20.1-1ubuntu0.5) ...
build (20.x, ubuntu-22.04)	Install deps linux	2026-02-02T03:57:19.0161761Z Setting up libpulse0:amd64 (1:15.99.1+dfsg1-1ubuntu2.2) ...
build (20.x, ubuntu-22.04)	Install deps linux	2026-02-02T03:57:19.0269201Z Setting up gstreamer1.0-plugins-good:amd64 (1.20.3-0ubuntu1.4) ...
build (20.x, ubuntu-22.04)	Install deps linux	2026-02-02T03:57:19.0306819Z Setting up libglvnd-dev:amd64 (1.4.0-1) ...
build (20.x, ubuntu-22.04)	Install deps linux	2026-02-02T03:57:19.0340682Z Setting up libpipewire-0.3-modules:amd64 (0.3.48-1ubuntu3) ...
build (20.x, ubuntu-22.04)	Install deps linux	2026-02-02T03:57:19.0376434Z Setting up libpango1.0-dev:amd64 (1.50.6+ds-2ubuntu1) ...
build (20.x, ubuntu-22.04)	Install deps linux	2026-02-02T03:57:19.0412844Z Setting up libegl1-mesa-dev:amd64 (23.2.1-1ubuntu3.1~22.04.3) ...
build (20.x, ubuntu-22.04)	Install deps linux	2026-02-02T03:57:19.0442316Z Setting up libgtk-3-dev:amd64 (3.24.33-1ubuntu2.2) ...
build (20.x, ubuntu-22.04)	Install deps linux	2026-02-02T03:57:19.0476234Z Setting up libwebkit2gtk-4.1-0:amd64 (2.50.4-0ubuntu0.22.04.1) ...
build (20.x, ubuntu-22.04)	Install deps linux	2026-02-02T03:57:19.0502868Z Setting up libdazzle-1.0-dev:amd64 (3.44.0-1) ...
build (20.x, ubuntu-22.04)	Install deps linux	2026-02-02T03:57:19.0529403Z Setting up libayatana-ido3-dev (0.9.1-1) ...
build (20.x, ubuntu-22.04)	Install deps linux	2026-02-02T03:57:19.0560567Z Setting up pipewire-bin (0.3.48-1ubuntu3) ...
build (20.x, ubuntu-22.04)	Install deps linux	2026-02-02T03:57:19.1026938Z Setting up libayatana-indicator3-dev (0.9.1-1) ...
build (20.x, ubuntu-22.04)	Install deps linux	2026-02-02T03:57:19.1060360Z Setting up libsysprof-4-dev:amd64 (3.44.0-1) ...
build (20.x, ubuntu-22.04)	Install deps linux	2026-02-02T03:57:19.1095193Z Setting up pipewire:amd64 (0.3.48-1ubuntu3) ...
build (20.x, ubuntu-22.04)	Install deps linux	2026-02-02T03:57:19.2177171Z Created symlink /etc/systemd/user/default.target.wants/pipewire.service â /usr/lib/systemd/user/pipewire.service.
build (20.x, ubuntu-22.04)	Install deps linux	2026-02-02T03:57:19.2178566Z Created symlink /etc/systemd/user/sockets.target.wants/pipewire.socket â /usr/lib/systemd/user/pipewire.socket.
build (20.x, ubuntu-22.04)	Install deps linux	2026-02-02T03:57:19.3360254Z Setting up libayatana-appindicator3-dev (0.5.90-7ubuntu2) ...
build (20.x, ubuntu-22.04)	Install deps linux	2026-02-02T03:57:19.3390881Z Setting up libsoup-3.0-dev:amd64 (3.0.7-0ubuntu1) ...
build (20.x, ubuntu-22.04)	Install deps linux	2026-02-02T03:57:19.3430104Z Setting up libwebkit2gtk-4.1-dev (2.50.4-0ubuntu0.22.04.1) ...
build (20.x, ubuntu-22.04)	Install deps linux	2026-02-02T03:57:19.3485395Z Setting up pipewire-media-session (0.4.1-2ubuntu1) ...
build (20.x, ubuntu-22.04)	Install deps linux	2026-02-02T03:57:19.4516389Z Created symlink /etc/systemd/user/pipewire-session-manager.service â /usr/lib/systemd/user/pipewire-media-session.service.
build (20.x, ubuntu-22.04)	Install deps linux	2026-02-02T03:57:19.4518127Z Created symlink /etc/systemd/user/pipewire.service.wants/pipewire-media-session.service â /usr/lib/systemd/user/pipewire-media-session.service.
build (20.x, ubuntu-22.04)	Install deps linux	2026-02-02T03:57:19.4560099Z Processing triggers for libc-bin (2.35-0ubuntu3.11) ...
build (20.x, ubuntu-22.04)	Install deps linux	2026-02-02T03:57:19.5582897Z Processing triggers for man-db (2.10.2-1) ...
build (20.x, ubuntu-22.04)	Install deps linux	2026-02-02T03:57:19.5614655Z Not building database; man-db/auto-update is not 'true'.
build (20.x, ubuntu-22.04)	Install deps linux	2026-02-02T03:57:19.5636193Z Processing triggers for dbus (1.12.20-2ubuntu4.1) ...
build (20.x, ubuntu-22.04)	Install deps linux	2026-02-02T03:57:19.5786798Z Processing triggers for mailcap (3.70+nmu1ubuntu1) ...
build (20.x, ubuntu-22.04)	Install deps linux	2026-02-02T03:57:20.1872218Z 
build (20.x, ubuntu-22.04)	Install deps linux	2026-02-02T03:57:20.1872910Z Running kernel seems to be up-to-date.
build (20.x, ubuntu-22.04)	Install deps linux	2026-02-02T03:57:20.1873205Z 
build (20.x, ubuntu-22.04)	Install deps linux	2026-02-02T03:57:20.1873361Z Services to be restarted:
build (20.x, ubuntu-22.04)	Install deps linux	2026-02-02T03:57:20.1968883Z  systemctl restart packagekit.service
build (20.x, ubuntu-22.04)	Install deps linux	2026-02-02T03:57:20.2014453Z  systemctl restart php8.1-fpm.service
build (20.x, ubuntu-22.04)	Install deps linux	2026-02-02T03:57:20.2059138Z  systemctl restart ssh.service
build (20.x, ubuntu-22.04)	Install deps linux	2026-02-02T03:57:20.2106319Z  systemctl restart systemd-journald.service
build (20.x, ubuntu-22.04)	Install deps linux	2026-02-02T03:57:20.2240470Z  /etc/needrestart/restart.d/systemd-manager
build (20.x, ubuntu-22.04)	Install deps linux	2026-02-02T03:57:20.2289491Z  systemctl restart systemd-networkd.service
build (20.x, ubuntu-22.04)	Install deps linux	2026-02-02T03:57:20.2337301Z  systemctl restart systemd-resolved.service
build (20.x, ubuntu-22.04)	Install deps linux	2026-02-02T03:57:20.2386323Z  systemctl restart systemd-udevd.service
build (20.x, ubuntu-22.04)	Install deps linux	2026-02-02T03:57:20.2479699Z 
build (20.x, ubuntu-22.04)	Install deps linux	2026-02-02T03:57:20.2481102Z Service restarts being deferred:
build (20.x, ubuntu-22.04)	Install deps linux	2026-02-02T03:57:20.2481735Z  systemctl restart hosted-compute-agent.service
build (20.x, ubuntu-22.04)	Install deps linux	2026-02-02T03:57:20.2482341Z  systemctl restart systemd-logind.service
build (20.x, ubuntu-22.04)	Install deps linux	2026-02-02T03:57:20.2482888Z  systemctl restart user@1001.service
build (20.x, ubuntu-22.04)	Install deps linux	2026-02-02T03:57:20.2483451Z  systemctl restart walinuxagent.service
build (20.x, ubuntu-22.04)	Install deps linux	2026-02-02T03:57:20.2483979Z 
build (20.x, ubuntu-22.04)	Install deps linux	2026-02-02T03:57:20.2484151Z No containers need to be restarted.
build (20.x, ubuntu-22.04)	Install deps linux	2026-02-02T03:57:20.2484362Z 
build (20.x, ubuntu-22.04)	Install deps linux	2026-02-02T03:57:20.2484543Z No user sessions are running outdated binaries.
build (20.x, ubuntu-22.04)	Install deps linux	2026-02-02T03:57:20.2484762Z 
build (20.x, ubuntu-22.04)	Install deps linux	2026-02-02T03:57:20.2485048Z No VM guests are running outdated hypervisor (qemu) binaries on this host.
build (20.x, ubuntu-22.04)	Install deps project	ï»¿2026-02-02T03:57:21.8181142Z ##[group]Run pnpm install
build (20.x, ubuntu-22.04)	Install deps project	2026-02-02T03:57:21.8181485Z [36;1mpnpm install[0m
build (20.x, ubuntu-22.04)	Install deps project	2026-02-02T03:57:21.8243117Z shell: /usr/bin/bash -e {0}
build (20.x, ubuntu-22.04)	Install deps project	2026-02-02T03:57:21.8243365Z env:
build (20.x, ubuntu-22.04)	Install deps project	2026-02-02T03:57:21.8243548Z   CARGO_INCREMENTAL: 0
build (20.x, ubuntu-22.04)	Install deps project	2026-02-02T03:57:21.8244013Z   CARGO_PROFILE_DEV_DEBUG: 0
build (20.x, ubuntu-22.04)	Install deps project	2026-02-02T03:57:21.8244251Z   CARGO_TERM_COLOR: always
build (20.x, ubuntu-22.04)	Install deps project	2026-02-02T03:57:21.8244471Z   RUST_BACKTRACE: short
build (20.x, ubuntu-22.04)	Install deps project	2026-02-02T03:57:21.8244681Z   RUSTFLAGS: -D warnings
build (20.x, ubuntu-22.04)	Install deps project	2026-02-02T03:57:21.8244911Z   CARGO_UNSTABLE_SPARSE_REGISTRY: true
build (20.x, ubuntu-22.04)	Install deps project	2026-02-02T03:57:21.8245202Z   CARGO_REGISTRIES_CRATES_IO_PROTOCOL: sparse
build (20.x, ubuntu-22.04)	Install deps project	2026-02-02T03:57:21.8245471Z   CACHE_ON_FAILURE: true
build (20.x, ubuntu-22.04)	Install deps project	2026-02-02T03:57:21.8245744Z   PNPM_HOME: /home/runner/setup-pnpm/node_modules/.bin
build (20.x, ubuntu-22.04)	Install deps project	2026-02-02T03:57:21.8246046Z ##[endgroup]
build (20.x, ubuntu-22.04)	Install deps project	2026-02-02T03:57:22.4200658Z Lockfile is up to date, resolution step is skipped
build (20.x, ubuntu-22.04)	Install deps project	2026-02-02T03:57:22.5376329Z Progress: resolved 1, reused 0, downloaded 0, added 0
build (20.x, ubuntu-22.04)	Install deps project	2026-02-02T03:57:22.6717313Z Packages: +897
build (20.x, ubuntu-22.04)	Install deps project	2026-02-02T03:57:22.6718084Z ++++++++++++++++++++++++++++++++++++++++++++++++++++++++++++++++++++++++++++++++
build (20.x, ubuntu-22.04)	Install deps project	2026-02-02T03:57:23.5387359Z Progress: resolved 897, reused 0, downloaded 15, added 4
build (20.x, ubuntu-22.04)	Install deps project	2026-02-02T03:57:24.5404948Z Progress: resolved 897, reused 0, downloaded 143, added 69
build (20.x, ubuntu-22.04)	Install deps project	2026-02-02T03:57:25.5424192Z Progress: resolved 897, reused 0, downloaded 416, added 409
build (20.x, ubuntu-22.04)	Install deps project	2026-02-02T03:57:26.5408291Z Progress: resolved 897, reused 0, downloaded 821, added 821
build (20.x, ubuntu-22.04)	Install deps project	2026-02-02T03:57:26.9185159Z Progress: resolved 897, reused 0, downloaded 894, added 897, done
build (20.x, ubuntu-22.04)	Install deps project	2026-02-02T03:57:27.3504435Z 
build (20.x, ubuntu-22.04)	Install deps project	2026-02-02T03:57:27.3504964Z dependencies:
build (20.x, ubuntu-22.04)	Install deps project	2026-02-02T03:57:27.3505381Z + @angular/animations 17.3.12
build (20.x, ubuntu-22.04)	Install deps project	2026-02-02T03:57:27.3505680Z + @angular/cdk 17.3.10
build (20.x, ubuntu-22.04)	Install deps project	2026-02-02T03:57:27.3505920Z + @angular/common 17.3.12
build (20.x, ubuntu-22.04)	Install deps project	2026-02-02T03:57:27.3506163Z + @angular/compiler 17.3.12
build (20.x, ubuntu-22.04)	Install deps project	2026-02-02T03:57:27.3506402Z + @angular/core 17.3.12
build (20.x, ubuntu-22.04)	Install deps project	2026-02-02T03:57:27.3506619Z + @angular/forms 17.3.12
build (20.x, ubuntu-22.04)	Install deps project	2026-02-02T03:57:27.3506848Z + @angular/material 17.3.10
build (20.x, ubuntu-22.04)	Install deps project	2026-02-02T03:57:27.3507149Z + @angular/platform-browser 17.3.12
build (20.x, ubuntu-22.04)	Install deps project	2026-02-02T03:57:27.3507537Z + @angular/platform-browser-dynamic 17.3.12
build (20.x, ubuntu-22.04)	Install deps project	2026-02-02T03:57:27.3507839Z + @angular/router 17.3.12
build (20.x, ubuntu-22.04)	Install deps project	2026-02-02T03:57:27.3508119Z + @ng-bootstrap/ng-bootstrap 16.0.0
build (20.x, ubuntu-22.04)	Install deps project	2026-02-02T03:57:27.3508409Z + @popperjs/core 2.11.8
build (20.x, ubuntu-22.04)	Install deps project	2026-02-02T03:57:27.3508649Z + @tauri-apps/api 2.9.1
build (20.x, ubuntu-22.04)	Install deps project	2026-02-02T03:57:27.3508939Z + @tauri-apps/plugin-clipboard-manager 2.3.2
build (20.x, ubuntu-22.04)	Install deps project	2026-02-02T03:57:27.3509275Z + @tauri-apps/plugin-dialog 2.6.0
build (20.x, ubuntu-22.04)	Install deps project	2026-02-02T03:57:27.3509591Z + @tauri-apps/plugin-notification 2.3.3
build (20.x, ubuntu-22.04)	Install deps project	2026-02-02T03:57:27.3509912Z + @tauri-apps/plugin-shell 2.3.4
build (20.x, ubuntu-22.04)	Install deps project	2026-02-02T03:57:27.3510162Z + @types/three 0.182.0
build (20.x, ubuntu-22.04)	Install deps project	2026-02-02T03:57:27.3510370Z + fuse.js 7.1.0
build (20.x, ubuntu-22.04)	Install deps project	2026-02-02T03:57:27.3510606Z + ng-keyboard-shortcuts 13.0.8
build (20.x, ubuntu-22.04)	Install deps project	2026-02-02T03:57:27.3510857Z + ngx-toastr 19.1.0
build (20.x, ubuntu-22.04)	Install deps project	2026-02-02T03:57:27.3511043Z + rxjs 7.8.2
build (20.x, ubuntu-22.04)	Install deps project	2026-02-02T03:57:27.3511218Z + three 0.182.0
build (20.x, ubuntu-22.04)	Install deps project	2026-02-02T03:57:27.3511397Z + tslib 2.8.1
build (20.x, ubuntu-22.04)	Install deps project	2026-02-02T03:57:27.3511589Z + zone.js 0.14.10
build (20.x, ubuntu-22.04)	Install deps project	2026-02-02T03:57:27.3511702Z 
build (20.x, ubuntu-22.04)	Install deps project	2026-02-02T03:57:27.3511794Z devDependencies:
build (20.x, ubuntu-22.04)	Install deps project	2026-02-02T03:57:27.3512066Z + @angular-devkit/build-angular 17.3.17
build (20.x, ubuntu-22.04)	Install deps project	2026-02-02T03:57:27.3512341Z + @angular/cli 17.3.17
build (20.x, ubuntu-22.04)	Install deps project	2026-02-02T03:57:27.3512594Z + @angular/compiler-cli 17.3.12
build (20.x, ubuntu-22.04)	Install deps project	2026-02-02T03:57:27.3513011Z + @angular/localize 17.3.12
build (20.x, ubuntu-22.04)	Install deps project	2026-02-02T03:57:27.3513437Z + @playwright/test 1.58.1
build (20.x, ubuntu-22.04)	Install deps project	2026-02-02T03:57:27.3514026Z + @tauri-apps/cli 2.9.6
build (20.x, ubuntu-22.04)	Install deps project	2026-02-02T03:57:27.3514375Z + @types/jasmine 5.1.12
build (20.x, ubuntu-22.04)	Install deps project	2026-02-02T03:57:27.3514752Z + @types/node 25.2.0
build (20.x, ubuntu-22.04)	Install deps project	2026-02-02T03:57:27.3515137Z + jasmine-core 5.1.2
build (20.x, ubuntu-22.04)	Install deps project	2026-02-02T03:57:27.3515505Z + karma 6.4.4
build (20.x, ubuntu-22.04)	Install deps project	2026-02-02T03:57:27.3515901Z + karma-chrome-launcher 3.2.0
build (20.x, ubuntu-22.04)	Install deps project	2026-02-02T03:57:27.3516376Z + karma-coverage 2.2.1
build (20.x, ubuntu-22.04)	Install deps project	2026-02-02T03:57:27.3516812Z + karma-jasmine 5.1.0
build (20.x, ubuntu-22.04)	Install deps project	2026-02-02T03:57:27.3517335Z + karma-jasmine-html-reporter 2.1.0
build (20.x, ubuntu-22.04)	Install deps project	2026-02-02T03:57:27.3517856Z + typescript 5.4.5
build (20.x, ubuntu-22.04)	Install deps project	2026-02-02T03:57:27.3518087Z 
build (20.x, ubuntu-22.04)	Install deps project	2026-02-02T03:57:27.3519026Z â­ Warning ââââââââââââââââââââââââââââââââââââââââââââââââââââââââââââââââââââââ®
build (20.x, ubuntu-22.04)	Install deps project	2026-02-02T03:57:27.3520088Z â                                                                              â
build (20.x, ubuntu-22.04)	Install deps project	2026-02-02T03:57:27.3522094Z â   Ignored build scripts: esbuild, nice-napi.                                 â
build (20.x, ubuntu-22.04)	Install deps project	2026-02-02T03:57:27.3523610Z â   Run "pnpm approve-builds" to pick which dependencies should be allowed     â
build (20.x, ubuntu-22.04)	Install deps project	2026-02-02T03:57:27.3525278Z â   to run scripts.                                                            â
build (20.x, ubuntu-22.04)	Install deps project	2026-02-02T03:57:27.3526564Z â                                                                              â
build (20.x, ubuntu-22.04)	Install deps project	2026-02-02T03:57:27.3527831Z â°âââââââââââââââââââââââââââââââââââââââââââââââââââââââââââââââââââââââââââââââ¯
build (20.x, ubuntu-22.04)	Install deps project	2026-02-02T03:57:27.3528374Z 
build (20.x, ubuntu-22.04)	Install deps project	2026-02-02T03:57:27.3808203Z Done in 5.5s using pnpm v10.10.0
build (20.x, ubuntu-22.04)	Build	ï»¿2026-02-02T03:57:27.4158091Z ##[group]Run pnpm run tauri build --bundles deb,rpm
build (20.x, ubuntu-22.04)	Build	2026-02-02T03:57:27.4158483Z [36;1mpnpm run tauri build --bundles deb,rpm[0m
build (20.x, ubuntu-22.04)	Build	2026-02-02T03:57:27.4220569Z shell: /usr/bin/bash -e {0}
build (20.x, ubuntu-22.04)	Build	2026-02-02T03:57:27.4220823Z env:
build (20.x, ubuntu-22.04)	Build	2026-02-02T03:57:27.4221000Z   CARGO_INCREMENTAL: 0
build (20.x, ubuntu-22.04)	Build	2026-02-02T03:57:27.4221249Z   CARGO_PROFILE_DEV_DEBUG: 0
build (20.x, ubuntu-22.04)	Build	2026-02-02T03:57:27.4221484Z   CARGO_TERM_COLOR: always
build (20.x, ubuntu-22.04)	Build	2026-02-02T03:57:27.4221708Z   RUST_BACKTRACE: short
build (20.x, ubuntu-22.04)	Build	2026-02-02T03:57:27.4221917Z   RUSTFLAGS: -D warnings
build (20.x, ubuntu-22.04)	Build	2026-02-02T03:57:27.4222145Z   CARGO_UNSTABLE_SPARSE_REGISTRY: true
build (20.x, ubuntu-22.04)	Build	2026-02-02T03:57:27.4222440Z   CARGO_REGISTRIES_CRATES_IO_PROTOCOL: sparse
build (20.x, ubuntu-22.04)	Build	2026-02-02T03:57:27.4222719Z   CACHE_ON_FAILURE: true
build (20.x, ubuntu-22.04)	Build	2026-02-02T03:57:27.4222990Z   PNPM_HOME: /home/runner/setup-pnpm/node_modules/.bin
build (20.x, ubuntu-22.04)	Build	2026-02-02T03:57:27.4223284Z ##[endgroup]
build (20.x, ubuntu-22.04)	Build	2026-02-02T03:57:27.8092885Z 
build (20.x, ubuntu-22.04)	Build	2026-02-02T03:57:27.8093794Z > open-tv@2.0.7 tauri /home/runner/work/open-tv/open-tv
build (20.x, ubuntu-22.04)	Build	2026-02-02T03:57:27.8094312Z > tauri build --bundles deb\,rpm
build (20.x, ubuntu-22.04)	Build	2026-02-02T03:57:27.8094494Z 
build (20.x, ubuntu-22.04)	Build	2026-02-02T03:57:28.0355643Z         Info Looking up installed tauri packages to check mismatched versions...
build (20.x, ubuntu-22.04)	Build	2026-02-02T03:57:28.5905153Z         Warn The bundle identifier "com.beatstv.app" set in `tauri.conf.json identifier` ends with `.app`. This is not recommended because it conflicts with the application bundle extension on macOS.
build (20.x, ubuntu-22.04)	Build	2026-02-02T03:57:28.5906276Z      Running beforeBuildCommand `ng build --configuration=production`
build (20.x, ubuntu-22.04)	Build	2026-02-02T03:57:29.0738583Z [baseline-browser-mapping] The data in this module is over two months old.  To ensure accurate Baseline data, please update: `npm i baseline-browser-mapping@latest -D`
build (20.x, ubuntu-22.04)	Build	2026-02-02T03:57:29.2491454Z - Building...
build (20.x, ubuntu-22.04)	Build	2026-02-02T03:57:29.2491688Z 
build (20.x, ubuntu-22.04)	Build	2026-02-02T03:57:34.8335170Z [baseline-browser-mapping] The data in this module is over two months old.  To ensure accurate Baseline data, please update: `npm i baseline-browser-mapping@latest -D`
build (20.x, ubuntu-22.04)	Build	2026-02-02T03:57:35.1476498Z [baseline-browser-mapping] The data in this module is over two months old.  To ensure accurate Baseline data, please update: `npm i baseline-browser-mapping@latest -D`
build (20.x, ubuntu-22.04)	Build	2026-02-02T03:57:35.2269157Z [baseline-browser-mapping] The data in this module is over two months old.  To ensure accurate Baseline data, please update: `npm i baseline-browser-mapping@latest -D`
build (20.x, ubuntu-22.04)	Build	2026-02-02T03:57:35.2299098Z [baseline-browser-mapping] The data in this module is over two months old.  To ensure accurate Baseline data, please update: `npm i baseline-browser-mapping@latest -D`
build (20.x, ubuntu-22.04)	Build	2026-02-02T03:57:43.9917969Z Initial chunk files   | Names         |  Raw size | Estimated transfer size
build (20.x, ubuntu-22.04)	Build	2026-02-02T03:57:43.9918664Z main-HOG7U3B4.js      | main          |   1.09 MB |               229.57 kB
build (20.x, ubuntu-22.04)	Build	2026-02-02T03:57:43.9919199Z styles-SAPU4ZWI.css   | styles        | 340.55 kB |                33.08 kB
build (20.x, ubuntu-22.04)	Build	2026-02-02T03:57:43.9919711Z chunk-URYYZXBG.js     | -             | 259.52 kB |                71.95 kB
build (20.x, ubuntu-22.04)	Build	2026-02-02T03:57:43.9920265Z polyfills-A7OTD3MR.js | polyfills     |  34.98 kB |                11.46 kB
build (20.x, ubuntu-22.04)	Build	2026-02-02T03:57:43.9920840Z chunk-CN6RQS5N.js     | -             |   1.95 kB |               725 bytes
build (20.x, ubuntu-22.04)	Build	2026-02-02T03:57:43.9921350Z chunk-GJXV34AN.js     | -             |   1.39 kB |               412 bytes
build (20.x, ubuntu-22.04)	Build	2026-02-02T03:57:43.9921824Z chunk-TMC7WMLO.js     | -             | 830 bytes |               830 bytes
build (20.x, ubuntu-22.04)	Build	2026-02-02T03:57:43.9922804Z chunk-3UQV7AVI.js     | -             | 796 bytes |               796 bytes
build (20.x, ubuntu-22.04)	Build	2026-02-02T03:57:43.9923074Z 
build (20.x, ubuntu-22.04)	Build	2026-02-02T03:57:43.9923258Z                       | Initial total |   1.72 MB |               348.75 kB
build (20.x, ubuntu-22.04)	Build	2026-02-02T03:57:43.9923633Z 
build (20.x, ubuntu-22.04)	Build	2026-02-02T03:57:43.9929799Z Lazy chunk files      | Names         |  Raw size | Estimated transfer size
build (20.x, ubuntu-22.04)	Build	2026-02-02T03:57:43.9930711Z chunk-XFFKM35A.js     | index         |   2.32 kB |               766 bytes
build (20.x, ubuntu-22.04)	Build	2026-02-02T03:57:43.9931517Z chunk-IX7GBN7A.js     | browser       | 892 bytes |               892 bytes
build (20.x, ubuntu-22.04)	Build	2026-02-02T03:57:43.9932333Z chunk-WHR5LGAI.js     | index         | 870 bytes |               870 bytes
build (20.x, ubuntu-22.04)	Build	2026-02-02T03:57:43.9933152Z chunk-2SL47OKV.js     | index         | 163 bytes |               163 bytes
build (20.x, ubuntu-22.04)	Build	2026-02-02T03:57:43.9934195Z 
build (20.x, ubuntu-22.04)	Build	2026-02-02T03:57:43.9934617Z Output location: /home/runner/work/open-tv/open-tv/dist/open-tv
build (20.x, ubuntu-22.04)	Build	2026-02-02T03:57:43.9935055Z 
build (20.x, ubuntu-22.04)	Build	2026-02-02T03:57:43.9935416Z Application bundle generation complete. [14.741 seconds]
build (20.x, ubuntu-22.04)	Build	2026-02-02T03:57:43.9935804Z 
build (20.x, ubuntu-22.04)	Build	2026-02-02T03:57:44.8597792Z [1m[92m    Updating[0m crates.io index
build (20.x, ubuntu-22.04)	Build	2026-02-02T03:57:46.7186920Z [1m[92m   Compiling[0m open_tv v2.0.4 (/home/runner/work/open-tv/open-tv/src-tauri)
build (20.x, ubuntu-22.04)	Build	2026-02-02T03:57:52.6226498Z [1m[91merror[0m[1m: unused import: `anyhow::Context`[0m
build (20.x, ubuntu-22.04)	Build	2026-02-02T03:57:52.6242461Z ##[error]  [1m[94m--> [0msrc/lib.rs:22:5
build (20.x, ubuntu-22.04)	Build	2026-02-02T03:57:52.6249881Z    [1m[94m|[0m
build (20.x, ubuntu-22.04)	Build	2026-02-02T03:57:52.6250362Z [1m[94m22[0m [1m[94m|[0m use anyhow::Context;
build (20.x, ubuntu-22.04)	Build	2026-02-02T03:57:52.6250798Z    [1m[94m|[0m     [1m[91m^^^^^^^^^^^^^^^[0m
build (20.x, ubuntu-22.04)	Build	2026-02-02T03:57:52.6251100Z    [1m[94m|[0m
build (20.x, ubuntu-22.04)	Build	2026-02-02T03:57:52.6251490Z    [1m[94m= [0m[1mnote[0m: `-D unused-imports` implied by `-D warnings`
build (20.x, ubuntu-22.04)	Build	2026-02-02T03:57:52.6252103Z    [1m[94m= [0m[1mhelp[0m: to override `-D warnings` add `#[allow(unused_imports)]`
build (20.x, ubuntu-22.04)	Build	2026-02-02T03:57:52.6252408Z 
build (20.x, ubuntu-22.04)	Build	2026-02-02T03:57:52.6252674Z [1m[91merror[0m[1m: unused import: `Context`[0m
build (20.x, ubuntu-22.04)	Build	2026-02-02T03:57:52.6253375Z ##[error]  [1m[94m--> [0msrc/deps.rs:22:30
build (20.x, ubuntu-22.04)	Build	2026-02-02T03:57:52.6254351Z    [1m[94m|[0m
build (20.x, ubuntu-22.04)	Build	2026-02-02T03:57:52.6254823Z [1m[94m22[0m [1m[94m|[0m use anyhow::{Result, anyhow, Context};
build (20.x, ubuntu-22.04)	Build	2026-02-02T03:57:52.6255292Z    [1m[94m|[0m                              [1m[91m^^^^^^^[0m
build (20.x, ubuntu-22.04)	Build	2026-02-02T03:57:52.6255511Z 
build (20.x, ubuntu-22.04)	Build	2026-02-02T03:57:52.6255872Z [1m[91merror[0m[1m: unused import: `reqwest::header::USER_AGENT`[0m
build (20.x, ubuntu-22.04)	Build	2026-02-02T03:57:52.6256514Z ##[error]  [1m[94m--> [0msrc/deps.rs:24:5
build (20.x, ubuntu-22.04)	Build	2026-02-02T03:57:52.6257162Z    [1m[94m|[0m
build (20.x, ubuntu-22.04)	Build	2026-02-02T03:57:52.6257576Z [1m[94m24[0m [1m[94m|[0m use reqwest::header::USER_AGENT;
build (20.x, ubuntu-22.04)	Build	2026-02-02T03:57:52.6258010Z    [1m[94m|[0m     [1m[91m^^^^^^^^^^^^^^^^^^^^^^^^^^^[0m
build (20.x, ubuntu-22.04)	Build	2026-02-02T03:57:52.6258232Z 
build (20.x, ubuntu-22.04)	Build	2026-02-02T03:57:52.6258544Z [1m[91merror[0m[1m: unused import: `serde_json::Value`[0m
build (20.x, ubuntu-22.04)	Build	2026-02-02T03:57:52.6259092Z ##[error]  [1m[94m--> [0msrc/deps.rs:26:5
build (20.x, ubuntu-22.04)	Build	2026-02-02T03:57:52.6259740Z    [1m[94m|[0m
build (20.x, ubuntu-22.04)	Build	2026-02-02T03:57:52.6260111Z [1m[94m26[0m [1m[94m|[0m use serde_json::Value;
build (20.x, ubuntu-22.04)	Build	2026-02-02T03:57:52.6260487Z    [1m[94m|[0m     [1m[91m^^^^^^^^^^^^^^^^^[0m
build (20.x, ubuntu-22.04)	Build	2026-02-02T03:57:52.6260676Z 
build (20.x, ubuntu-22.04)	Build	2026-02-02T03:57:55.9435950Z [1m[91merror[0m[1m: function `download_file` is never used[0m
build (20.x, ubuntu-22.04)	Build	2026-02-02T03:57:55.9437689Z ##[error]   [1m[94m--> [0msrc/deps.rs:379:10
build (20.x, ubuntu-22.04)	Build	2026-02-02T03:57:55.9439252Z     [1m[94m|[0m
build (20.x, ubuntu-22.04)	Build	2026-02-02T03:57:55.9440265Z [1m[94m379[0m [1m[94m|[0m async fn download_file(app: AppHandle, display_name: &str, url: &str, dest: &Path) -> Result<()> {
build (20.x, ubuntu-22.04)	Build	2026-02-02T03:57:55.9441021Z     [1m[94m|[0m          [1m[91m^^^^^^^^^^^^^[0m
build (20.x, ubuntu-22.04)	Build	2026-02-02T03:57:55.9441385Z     [1m[94m|[0m
build (20.x, ubuntu-22.04)	Build	2026-02-02T03:57:55.9441804Z     [1m[94m= [0m[1mnote[0m: `-D dead-code` implied by `-D warnings`
build (20.x, ubuntu-22.04)	Build	2026-02-02T03:57:55.9442468Z     [1m[94m= [0m[1mhelp[0m: to override `-D warnings` add `#[allow(dead_code)]`
build (20.x, ubuntu-22.04)	Build	2026-02-02T03:57:55.9442817Z 
build (20.x, ubuntu-22.04)	Build	2026-02-02T03:57:56.1051611Z [1m[91merror[0m: could not compile `open_tv` (lib) due to 5 previous errors
build (20.x, ubuntu-22.04)	Build	2026-02-02T03:57:56.1420131Z failed to build app: failed to build app
build (20.x, ubuntu-22.04)	Build	2026-02-02T03:57:56.1421704Z        Error failed to build app: failed to build app
build (20.x, ubuntu-22.04)	Build	2026-02-02T03:57:56.1611335Z âELIFECYCLEâ Command failed with exit code 1.
build (20.x, ubuntu-22.04)	Build	2026-02-02T03:57:56.1768163Z ##[error]Process completed with exit code 1.
build (20.x, ubuntu-22.04)	Post Setup pnpm	ï»¿2026-02-02T03:57:56.1837661Z Post job cleanup.
build (20.x, ubuntu-22.04)	Post Setup pnpm	2026-02-02T03:57:56.2380488Z Pruning is unnecessary.
build (20.x, ubuntu-22.04)	Post Run actions-rust-lang/setup-rust-toolchain@v1	ï»¿2026-02-02T03:57:56.2579679Z Post job cleanup.
build (20.x, ubuntu-22.04)	Post Run actions-rust-lang/setup-rust-toolchain@v1	2026-02-02T03:57:56.2618385Z Post job cleanup.
build (20.x, ubuntu-22.04)	Post Run actions-rust-lang/setup-rust-toolchain@v1	2026-02-02T03:57:56.5218481Z Cache up-to-date.
build (20.x, ubuntu-22.04)	Post Run actions/checkout@v4	ï»¿2026-02-02T03:57:56.5395535Z Post job cleanup.
build (20.x, ubuntu-22.04)	Post Run actions/checkout@v4	2026-02-02T03:57:56.6394335Z [command]/usr/bin/git version
build (20.x, ubuntu-22.04)	Post Run actions/checkout@v4	2026-02-02T03:57:56.6445951Z git version 2.52.0
build (20.x, ubuntu-22.04)	Post Run actions/checkout@v4	2026-02-02T03:57:56.6492436Z Temporarily overriding HOME='/home/runner/work/_temp/763fc2a4-a15b-4d28-b30f-3aeadf805b58' before making global git config changes
build (20.x, ubuntu-22.04)	Post Run actions/checkout@v4	2026-02-02T03:57:56.6494265Z Adding repository directory to the temporary git global config as a safe directory
build (20.x, ubuntu-22.04)	Post Run actions/checkout@v4	2026-02-02T03:57:56.6507276Z [command]/usr/bin/git config --global --add safe.directory /home/runner/work/open-tv/open-tv
build (20.x, ubuntu-22.04)	Post Run actions/checkout@v4	2026-02-02T03:57:56.6545637Z [command]/usr/bin/git config --local --name-only --get-regexp core\.sshCommand
build (20.x, ubuntu-22.04)	Post Run actions/checkout@v4	2026-02-02T03:57:56.6579149Z [command]/usr/bin/git submodule foreach --recursive sh -c "git config --local --name-only --get-regexp 'core\.sshCommand' && git config --local --unset-all 'core.sshCommand' || :"
build (20.x, ubuntu-22.04)	Post Run actions/checkout@v4	2026-02-02T03:57:56.6805999Z fatal: No url found for submodule path '.agent' in .gitmodules
build (20.x, ubuntu-22.04)	Post Run actions/checkout@v4	2026-02-02T03:57:56.6851627Z ##[warning]The process '/usr/bin/git' failed with exit code 128
build (20.x, ubuntu-22.04)	Complete job	ï»¿2026-02-02T03:57:56.6939245Z Cleaning up orphan processes
